<?xml version="1.0" encoding="UTF-8"?>
<coverage generated="1750825497926" clover="3.2.0">
  <project timestamp="1750825497926" name="All files">
    <metrics statements="2826" coveredstatements="2538" conditionals="804" coveredconditionals="705" methods="574" coveredmethods="404" elements="4204" coveredelements="3647" complexity="0" loc="2826" ncloc="2826" packages="100" files="102" classes="102"/>
    <package name="parse">
      <metrics statements="3" coveredstatements="3" conditionals="0" coveredconditionals="0" methods="0" coveredmethods="0"/>
      <file name="index.ts" path="/Users/nathaniellaquis/link-parser/src/utils/parse/index.ts">
        <metrics statements="3" coveredstatements="3" conditionals="0" coveredconditionals="0" methods="0" coveredmethods="0"/>
        <line num="1" count="94" type="stmt"/>
        <line num="2" count="94" type="stmt"/>
        <line num="3" count="94" type="stmt"/>
      </file>
    </package>
    <package name="parse.core">
      <metrics statements="133" coveredstatements="133" conditionals="20" coveredconditionals="20" methods="3" coveredmethods="3"/>
      <file name="detector.ts" path="/Users/nathaniellaquis/link-parser/src/utils/parse/core/detector.ts">
        <metrics statements="7" coveredstatements="7" conditionals="1" coveredconditionals="1" methods="1" coveredmethods="1"/>
        <line num="2" count="94" type="stmt"/>
        <line num="8" count="94" type="stmt"/>
        <line num="9" count="726" type="stmt"/>
        <line num="10" count="726" type="stmt"/>
        <line num="11" count="39896" type="cond" truecount="1" falsecount="0"/>
        <line num="12" count="526" type="stmt"/>
        <line num="15" count="200" type="stmt"/>
      </file>
      <file name="parser.ts" path="/Users/nathaniellaquis/link-parser/src/utils/parse/core/parser.ts">
        <metrics statements="28" coveredstatements="28" conditionals="17" coveredconditionals="17" methods="1" coveredmethods="1"/>
        <line num="1" count="94" type="stmt"/>
        <line num="3" count="94" type="stmt"/>
        <line num="8" count="94" type="stmt"/>
        <line num="10" count="726" type="stmt"/>
        <line num="20" count="726" type="stmt"/>
        <line num="23" count="726" type="cond" truecount="2" falsecount="0"/>
        <line num="25" count="8" type="stmt"/>
        <line num="26" count="8" type="cond" truecount="1" falsecount="0"/>
        <line num="27" count="2" type="stmt"/>
        <line num="30" count="718" type="stmt"/>
        <line num="31" count="718" type="cond" truecount="1" falsecount="0"/>
        <line num="32" count="198" type="stmt"/>
        <line num="36" count="526" type="stmt"/>
        <line num="37" count="526" type="stmt"/>
        <line num="40" count="526" type="stmt"/>
        <line num="43" count="526" type="stmt"/>
        <line num="44" count="526" type="cond" truecount="1" falsecount="0"/>
        <line num="45" count="512" type="stmt"/>
        <line num="47" count="526" type="stmt"/>
        <line num="50" count="526" type="cond" truecount="3" falsecount="0"/>
        <line num="51" count="160" type="stmt"/>
        <line num="55" count="526" type="stmt"/>
        <line num="56" count="526" type="cond" truecount="1" falsecount="0"/>
        <line num="57" count="44" type="stmt"/>
        <line num="64" count="44" type="cond" truecount="1" falsecount="0"/>
        <line num="65" count="8" type="stmt"/>
        <line num="69" count="526" type="stmt"/>
        <line num="70" count="526" type="stmt"/>
      </file>
      <file name="types.ts" path="/Users/nathaniellaquis/link-parser/src/utils/parse/core/types.ts">
        <metrics statements="98" coveredstatements="98" conditionals="2" coveredconditionals="2" methods="1" coveredmethods="1"/>
        <line num="1" count="94" type="cond" truecount="2" falsecount="0"/>
        <line num="2" count="94" type="stmt"/>
        <line num="3" count="94" type="stmt"/>
        <line num="4" count="94" type="stmt"/>
        <line num="5" count="94" type="stmt"/>
        <line num="6" count="94" type="stmt"/>
        <line num="7" count="94" type="stmt"/>
        <line num="8" count="94" type="stmt"/>
        <line num="9" count="94" type="stmt"/>
        <line num="10" count="94" type="stmt"/>
        <line num="11" count="94" type="stmt"/>
        <line num="12" count="94" type="stmt"/>
        <line num="13" count="94" type="stmt"/>
        <line num="14" count="94" type="stmt"/>
        <line num="15" count="94" type="stmt"/>
        <line num="16" count="94" type="stmt"/>
        <line num="17" count="94" type="stmt"/>
        <line num="18" count="94" type="stmt"/>
        <line num="19" count="94" type="stmt"/>
        <line num="20" count="94" type="stmt"/>
        <line num="21" count="94" type="stmt"/>
        <line num="22" count="94" type="stmt"/>
        <line num="23" count="94" type="stmt"/>
        <line num="24" count="94" type="stmt"/>
        <line num="25" count="94" type="stmt"/>
        <line num="26" count="94" type="stmt"/>
        <line num="27" count="94" type="stmt"/>
        <line num="28" count="94" type="stmt"/>
        <line num="29" count="94" type="stmt"/>
        <line num="30" count="94" type="stmt"/>
        <line num="31" count="94" type="stmt"/>
        <line num="32" count="94" type="stmt"/>
        <line num="33" count="94" type="stmt"/>
        <line num="34" count="94" type="stmt"/>
        <line num="35" count="94" type="stmt"/>
        <line num="36" count="94" type="stmt"/>
        <line num="37" count="94" type="stmt"/>
        <line num="38" count="94" type="stmt"/>
        <line num="39" count="94" type="stmt"/>
        <line num="40" count="94" type="stmt"/>
        <line num="41" count="94" type="stmt"/>
        <line num="42" count="94" type="stmt"/>
        <line num="43" count="94" type="stmt"/>
        <line num="44" count="94" type="stmt"/>
        <line num="45" count="94" type="stmt"/>
        <line num="46" count="94" type="stmt"/>
        <line num="47" count="94" type="stmt"/>
        <line num="48" count="94" type="stmt"/>
        <line num="49" count="94" type="stmt"/>
        <line num="50" count="94" type="stmt"/>
        <line num="51" count="94" type="stmt"/>
        <line num="52" count="94" type="stmt"/>
        <line num="53" count="94" type="stmt"/>
        <line num="54" count="94" type="stmt"/>
        <line num="55" count="94" type="stmt"/>
        <line num="56" count="94" type="stmt"/>
        <line num="57" count="94" type="stmt"/>
        <line num="58" count="94" type="stmt"/>
        <line num="59" count="94" type="stmt"/>
        <line num="60" count="94" type="stmt"/>
        <line num="61" count="94" type="stmt"/>
        <line num="62" count="94" type="stmt"/>
        <line num="63" count="94" type="stmt"/>
        <line num="64" count="94" type="stmt"/>
        <line num="65" count="94" type="stmt"/>
        <line num="66" count="94" type="stmt"/>
        <line num="67" count="94" type="stmt"/>
        <line num="68" count="94" type="stmt"/>
        <line num="69" count="94" type="stmt"/>
        <line num="70" count="94" type="stmt"/>
        <line num="71" count="94" type="stmt"/>
        <line num="72" count="94" type="stmt"/>
        <line num="73" count="94" type="stmt"/>
        <line num="74" count="94" type="stmt"/>
        <line num="75" count="94" type="stmt"/>
        <line num="76" count="94" type="stmt"/>
        <line num="77" count="94" type="stmt"/>
        <line num="78" count="94" type="stmt"/>
        <line num="79" count="94" type="stmt"/>
        <line num="80" count="94" type="stmt"/>
        <line num="81" count="94" type="stmt"/>
        <line num="82" count="94" type="stmt"/>
        <line num="83" count="94" type="stmt"/>
        <line num="84" count="94" type="stmt"/>
        <line num="85" count="94" type="stmt"/>
        <line num="86" count="94" type="stmt"/>
        <line num="87" count="94" type="stmt"/>
        <line num="88" count="94" type="stmt"/>
        <line num="89" count="94" type="stmt"/>
        <line num="90" count="94" type="stmt"/>
        <line num="91" count="94" type="stmt"/>
        <line num="92" count="94" type="stmt"/>
        <line num="93" count="94" type="stmt"/>
        <line num="94" count="94" type="stmt"/>
        <line num="95" count="94" type="stmt"/>
        <line num="96" count="94" type="stmt"/>
        <line num="97" count="94" type="stmt"/>
        <line num="98" count="94" type="stmt"/>
      </file>
    </package>
    <package name="parse.platforms">
      <metrics statements="98" coveredstatements="98" conditionals="0" coveredconditionals="0" methods="0" coveredmethods="0"/>
      <file name="index.ts" path="/Users/nathaniellaquis/link-parser/src/utils/parse/platforms/index.ts">
        <metrics statements="98" coveredstatements="98" conditionals="0" coveredconditionals="0" methods="0" coveredmethods="0"/>
        <line num="1" count="94" type="stmt"/>
        <line num="4" count="94" type="stmt"/>
        <line num="5" count="94" type="stmt"/>
        <line num="6" count="94" type="stmt"/>
        <line num="7" count="94" type="stmt"/>
        <line num="8" count="94" type="stmt"/>
        <line num="9" count="94" type="stmt"/>
        <line num="10" count="94" type="stmt"/>
        <line num="11" count="94" type="stmt"/>
        <line num="12" count="94" type="stmt"/>
        <line num="13" count="94" type="stmt"/>
        <line num="14" count="94" type="stmt"/>
        <line num="15" count="94" type="stmt"/>
        <line num="16" count="94" type="stmt"/>
        <line num="17" count="94" type="stmt"/>
        <line num="18" count="94" type="stmt"/>
        <line num="19" count="94" type="stmt"/>
        <line num="20" count="94" type="stmt"/>
        <line num="21" count="94" type="stmt"/>
        <line num="22" count="94" type="stmt"/>
        <line num="23" count="94" type="stmt"/>
        <line num="24" count="94" type="stmt"/>
        <line num="25" count="94" type="stmt"/>
        <line num="26" count="94" type="stmt"/>
        <line num="27" count="94" type="stmt"/>
        <line num="28" count="94" type="stmt"/>
        <line num="29" count="94" type="stmt"/>
        <line num="30" count="94" type="stmt"/>
        <line num="31" count="94" type="stmt"/>
        <line num="32" count="94" type="stmt"/>
        <line num="33" count="94" type="stmt"/>
        <line num="34" count="94" type="stmt"/>
        <line num="35" count="94" type="stmt"/>
        <line num="36" count="94" type="stmt"/>
        <line num="37" count="94" type="stmt"/>
        <line num="38" count="94" type="stmt"/>
        <line num="39" count="94" type="stmt"/>
        <line num="40" count="94" type="stmt"/>
        <line num="41" count="94" type="stmt"/>
        <line num="42" count="94" type="stmt"/>
        <line num="43" count="94" type="stmt"/>
        <line num="44" count="94" type="stmt"/>
        <line num="45" count="94" type="stmt"/>
        <line num="46" count="94" type="stmt"/>
        <line num="47" count="94" type="stmt"/>
        <line num="48" count="94" type="stmt"/>
        <line num="49" count="94" type="stmt"/>
        <line num="50" count="94" type="stmt"/>
        <line num="51" count="94" type="stmt"/>
        <line num="52" count="94" type="stmt"/>
        <line num="53" count="94" type="stmt"/>
        <line num="54" count="94" type="stmt"/>
        <line num="55" count="94" type="stmt"/>
        <line num="56" count="94" type="stmt"/>
        <line num="57" count="94" type="stmt"/>
        <line num="58" count="94" type="stmt"/>
        <line num="59" count="94" type="stmt"/>
        <line num="60" count="94" type="stmt"/>
        <line num="61" count="94" type="stmt"/>
        <line num="62" count="94" type="stmt"/>
        <line num="63" count="94" type="stmt"/>
        <line num="64" count="94" type="stmt"/>
        <line num="65" count="94" type="stmt"/>
        <line num="66" count="94" type="stmt"/>
        <line num="67" count="94" type="stmt"/>
        <line num="68" count="94" type="stmt"/>
        <line num="69" count="94" type="stmt"/>
        <line num="70" count="94" type="stmt"/>
        <line num="71" count="94" type="stmt"/>
        <line num="72" count="94" type="stmt"/>
        <line num="73" count="94" type="stmt"/>
        <line num="74" count="94" type="stmt"/>
        <line num="75" count="94" type="stmt"/>
        <line num="76" count="94" type="stmt"/>
        <line num="77" count="94" type="stmt"/>
        <line num="78" count="94" type="stmt"/>
        <line num="79" count="94" type="stmt"/>
        <line num="80" count="94" type="stmt"/>
        <line num="81" count="94" type="stmt"/>
        <line num="82" count="94" type="stmt"/>
        <line num="83" count="94" type="stmt"/>
        <line num="84" count="94" type="stmt"/>
        <line num="85" count="94" type="stmt"/>
        <line num="86" count="94" type="stmt"/>
        <line num="87" count="94" type="stmt"/>
        <line num="88" count="94" type="stmt"/>
        <line num="89" count="94" type="stmt"/>
        <line num="90" count="94" type="stmt"/>
        <line num="91" count="94" type="stmt"/>
        <line num="92" count="94" type="stmt"/>
        <line num="93" count="94" type="stmt"/>
        <line num="94" count="94" type="stmt"/>
        <line num="95" count="94" type="stmt"/>
        <line num="96" count="94" type="stmt"/>
        <line num="97" count="94" type="stmt"/>
        <line num="98" count="94" type="stmt"/>
        <line num="99" count="94" type="stmt"/>
        <line num="102" count="94" type="stmt"/>
      </file>
    </package>
    <package name="parse.platforms.aliexpress">
      <metrics statements="14" coveredstatements="11" conditionals="3" coveredconditionals="3" methods="6" coveredmethods="3"/>
      <file name="index.ts" path="/Users/nathaniellaquis/link-parser/src/utils/parse/platforms/aliexpress/index.ts">
        <metrics statements="14" coveredstatements="11" conditionals="3" coveredconditionals="3" methods="6" coveredmethods="3"/>
        <line num="1" count="94" type="stmt"/>
        <line num="2" count="94" type="stmt"/>
        <line num="4" count="94" type="stmt"/>
        <line num="6" count="94" type="stmt"/>
        <line num="8" count="94" type="stmt"/>
        <line num="20" count="250" type="cond" truecount="2" falsecount="0"/>
        <line num="24" count="2" type="stmt"/>
        <line num="25" count="2" type="cond" truecount="1" falsecount="0"/>
        <line num="26" count="2" type="stmt"/>
        <line num="27" count="2" type="stmt"/>
        <line num="31" count="0" type="stmt"/>
        <line num="33" count="0" type="stmt"/>
        <line num="36" count="0" type="stmt"/>
        <line num="39" count="2" type="stmt"/>
      </file>
    </package>
    <package name="parse.platforms.amazon">
      <metrics statements="44" coveredstatements="32" conditionals="15" coveredconditionals="10" methods="6" coveredmethods="4"/>
      <file name="index.ts" path="/Users/nathaniellaquis/link-parser/src/utils/parse/platforms/amazon/index.ts">
        <metrics statements="44" coveredstatements="32" conditionals="15" coveredconditionals="10" methods="6" coveredmethods="4"/>
        <line num="1" count="94" type="stmt"/>
        <line num="2" count="94" type="stmt"/>
        <line num="4" count="94" type="stmt"/>
        <line num="23" count="744" type="cond" truecount="1" falsecount="0"/>
        <line num="26" count="28" type="cond" truecount="1" falsecount="0"/>
        <line num="27" count="24" type="cond" truecount="1" falsecount="0"/>
        <line num="28" count="20" type="cond" truecount="1" falsecount="0"/>
        <line num="29" count="16" type="cond" truecount="1" falsecount="0"/>
        <line num="30" count="12" type="cond" truecount="1" falsecount="0"/>
        <line num="32" count="10" type="stmt"/>
        <line num="37" count="8" type="stmt"/>
        <line num="38" count="8" type="cond" truecount="1" falsecount="0"/>
        <line num="39" count="2" type="stmt"/>
        <line num="40" count="2" type="stmt"/>
        <line num="41" count="2" type="stmt"/>
        <line num="45" count="6" type="stmt"/>
        <line num="46" count="6" type="cond" truecount="1" falsecount="0"/>
        <line num="47" count="2" type="stmt"/>
        <line num="48" count="2" type="stmt"/>
        <line num="49" count="2" type="stmt"/>
        <line num="53" count="4" type="stmt"/>
        <line num="54" count="4" type="cond" truecount="1" falsecount="0"/>
        <line num="55" count="2" type="stmt"/>
        <line num="56" count="2" type="stmt"/>
        <line num="57" count="2" type="stmt"/>
        <line num="61" count="2" type="stmt"/>
        <line num="62" count="2" type="cond" truecount="1" falsecount="0"/>
        <line num="63" count="2" type="stmt"/>
        <line num="64" count="2" type="stmt"/>
        <line num="65" count="2" type="stmt"/>
        <line num="69" count="0" type="stmt"/>
        <line num="70" count="0" type="cond" truecount="0" falsecount="1"/>
        <line num="71" count="0" type="stmt"/>
        <line num="72" count="0" type="stmt"/>
        <line num="73" count="0" type="stmt"/>
        <line num="74" count="0" type="stmt"/>
        <line num="79" count="0" type="stmt"/>
        <line num="83" count="4" type="stmt"/>
        <line num="87" count="0" type="cond" truecount="0" falsecount="4"/>
        <line num="89" count="0" type="stmt"/>
        <line num="91" count="0" type="stmt"/>
        <line num="93" count="0" type="stmt"/>
        <line num="95" count="0" type="stmt"/>
        <line num="100" count="16" type="stmt"/>
      </file>
    </package>
    <package name="parse.platforms.applemusic">
      <metrics statements="27" coveredstatements="26" conditionals="7" coveredconditionals="7" methods="5" coveredmethods="4"/>
      <file name="index.ts" path="/Users/nathaniellaquis/link-parser/src/utils/parse/platforms/applemusic/index.ts">
        <metrics statements="27" coveredstatements="26" conditionals="7" coveredconditionals="7" methods="5" coveredmethods="4"/>
        <line num="1" count="94" type="stmt"/>
        <line num="3" count="94" type="stmt"/>
        <line num="5" count="94" type="stmt"/>
        <line num="22" count="524" type="cond" truecount="1" falsecount="0"/>
        <line num="23" count="12" type="stmt"/>
        <line num="24" count="12" type="stmt"/>
        <line num="32" count="6" type="stmt"/>
        <line num="33" count="6" type="stmt"/>
        <line num="34" count="6" type="cond" truecount="1" falsecount="0"/>
        <line num="35" count="2" type="stmt"/>
        <line num="36" count="2" type="stmt"/>
        <line num="37" count="2" type="stmt"/>
        <line num="38" count="2" type="stmt"/>
        <line num="40" count="4" type="stmt"/>
        <line num="41" count="4" type="cond" truecount="1" falsecount="0"/>
        <line num="42" count="2" type="stmt"/>
        <line num="43" count="2" type="stmt"/>
        <line num="44" count="2" type="stmt"/>
        <line num="45" count="2" type="stmt"/>
        <line num="47" count="2" type="stmt"/>
        <line num="48" count="2" type="cond" truecount="1" falsecount="0"/>
        <line num="49" count="2" type="stmt"/>
        <line num="50" count="2" type="stmt"/>
        <line num="51" count="2" type="stmt"/>
        <line num="56" count="0" type="stmt"/>
        <line num="61" count="2" type="stmt"/>
        <line num="65" count="6" type="stmt"/>
      </file>
    </package>
    <package name="parse.platforms.artstation">
      <metrics statements="25" coveredstatements="23" conditionals="11" coveredconditionals="9" methods="6" coveredmethods="5"/>
      <file name="index.ts" path="/Users/nathaniellaquis/link-parser/src/utils/parse/platforms/artstation/index.ts">
        <metrics statements="25" coveredstatements="23" conditionals="11" coveredconditionals="9" methods="6" coveredmethods="5"/>
        <line num="1" count="94" type="stmt"/>
        <line num="2" count="94" type="stmt"/>
        <line num="4" count="94" type="stmt"/>
        <line num="6" count="94" type="stmt"/>
        <line num="7" count="94" type="stmt"/>
        <line num="8" count="94" type="stmt"/>
        <line num="10" count="94" type="stmt"/>
        <line num="27" count="274" type="cond" truecount="1" falsecount="0"/>
        <line num="28" count="8" type="cond" truecount="2" falsecount="1"/>
        <line num="32" count="4" type="cond" truecount="2" falsecount="0"/>
        <line num="33" count="4" type="cond" truecount="1" falsecount="0"/>
        <line num="34" count="2" type="stmt"/>
        <line num="35" count="2" type="stmt"/>
        <line num="36" count="2" type="stmt"/>
        <line num="37" count="2" type="stmt"/>
        <line num="39" count="2" type="stmt"/>
        <line num="40" count="2" type="cond" truecount="1" falsecount="0"/>
        <line num="41" count="2" type="stmt"/>
        <line num="42" count="2" type="stmt"/>
        <line num="43" count="2" type="stmt"/>
        <line num="48" count="0" type="stmt"/>
        <line num="52" count="4" type="stmt"/>
        <line num="56" count="2" type="cond" truecount="2" falsecount="1"/>
        <line num="57" count="0" type="stmt"/>
        <line num="61" count="4" type="stmt"/>
      </file>
    </package>
    <package name="parse.platforms.audiomack">
      <metrics statements="28" coveredstatements="27" conditionals="7" coveredconditionals="7" methods="5" coveredmethods="4"/>
      <file name="index.ts" path="/Users/nathaniellaquis/link-parser/src/utils/parse/platforms/audiomack/index.ts">
        <metrics statements="28" coveredstatements="27" conditionals="7" coveredconditionals="7" methods="5" coveredmethods="4"/>
        <line num="1" count="94" type="stmt"/>
        <line num="3" count="94" type="stmt"/>
        <line num="20" count="490" type="cond" truecount="1" falsecount="0"/>
        <line num="21" count="16" type="stmt"/>
        <line num="22" count="16" type="stmt"/>
        <line num="30" count="6" type="stmt"/>
        <line num="32" count="6" type="stmt"/>
        <line num="33" count="6" type="cond" truecount="1" falsecount="0"/>
        <line num="34" count="2" type="stmt"/>
        <line num="35" count="2" type="stmt"/>
        <line num="36" count="2" type="stmt"/>
        <line num="37" count="2" type="stmt"/>
        <line num="40" count="4" type="stmt"/>
        <line num="41" count="4" type="cond" truecount="1" falsecount="0"/>
        <line num="42" count="2" type="stmt"/>
        <line num="43" count="2" type="stmt"/>
        <line num="44" count="2" type="stmt"/>
        <line num="45" count="2" type="stmt"/>
        <line num="46" count="2" type="stmt"/>
        <line num="49" count="2" type="stmt"/>
        <line num="50" count="2" type="cond" truecount="1" falsecount="0"/>
        <line num="51" count="2" type="stmt"/>
        <line num="52" count="2" type="stmt"/>
        <line num="53" count="2" type="stmt"/>
        <line num="54" count="2" type="stmt"/>
        <line num="59" count="0" type="stmt"/>
        <line num="63" count="4" type="stmt"/>
        <line num="67" count="6" type="stmt"/>
      </file>
    </package>
    <package name="parse.platforms.audius">
      <metrics statements="26" coveredstatements="24" conditionals="6" coveredconditionals="6" methods="6" coveredmethods="5"/>
      <file name="index.ts" path="/Users/nathaniellaquis/link-parser/src/utils/parse/platforms/audius/index.ts">
        <metrics statements="26" coveredstatements="24" conditionals="6" coveredconditionals="6" methods="6" coveredmethods="5"/>
        <line num="1" count="94" type="stmt"/>
        <line num="2" count="94" type="stmt"/>
        <line num="4" count="94" type="stmt"/>
        <line num="5" count="94" type="stmt"/>
        <line num="7" count="94" type="stmt"/>
        <line num="8" count="94" type="stmt"/>
        <line num="10" count="94" type="stmt"/>
        <line num="26" count="266" type="cond" truecount="1" falsecount="0"/>
        <line num="27" count="8" type="cond" truecount="2" falsecount="0"/>
        <line num="31" count="4" type="stmt"/>
        <line num="32" count="4" type="cond" truecount="1" falsecount="0"/>
        <line num="33" count="2" type="stmt"/>
        <line num="34" count="2" type="stmt"/>
        <line num="35" count="2" type="stmt"/>
        <line num="36" count="2" type="stmt"/>
        <line num="37" count="2" type="stmt"/>
        <line num="39" count="2" type="stmt"/>
        <line num="40" count="2" type="cond" truecount="1" falsecount="0"/>
        <line num="41" count="2" type="stmt"/>
        <line num="42" count="2" type="stmt"/>
        <line num="43" count="2" type="stmt"/>
        <line num="48" count="0" type="stmt"/>
        <line num="52" count="4" type="stmt"/>
        <line num="56" count="2" type="cond" truecount="1" falsecount="0"/>
        <line num="57" count="0" type="stmt"/>
        <line num="61" count="4" type="stmt"/>
      </file>
    </package>
    <package name="parse.platforms.bandcamp">
      <metrics statements="30" coveredstatements="29" conditionals="7" coveredconditionals="7" methods="5" coveredmethods="4"/>
      <file name="index.ts" path="/Users/nathaniellaquis/link-parser/src/utils/parse/platforms/bandcamp/index.ts">
        <metrics statements="30" coveredstatements="29" conditionals="7" coveredconditionals="7" methods="5" coveredmethods="4"/>
        <line num="1" count="94" type="stmt"/>
        <line num="3" count="94" type="stmt"/>
        <line num="21" count="500" type="cond" truecount="1" falsecount="0"/>
        <line num="22" count="16" type="stmt"/>
        <line num="23" count="16" type="stmt"/>
        <line num="31" count="6" type="stmt"/>
        <line num="33" count="6" type="stmt"/>
        <line num="34" count="6" type="cond" truecount="1" falsecount="0"/>
        <line num="35" count="2" type="stmt"/>
        <line num="36" count="2" type="stmt"/>
        <line num="37" count="2" type="stmt"/>
        <line num="38" count="2" type="stmt"/>
        <line num="41" count="4" type="stmt"/>
        <line num="42" count="4" type="cond" truecount="1" falsecount="0"/>
        <line num="43" count="2" type="stmt"/>
        <line num="44" count="2" type="stmt"/>
        <line num="45" count="2" type="stmt"/>
        <line num="46" count="2" type="stmt"/>
        <line num="47" count="2" type="stmt"/>
        <line num="48" count="2" type="stmt"/>
        <line num="49" count="2" type="stmt"/>
        <line num="52" count="2" type="stmt"/>
        <line num="53" count="2" type="cond" truecount="1" falsecount="0"/>
        <line num="54" count="2" type="stmt"/>
        <line num="55" count="2" type="stmt"/>
        <line num="56" count="2" type="stmt"/>
        <line num="57" count="2" type="stmt"/>
        <line num="62" count="0" type="stmt"/>
        <line num="66" count="4" type="stmt"/>
        <line num="70" count="6" type="stmt"/>
      </file>
    </package>
    <package name="parse.platforms.bandlab">
      <metrics statements="25" coveredstatements="22" conditionals="6" coveredconditionals="5" methods="6" coveredmethods="4"/>
      <file name="index.ts" path="/Users/nathaniellaquis/link-parser/src/utils/parse/platforms/bandlab/index.ts">
        <metrics statements="25" coveredstatements="22" conditionals="6" coveredconditionals="5" methods="6" coveredmethods="4"/>
        <line num="1" count="94" type="stmt"/>
        <line num="2" count="94" type="stmt"/>
        <line num="4" count="94" type="stmt"/>
        <line num="6" count="94" type="stmt"/>
        <line num="7" count="94" type="stmt"/>
        <line num="9" count="94" type="stmt"/>
        <line num="25" count="256" type="cond" truecount="1" falsecount="0"/>
        <line num="26" count="8" type="cond" truecount="2" falsecount="0"/>
        <line num="30" count="4" type="stmt"/>
        <line num="31" count="4" type="cond" truecount="1" falsecount="0"/>
        <line num="32" count="2" type="stmt"/>
        <line num="33" count="2" type="stmt"/>
        <line num="34" count="2" type="stmt"/>
        <line num="35" count="2" type="stmt"/>
        <line num="36" count="2" type="stmt"/>
        <line num="38" count="2" type="stmt"/>
        <line num="39" count="2" type="cond" truecount="1" falsecount="0"/>
        <line num="40" count="2" type="stmt"/>
        <line num="41" count="2" type="stmt"/>
        <line num="42" count="2" type="stmt"/>
        <line num="47" count="0" type="stmt"/>
        <line num="51" count="2" type="stmt"/>
        <line num="55" count="0" type="cond" truecount="0" falsecount="1"/>
        <line num="56" count="0" type="stmt"/>
        <line num="60" count="4" type="stmt"/>
      </file>
    </package>
    <package name="parse.platforms.bandsintown">
      <metrics statements="20" coveredstatements="16" conditionals="6" coveredconditionals="5" methods="6" coveredmethods="3"/>
      <file name="index.ts" path="/Users/nathaniellaquis/link-parser/src/utils/parse/platforms/bandsintown/index.ts">
        <metrics statements="20" coveredstatements="16" conditionals="6" coveredconditionals="5" methods="6" coveredmethods="3"/>
        <line num="1" count="94" type="stmt"/>
        <line num="3" count="94" type="stmt"/>
        <line num="19" count="358" type="cond" truecount="1" falsecount="0"/>
        <line num="20" count="8" type="cond" truecount="2" falsecount="0"/>
        <line num="24" count="4" type="stmt"/>
        <line num="25" count="4" type="cond" truecount="1" falsecount="0"/>
        <line num="26" count="2" type="stmt"/>
        <line num="27" count="2" type="stmt"/>
        <line num="28" count="2" type="stmt"/>
        <line num="29" count="2" type="stmt"/>
        <line num="31" count="2" type="stmt"/>
        <line num="32" count="2" type="cond" truecount="1" falsecount="0"/>
        <line num="33" count="2" type="stmt"/>
        <line num="34" count="2" type="stmt"/>
        <line num="35" count="2" type="stmt"/>
        <line num="40" count="0" type="stmt"/>
        <line num="44" count="0" type="stmt"/>
        <line num="48" count="0" type="cond" truecount="0" falsecount="1"/>
        <line num="49" count="0" type="stmt"/>
        <line num="53" count="4" type="stmt"/>
      </file>
    </package>
    <package name="parse.platforms.beatport">
      <metrics statements="32" coveredstatements="28" conditionals="9" coveredconditionals="7" methods="6" coveredmethods="4"/>
      <file name="index.ts" path="/Users/nathaniellaquis/link-parser/src/utils/parse/platforms/beatport/index.ts">
        <metrics statements="32" coveredstatements="28" conditionals="9" coveredconditionals="7" methods="6" coveredmethods="4"/>
        <line num="1" count="94" type="stmt"/>
        <line num="2" count="94" type="stmt"/>
        <line num="4" count="94" type="stmt"/>
        <line num="6" count="94" type="stmt"/>
        <line num="7" count="94" type="stmt"/>
        <line num="8" count="94" type="stmt"/>
        <line num="10" count="94" type="stmt"/>
        <line num="27" count="264" type="cond" truecount="1" falsecount="0"/>
        <line num="28" count="12" type="cond" truecount="3" falsecount="0"/>
        <line num="32" count="6" type="stmt"/>
        <line num="33" count="6" type="cond" truecount="1" falsecount="0"/>
        <line num="34" count="2" type="stmt"/>
        <line num="35" count="2" type="stmt"/>
        <line num="36" count="2" type="stmt"/>
        <line num="37" count="2" type="stmt"/>
        <line num="39" count="4" type="stmt"/>
        <line num="40" count="4" type="cond" truecount="1" falsecount="0"/>
        <line num="41" count="2" type="stmt"/>
        <line num="42" count="2" type="stmt"/>
        <line num="43" count="2" type="stmt"/>
        <line num="45" count="2" type="stmt"/>
        <line num="46" count="2" type="cond" truecount="1" falsecount="0"/>
        <line num="47" count="2" type="stmt"/>
        <line num="48" count="2" type="stmt"/>
        <line num="49" count="2" type="stmt"/>
        <line num="50" count="2" type="stmt"/>
        <line num="55" count="0" type="stmt"/>
        <line num="59" count="4" type="stmt"/>
        <line num="63" count="0" type="cond" truecount="0" falsecount="1"/>
        <line num="64" count="0" type="cond" truecount="0" falsecount="1"/>
        <line num="65" count="0" type="stmt"/>
        <line num="69" count="6" type="stmt"/>
      </file>
    </package>
    <package name="parse.platforms.behance">
      <metrics statements="24" coveredstatements="22" conditionals="6" coveredconditionals="6" methods="6" coveredmethods="5"/>
      <file name="index.ts" path="/Users/nathaniellaquis/link-parser/src/utils/parse/platforms/behance/index.ts">
        <metrics statements="24" coveredstatements="22" conditionals="6" coveredconditionals="6" methods="6" coveredmethods="5"/>
        <line num="1" count="94" type="stmt"/>
        <line num="2" count="94" type="stmt"/>
        <line num="4" count="94" type="stmt"/>
        <line num="6" count="94" type="stmt"/>
        <line num="7" count="94" type="stmt"/>
        <line num="9" count="94" type="stmt"/>
        <line num="25" count="278" type="cond" truecount="1" falsecount="0"/>
        <line num="26" count="8" type="cond" truecount="2" falsecount="0"/>
        <line num="30" count="4" type="stmt"/>
        <line num="31" count="4" type="cond" truecount="1" falsecount="0"/>
        <line num="32" count="2" type="stmt"/>
        <line num="33" count="2" type="stmt"/>
        <line num="34" count="2" type="stmt"/>
        <line num="35" count="2" type="stmt"/>
        <line num="37" count="2" type="stmt"/>
        <line num="38" count="2" type="cond" truecount="1" falsecount="0"/>
        <line num="39" count="2" type="stmt"/>
        <line num="40" count="2" type="stmt"/>
        <line num="41" count="2" type="stmt"/>
        <line num="46" count="0" type="stmt"/>
        <line num="50" count="4" type="stmt"/>
        <line num="54" count="2" type="cond" truecount="1" falsecount="0"/>
        <line num="55" count="0" type="stmt"/>
        <line num="59" count="4" type="stmt"/>
      </file>
    </package>
    <package name="parse.platforms.bereal">
      <metrics statements="12" coveredstatements="11" conditionals="2" coveredconditionals="2" methods="5" coveredmethods="4"/>
      <file name="index.ts" path="/Users/nathaniellaquis/link-parser/src/utils/parse/platforms/bereal/index.ts">
        <metrics statements="12" coveredstatements="11" conditionals="2" coveredconditionals="2" methods="5" coveredmethods="4"/>
        <line num="1" count="94" type="stmt"/>
        <line num="3" count="94" type="stmt"/>
        <line num="16" count="408" type="cond" truecount="1" falsecount="0"/>
        <line num="17" count="8" type="stmt"/>
        <line num="21" count="2" type="stmt"/>
        <line num="22" count="2" type="cond" truecount="1" falsecount="0"/>
        <line num="23" count="2" type="stmt"/>
        <line num="24" count="2" type="stmt"/>
        <line num="25" count="2" type="stmt"/>
        <line num="30" count="0" type="stmt"/>
        <line num="34" count="4" type="stmt"/>
        <line num="38" count="2" type="stmt"/>
      </file>
    </package>
    <package name="parse.platforms.bilibili">
      <metrics statements="31" coveredstatements="29" conditionals="10" coveredconditionals="9" methods="6" coveredmethods="5"/>
      <file name="index.ts" path="/Users/nathaniellaquis/link-parser/src/utils/parse/platforms/bilibili/index.ts">
        <metrics statements="31" coveredstatements="29" conditionals="10" coveredconditionals="9" methods="6" coveredmethods="5"/>
        <line num="1" count="94" type="stmt"/>
        <line num="2" count="94" type="stmt"/>
        <line num="5" count="94" type="stmt"/>
        <line num="8" count="94" type="stmt"/>
        <line num="9" count="94" type="stmt"/>
        <line num="11" count="94" type="stmt"/>
        <line num="28" count="218" type="cond" truecount="1" falsecount="0"/>
        <line num="29" count="12" type="cond" truecount="3" falsecount="0"/>
        <line num="33" count="6" type="stmt"/>
        <line num="34" count="6" type="cond" truecount="1" falsecount="0"/>
        <line num="35" count="2" type="stmt"/>
        <line num="36" count="2" type="stmt"/>
        <line num="37" count="2" type="stmt"/>
        <line num="38" count="2" type="stmt"/>
        <line num="40" count="4" type="stmt"/>
        <line num="41" count="4" type="cond" truecount="1" falsecount="0"/>
        <line num="42" count="2" type="stmt"/>
        <line num="43" count="2" type="stmt"/>
        <line num="44" count="2" type="stmt"/>
        <line num="45" count="2" type="stmt"/>
        <line num="47" count="2" type="stmt"/>
        <line num="48" count="2" type="cond" truecount="1" falsecount="0"/>
        <line num="49" count="2" type="stmt"/>
        <line num="50" count="2" type="stmt"/>
        <line num="51" count="2" type="stmt"/>
        <line num="56" count="0" type="stmt"/>
        <line num="60" count="2" type="stmt"/>
        <line num="64" count="2" type="cond" truecount="1" falsecount="0"/>
        <line num="65" count="2" type="cond" truecount="1" falsecount="1"/>
        <line num="69" count="0" type="stmt"/>
        <line num="73" count="6" type="stmt"/>
      </file>
    </package>
    <package name="parse.platforms.bitbucket">
      <metrics statements="29" coveredstatements="28" conditionals="7" coveredconditionals="7" methods="5" coveredmethods="4"/>
      <file name="index.ts" path="/Users/nathaniellaquis/link-parser/src/utils/parse/platforms/bitbucket/index.ts">
        <metrics statements="29" coveredstatements="28" conditionals="7" coveredconditionals="7" methods="5" coveredmethods="4"/>
        <line num="1" count="94" type="stmt"/>
        <line num="3" count="94" type="stmt"/>
        <line num="17" count="732" type="cond" truecount="1" falsecount="0"/>
        <line num="20" count="20" type="cond" truecount="1" falsecount="0"/>
        <line num="21" count="14" type="cond" truecount="1" falsecount="0"/>
        <line num="22" count="10" type="cond" truecount="1" falsecount="0"/>
        <line num="24" count="6" type="stmt"/>
        <line num="29" count="6" type="stmt"/>
        <line num="30" count="6" type="cond" truecount="1" falsecount="0"/>
        <line num="31" count="2" type="stmt"/>
        <line num="32" count="2" type="stmt"/>
        <line num="33" count="2" type="stmt"/>
        <line num="34" count="2" type="stmt"/>
        <line num="35" count="2" type="stmt"/>
        <line num="39" count="4" type="stmt"/>
        <line num="40" count="4" type="cond" truecount="1" falsecount="0"/>
        <line num="41" count="2" type="stmt"/>
        <line num="42" count="2" type="stmt"/>
        <line num="43" count="2" type="stmt"/>
        <line num="44" count="2" type="stmt"/>
        <line num="45" count="2" type="stmt"/>
        <line num="49" count="2" type="stmt"/>
        <line num="50" count="2" type="cond" truecount="1" falsecount="0"/>
        <line num="51" count="2" type="stmt"/>
        <line num="52" count="2" type="stmt"/>
        <line num="53" count="2" type="stmt"/>
        <line num="58" count="0" type="stmt"/>
        <line num="62" count="4" type="stmt"/>
        <line num="66" count="12" type="stmt"/>
      </file>
    </package>
    <package name="parse.platforms.bitchute">
      <metrics statements="24" coveredstatements="22" conditionals="6" coveredconditionals="6" methods="6" coveredmethods="5"/>
      <file name="index.ts" path="/Users/nathaniellaquis/link-parser/src/utils/parse/platforms/bitchute/index.ts">
        <metrics statements="24" coveredstatements="22" conditionals="6" coveredconditionals="6" methods="6" coveredmethods="5"/>
        <line num="1" count="94" type="stmt"/>
        <line num="2" count="94" type="stmt"/>
        <line num="4" count="94" type="stmt"/>
        <line num="6" count="94" type="stmt"/>
        <line num="7" count="94" type="stmt"/>
        <line num="9" count="94" type="stmt"/>
        <line num="25" count="212" type="cond" truecount="1" falsecount="0"/>
        <line num="26" count="12" type="cond" truecount="2" falsecount="0"/>
        <line num="30" count="6" type="stmt"/>
        <line num="31" count="6" type="cond" truecount="1" falsecount="0"/>
        <line num="32" count="4" type="stmt"/>
        <line num="33" count="4" type="stmt"/>
        <line num="34" count="4" type="stmt"/>
        <line num="35" count="4" type="stmt"/>
        <line num="37" count="2" type="stmt"/>
        <line num="38" count="2" type="cond" truecount="1" falsecount="0"/>
        <line num="39" count="2" type="stmt"/>
        <line num="40" count="2" type="stmt"/>
        <line num="41" count="2" type="stmt"/>
        <line num="46" count="0" type="stmt"/>
        <line num="50" count="4" type="stmt"/>
        <line num="54" count="2" type="cond" truecount="1" falsecount="0"/>
        <line num="55" count="0" type="stmt"/>
        <line num="59" count="6" type="stmt"/>
      </file>
    </package>
    <package name="parse.platforms.bluesky">
      <metrics statements="22" coveredstatements="21" conditionals="10" coveredconditionals="8" methods="5" coveredmethods="4"/>
      <file name="index.ts" path="/Users/nathaniellaquis/link-parser/src/utils/parse/platforms/bluesky/index.ts">
        <metrics statements="22" coveredstatements="21" conditionals="10" coveredconditionals="8" methods="5" coveredmethods="4"/>
        <line num="1" count="94" type="stmt"/>
        <line num="3" count="94" type="stmt"/>
        <line num="15" count="726" type="cond" truecount="1" falsecount="0"/>
        <line num="18" count="20" type="cond" truecount="1" falsecount="0"/>
        <line num="19" count="14" type="stmt"/>
        <line num="22" count="6" type="stmt"/>
        <line num="26" count="6" type="stmt"/>
        <line num="27" count="6" type="cond" truecount="1" falsecount="0"/>
        <line num="28" count="2" type="stmt"/>
        <line num="29" count="2" type="stmt"/>
        <line num="30" count="2" type="stmt"/>
        <line num="31" count="2" type="stmt"/>
        <line num="32" count="2" type="stmt"/>
        <line num="36" count="4" type="stmt"/>
        <line num="37" count="4" type="cond" truecount="1" falsecount="0"/>
        <line num="38" count="4" type="stmt"/>
        <line num="39" count="4" type="stmt"/>
        <line num="40" count="4" type="stmt"/>
        <line num="45" count="0" type="cond" truecount="0" falsecount="2"/>
        <line num="49" count="6" type="cond" truecount="4" falsecount="0"/>
        <line num="50" count="6" type="stmt"/>
        <line num="52" count="12" type="stmt"/>
      </file>
    </package>
    <package name="parse.platforms.buymeacoffee">
      <metrics statements="23" coveredstatements="20" conditionals="6" coveredconditionals="5" methods="6" coveredmethods="4"/>
      <file name="index.ts" path="/Users/nathaniellaquis/link-parser/src/utils/parse/platforms/buymeacoffee/index.ts">
        <metrics statements="23" coveredstatements="20" conditionals="6" coveredconditionals="5" methods="6" coveredmethods="4"/>
        <line num="1" count="94" type="stmt"/>
        <line num="2" count="94" type="stmt"/>
        <line num="4" count="94" type="stmt"/>
        <line num="6" count="94" type="stmt"/>
        <line num="7" count="94" type="stmt"/>
        <line num="9" count="94" type="stmt"/>
        <line num="25" count="240" type="cond" truecount="1" falsecount="0"/>
        <line num="26" count="8" type="cond" truecount="2" falsecount="0"/>
        <line num="30" count="4" type="stmt"/>
        <line num="31" count="4" type="cond" truecount="1" falsecount="0"/>
        <line num="32" count="2" type="stmt"/>
        <line num="33" count="2" type="stmt"/>
        <line num="34" count="2" type="stmt"/>
        <line num="36" count="2" type="stmt"/>
        <line num="37" count="2" type="cond" truecount="1" falsecount="0"/>
        <line num="38" count="2" type="stmt"/>
        <line num="39" count="2" type="stmt"/>
        <line num="40" count="2" type="stmt"/>
        <line num="45" count="0" type="stmt"/>
        <line num="49" count="2" type="stmt"/>
        <line num="53" count="0" type="cond" truecount="0" falsecount="1"/>
        <line num="54" count="0" type="stmt"/>
        <line num="58" count="4" type="stmt"/>
      </file>
    </package>
    <package name="parse.platforms.calendly">
      <metrics statements="22" coveredstatements="19" conditionals="6" coveredconditionals="5" methods="6" coveredmethods="4"/>
      <file name="index.ts" path="/Users/nathaniellaquis/link-parser/src/utils/parse/platforms/calendly/index.ts">
        <metrics statements="22" coveredstatements="19" conditionals="6" coveredconditionals="5" methods="6" coveredmethods="4"/>
        <line num="1" count="94" type="stmt"/>
        <line num="3" count="94" type="stmt"/>
        <line num="19" count="340" type="cond" truecount="1" falsecount="0"/>
        <line num="20" count="8" type="stmt"/>
        <line num="21" count="8" type="cond" truecount="2" falsecount="0"/>
        <line num="25" count="4" type="stmt"/>
        <line num="26" count="4" type="cond" truecount="1" falsecount="0"/>
        <line num="27" count="2" type="stmt"/>
        <line num="28" count="2" type="stmt"/>
        <line num="29" count="2" type="stmt"/>
        <line num="30" count="2" type="stmt"/>
        <line num="31" count="2" type="stmt"/>
        <line num="33" count="2" type="stmt"/>
        <line num="34" count="2" type="cond" truecount="1" falsecount="0"/>
        <line num="35" count="2" type="stmt"/>
        <line num="36" count="2" type="stmt"/>
        <line num="37" count="2" type="stmt"/>
        <line num="42" count="0" type="stmt"/>
        <line num="46" count="2" type="stmt"/>
        <line num="50" count="0" type="cond" truecount="0" falsecount="1"/>
        <line num="51" count="0" type="stmt"/>
        <line num="55" count="4" type="stmt"/>
      </file>
    </package>
    <package name="parse.platforms.cameo">
      <metrics statements="20" coveredstatements="19" conditionals="5" coveredconditionals="5" methods="5" coveredmethods="4"/>
      <file name="index.ts" path="/Users/nathaniellaquis/link-parser/src/utils/parse/platforms/cameo/index.ts">
        <metrics statements="20" coveredstatements="19" conditionals="5" coveredconditionals="5" methods="5" coveredmethods="4"/>
        <line num="1" count="94" type="stmt"/>
        <line num="3" count="94" type="stmt"/>
        <line num="19" count="530" type="cond" truecount="1" falsecount="0"/>
        <line num="20" count="12" type="stmt"/>
        <line num="21" count="12" type="cond" truecount="2" falsecount="0"/>
        <line num="25" count="4" type="stmt"/>
        <line num="26" count="4" type="stmt"/>
        <line num="27" count="4" type="cond" truecount="1" falsecount="0"/>
        <line num="28" count="2" type="stmt"/>
        <line num="29" count="2" type="stmt"/>
        <line num="30" count="2" type="stmt"/>
        <line num="31" count="2" type="stmt"/>
        <line num="33" count="2" type="stmt"/>
        <line num="34" count="2" type="cond" truecount="1" falsecount="0"/>
        <line num="35" count="2" type="stmt"/>
        <line num="36" count="2" type="stmt"/>
        <line num="37" count="2" type="stmt"/>
        <line num="42" count="0" type="stmt"/>
        <line num="46" count="4" type="stmt"/>
        <line num="50" count="4" type="stmt"/>
      </file>
    </package>
    <package name="parse.platforms.cashapp">
      <metrics statements="29" coveredstatements="28" conditionals="7" coveredconditionals="7" methods="5" coveredmethods="4"/>
      <file name="index.ts" path="/Users/nathaniellaquis/link-parser/src/utils/parse/platforms/cashapp/index.ts">
        <metrics statements="29" coveredstatements="28" conditionals="7" coveredconditionals="7" methods="5" coveredmethods="4"/>
        <line num="1" count="94" type="stmt"/>
        <line num="3" count="94" type="stmt"/>
        <line num="20" count="550" type="cond" truecount="1" falsecount="0"/>
        <line num="21" count="16" type="cond" truecount="1" falsecount="0"/>
        <line num="22" count="10" type="cond" truecount="1" falsecount="0"/>
        <line num="23" count="6" type="cond" truecount="1" falsecount="0"/>
        <line num="24" count="2" type="stmt"/>
        <line num="29" count="6" type="stmt"/>
        <line num="30" count="6" type="cond" truecount="1" falsecount="0"/>
        <line num="31" count="2" type="stmt"/>
        <line num="32" count="2" type="stmt"/>
        <line num="33" count="2" type="stmt"/>
        <line num="34" count="2" type="stmt"/>
        <line num="35" count="2" type="stmt"/>
        <line num="38" count="4" type="stmt"/>
        <line num="39" count="4" type="cond" truecount="1" falsecount="0"/>
        <line num="40" count="2" type="stmt"/>
        <line num="41" count="2" type="stmt"/>
        <line num="42" count="2" type="stmt"/>
        <line num="43" count="2" type="stmt"/>
        <line num="44" count="2" type="stmt"/>
        <line num="47" count="2" type="stmt"/>
        <line num="48" count="2" type="cond" truecount="1" falsecount="0"/>
        <line num="49" count="2" type="stmt"/>
        <line num="50" count="2" type="stmt"/>
        <line num="51" count="2" type="stmt"/>
        <line num="56" count="0" type="stmt"/>
        <line num="60" count="4" type="stmt"/>
        <line num="64" count="6" type="stmt"/>
      </file>
    </package>
    <package name="parse.platforms.clubhouse">
      <metrics statements="28" coveredstatements="26" conditionals="9" coveredconditionals="9" methods="6" coveredmethods="5"/>
      <file name="index.ts" path="/Users/nathaniellaquis/link-parser/src/utils/parse/platforms/clubhouse/index.ts">
        <metrics statements="28" coveredstatements="26" conditionals="9" coveredconditionals="9" methods="6" coveredmethods="5"/>
        <line num="1" count="94" type="stmt"/>
        <line num="3" count="94" type="stmt"/>
        <line num="20" count="402" type="cond" truecount="1" falsecount="0"/>
        <line num="21" count="16" type="stmt"/>
        <line num="22" count="16" type="stmt"/>
        <line num="30" count="6" type="stmt"/>
        <line num="31" count="6" type="cond" truecount="1" falsecount="0"/>
        <line num="32" count="2" type="stmt"/>
        <line num="33" count="2" type="stmt"/>
        <line num="34" count="2" type="stmt"/>
        <line num="35" count="2" type="stmt"/>
        <line num="37" count="4" type="stmt"/>
        <line num="38" count="4" type="cond" truecount="1" falsecount="0"/>
        <line num="39" count="2" type="stmt"/>
        <line num="40" count="2" type="stmt"/>
        <line num="41" count="2" type="stmt"/>
        <line num="42" count="2" type="stmt"/>
        <line num="44" count="2" type="stmt"/>
        <line num="45" count="2" type="cond" truecount="1" falsecount="0"/>
        <line num="46" count="2" type="stmt"/>
        <line num="47" count="2" type="stmt"/>
        <line num="48" count="2" type="stmt"/>
        <line num="53" count="0" type="stmt"/>
        <line num="57" count="4" type="stmt"/>
        <line num="61" count="4" type="cond" truecount="1" falsecount="0"/>
        <line num="62" count="2" type="cond" truecount="1" falsecount="0"/>
        <line num="63" count="0" type="stmt"/>
        <line num="67" count="6" type="stmt"/>
      </file>
    </package>
    <package name="parse.platforms.coinbasecommerce">
      <metrics statements="11" coveredstatements="8" conditionals="3" coveredconditionals="3" methods="6" coveredmethods="3"/>
      <file name="index.ts" path="/Users/nathaniellaquis/link-parser/src/utils/parse/platforms/coinbasecommerce/index.ts">
        <metrics statements="11" coveredstatements="8" conditionals="3" coveredconditionals="3" methods="6" coveredmethods="3"/>
        <line num="1" count="94" type="stmt"/>
        <line num="2" count="94" type="stmt"/>
        <line num="4" count="94" type="stmt"/>
        <line num="5" count="94" type="stmt"/>
        <line num="7" count="94" type="stmt"/>
        <line num="15" count="234" type="cond" truecount="2" falsecount="0"/>
        <line num="16" count="2" type="cond" truecount="1" falsecount="0"/>
        <line num="17" count="0" type="stmt"/>
        <line num="18" count="0" type="stmt"/>
        <line num="19" count="0" type="stmt"/>
        <line num="20" count="2" type="stmt"/>
      </file>
    </package>
    <package name="parse.platforms.dailymotion">
      <metrics statements="20" coveredstatements="19" conditionals="7" coveredconditionals="7" methods="5" coveredmethods="4"/>
      <file name="index.ts" path="/Users/nathaniellaquis/link-parser/src/utils/parse/platforms/dailymotion/index.ts">
        <metrics statements="20" coveredstatements="19" conditionals="7" coveredconditionals="7" methods="5" coveredmethods="4"/>
        <line num="1" count="94" type="stmt"/>
        <line num="3" count="94" type="stmt"/>
        <line num="19" count="482" type="cond" truecount="3" falsecount="0"/>
        <line num="20" count="12" type="stmt"/>
        <line num="21" count="12" type="cond" truecount="2" falsecount="0"/>
        <line num="25" count="4" type="stmt"/>
        <line num="26" count="4" type="stmt"/>
        <line num="27" count="4" type="cond" truecount="1" falsecount="0"/>
        <line num="28" count="2" type="stmt"/>
        <line num="29" count="2" type="stmt"/>
        <line num="30" count="2" type="stmt"/>
        <line num="31" count="2" type="stmt"/>
        <line num="33" count="2" type="stmt"/>
        <line num="34" count="2" type="cond" truecount="1" falsecount="0"/>
        <line num="35" count="2" type="stmt"/>
        <line num="36" count="2" type="stmt"/>
        <line num="37" count="2" type="stmt"/>
        <line num="42" count="0" type="stmt"/>
        <line num="46" count="4" type="stmt"/>
        <line num="50" count="4" type="stmt"/>
      </file>
    </package>
    <package name="parse.platforms.deezer">
      <metrics statements="34" coveredstatements="33" conditionals="9" coveredconditionals="9" methods="5" coveredmethods="4"/>
      <file name="index.ts" path="/Users/nathaniellaquis/link-parser/src/utils/parse/platforms/deezer/index.ts">
        <metrics statements="34" coveredstatements="33" conditionals="9" coveredconditionals="9" methods="5" coveredmethods="4"/>
        <line num="1" count="94" type="stmt"/>
        <line num="3" count="94" type="stmt"/>
        <line num="4" count="94" type="stmt"/>
        <line num="6" count="94" type="stmt"/>
        <line num="24" count="520" type="cond" truecount="1" falsecount="0"/>
        <line num="25" count="16" type="stmt"/>
        <line num="26" count="16" type="stmt"/>
        <line num="35" count="8" type="stmt"/>
        <line num="36" count="8" type="stmt"/>
        <line num="37" count="8" type="cond" truecount="1" falsecount="0"/>
        <line num="38" count="2" type="stmt"/>
        <line num="39" count="2" type="stmt"/>
        <line num="40" count="2" type="stmt"/>
        <line num="41" count="2" type="stmt"/>
        <line num="43" count="6" type="stmt"/>
        <line num="44" count="6" type="cond" truecount="1" falsecount="0"/>
        <line num="45" count="2" type="stmt"/>
        <line num="46" count="2" type="stmt"/>
        <line num="47" count="2" type="stmt"/>
        <line num="48" count="2" type="stmt"/>
        <line num="50" count="4" type="stmt"/>
        <line num="51" count="4" type="cond" truecount="1" falsecount="0"/>
        <line num="52" count="2" type="stmt"/>
        <line num="53" count="2" type="stmt"/>
        <line num="54" count="2" type="stmt"/>
        <line num="55" count="2" type="stmt"/>
        <line num="57" count="2" type="stmt"/>
        <line num="58" count="2" type="cond" truecount="1" falsecount="0"/>
        <line num="59" count="2" type="stmt"/>
        <line num="60" count="2" type="stmt"/>
        <line num="61" count="2" type="stmt"/>
        <line num="66" count="0" type="stmt"/>
        <line num="70" count="2" type="stmt"/>
        <line num="74" count="8" type="stmt"/>
      </file>
    </package>
    <package name="parse.platforms.devto">
      <metrics statements="25" coveredstatements="22" conditionals="6" coveredconditionals="5" methods="6" coveredmethods="4"/>
      <file name="index.ts" path="/Users/nathaniellaquis/link-parser/src/utils/parse/platforms/devto/index.ts">
        <metrics statements="25" coveredstatements="22" conditionals="6" coveredconditionals="5" methods="6" coveredmethods="4"/>
        <line num="1" count="94" type="stmt"/>
        <line num="2" count="94" type="stmt"/>
        <line num="4" count="94" type="stmt"/>
        <line num="6" count="94" type="stmt"/>
        <line num="8" count="94" type="stmt"/>
        <line num="10" count="94" type="stmt"/>
        <line num="26" count="306" type="cond" truecount="1" falsecount="0"/>
        <line num="27" count="8" type="cond" truecount="2" falsecount="0"/>
        <line num="31" count="4" type="stmt"/>
        <line num="32" count="4" type="cond" truecount="1" falsecount="0"/>
        <line num="33" count="2" type="stmt"/>
        <line num="34" count="2" type="stmt"/>
        <line num="35" count="2" type="stmt"/>
        <line num="36" count="2" type="stmt"/>
        <line num="37" count="2" type="stmt"/>
        <line num="39" count="2" type="stmt"/>
        <line num="40" count="2" type="cond" truecount="1" falsecount="0"/>
        <line num="41" count="2" type="stmt"/>
        <line num="42" count="2" type="stmt"/>
        <line num="43" count="2" type="stmt"/>
        <line num="48" count="0" type="stmt"/>
        <line num="52" count="4" type="stmt"/>
        <line num="56" count="0" type="cond" truecount="0" falsecount="1"/>
        <line num="57" count="0" type="stmt"/>
        <line num="61" count="4" type="stmt"/>
      </file>
    </package>
    <package name="parse.platforms.discord">
      <metrics statements="43" coveredstatements="35" conditionals="12" coveredconditionals="9" methods="7" coveredmethods="5"/>
      <file name="index.ts" path="/Users/nathaniellaquis/link-parser/src/utils/parse/platforms/discord/index.ts">
        <metrics statements="43" coveredstatements="35" conditionals="12" coveredconditionals="9" methods="7" coveredmethods="5"/>
        <line num="1" count="94" type="stmt"/>
        <line num="2" count="94" type="stmt"/>
        <line num="4" count="94" type="stmt"/>
        <line num="23" count="2134" type="cond" truecount="1" falsecount="0"/>
        <line num="26" count="26" type="cond" truecount="1" falsecount="0"/>
        <line num="27" count="22" type="cond" truecount="1" falsecount="0"/>
        <line num="28" count="18" type="cond" truecount="0" falsecount="1"/>
        <line num="29" count="18" type="cond" truecount="1" falsecount="0"/>
        <line num="30" count="14" type="cond" truecount="1" falsecount="0"/>
        <line num="32" count="8" type="stmt"/>
        <line num="37" count="8" type="stmt"/>
        <line num="38" count="8" type="cond" truecount="1" falsecount="0"/>
        <line num="39" count="2" type="stmt"/>
        <line num="40" count="2" type="stmt"/>
        <line num="41" count="2" type="stmt"/>
        <line num="45" count="6" type="stmt"/>
        <line num="46" count="6" type="cond" truecount="1" falsecount="0"/>
        <line num="47" count="2" type="stmt"/>
        <line num="48" count="2" type="stmt"/>
        <line num="49" count="2" type="stmt"/>
        <line num="53" count="4" type="stmt"/>
        <line num="54" count="4" type="cond" truecount="0" falsecount="1"/>
        <line num="55" count="0" type="stmt"/>
        <line num="56" count="0" type="stmt"/>
        <line num="57" count="0" type="stmt"/>
        <line num="58" count="0" type="stmt"/>
        <line num="62" count="4" type="stmt"/>
        <line num="63" count="4" type="cond" truecount="1" falsecount="0"/>
        <line num="64" count="2" type="stmt"/>
        <line num="65" count="2" type="stmt"/>
        <line num="66" count="2" type="stmt"/>
        <line num="70" count="2" type="stmt"/>
        <line num="71" count="2" type="cond" truecount="1" falsecount="0"/>
        <line num="72" count="2" type="stmt"/>
        <line num="73" count="2" type="stmt"/>
        <line num="74" count="2" type="stmt"/>
        <line num="75" count="2" type="stmt"/>
        <line num="80" count="0" type="stmt"/>
        <line num="84" count="2" type="stmt"/>
        <line num="88" count="0" type="cond" truecount="0" falsecount="1"/>
        <line num="89" count="0" type="stmt"/>
        <line num="91" count="0" type="stmt"/>
        <line num="95" count="16" type="stmt"/>
      </file>
    </package>
    <package name="parse.platforms.dispo">
      <metrics statements="22" coveredstatements="20" conditionals="6" coveredconditionals="6" methods="6" coveredmethods="5"/>
      <file name="index.ts" path="/Users/nathaniellaquis/link-parser/src/utils/parse/platforms/dispo/index.ts">
        <metrics statements="22" coveredstatements="20" conditionals="6" coveredconditionals="6" methods="6" coveredmethods="5"/>
        <line num="1" count="94" type="stmt"/>
        <line num="3" count="94" type="stmt"/>
        <line num="19" count="404" type="cond" truecount="1" falsecount="0"/>
        <line num="20" count="12" type="stmt"/>
        <line num="21" count="12" type="cond" truecount="2" falsecount="0"/>
        <line num="25" count="4" type="stmt"/>
        <line num="26" count="4" type="cond" truecount="1" falsecount="0"/>
        <line num="27" count="2" type="stmt"/>
        <line num="28" count="2" type="stmt"/>
        <line num="29" count="2" type="stmt"/>
        <line num="30" count="2" type="stmt"/>
        <line num="32" count="2" type="stmt"/>
        <line num="33" count="2" type="cond" truecount="1" falsecount="0"/>
        <line num="34" count="2" type="stmt"/>
        <line num="35" count="2" type="stmt"/>
        <line num="36" count="2" type="stmt"/>
        <line num="41" count="0" type="stmt"/>
        <line num="45" count="4" type="stmt"/>
        <line num="49" count="2" type="cond" truecount="1" falsecount="0"/>
        <line num="50" count="2" type="stmt"/>
        <line num="52" count="0" type="stmt"/>
        <line num="56" count="4" type="stmt"/>
      </file>
    </package>
    <package name="parse.platforms.dribbble">
      <metrics statements="24" coveredstatements="22" conditionals="6" coveredconditionals="6" methods="6" coveredmethods="5"/>
      <file name="index.ts" path="/Users/nathaniellaquis/link-parser/src/utils/parse/platforms/dribbble/index.ts">
        <metrics statements="24" coveredstatements="22" conditionals="6" coveredconditionals="6" methods="6" coveredmethods="5"/>
        <line num="1" count="94" type="stmt"/>
        <line num="2" count="94" type="stmt"/>
        <line num="4" count="94" type="stmt"/>
        <line num="6" count="94" type="stmt"/>
        <line num="7" count="94" type="stmt"/>
        <line num="9" count="94" type="stmt"/>
        <line num="25" count="282" type="cond" truecount="1" falsecount="0"/>
        <line num="26" count="8" type="cond" truecount="2" falsecount="0"/>
        <line num="30" count="4" type="stmt"/>
        <line num="31" count="4" type="cond" truecount="1" falsecount="0"/>
        <line num="32" count="2" type="stmt"/>
        <line num="33" count="2" type="stmt"/>
        <line num="34" count="2" type="stmt"/>
        <line num="35" count="2" type="stmt"/>
        <line num="37" count="2" type="stmt"/>
        <line num="38" count="2" type="cond" truecount="1" falsecount="0"/>
        <line num="39" count="2" type="stmt"/>
        <line num="40" count="2" type="stmt"/>
        <line num="41" count="2" type="stmt"/>
        <line num="46" count="0" type="stmt"/>
        <line num="50" count="4" type="stmt"/>
        <line num="54" count="2" type="cond" truecount="1" falsecount="0"/>
        <line num="55" count="0" type="stmt"/>
        <line num="59" count="4" type="stmt"/>
      </file>
    </package>
    <package name="parse.platforms.ebay">
      <metrics statements="17" coveredstatements="13" conditionals="7" coveredconditionals="4" methods="6" coveredmethods="3"/>
      <file name="index.ts" path="/Users/nathaniellaquis/link-parser/src/utils/parse/platforms/ebay/index.ts">
        <metrics statements="17" coveredstatements="13" conditionals="7" coveredconditionals="4" methods="6" coveredmethods="3"/>
        <line num="1" count="94" type="stmt"/>
        <line num="2" count="94" type="stmt"/>
        <line num="4" count="94" type="stmt"/>
        <line num="6" count="94" type="stmt"/>
        <line num="7" count="94" type="stmt"/>
        <line num="9" count="94" type="stmt"/>
        <line num="26" count="246" type="cond" truecount="1" falsecount="0"/>
        <line num="27" count="4" type="cond" truecount="1" falsecount="1"/>
        <line num="31" count="2" type="cond" truecount="1" falsecount="1"/>
        <line num="32" count="2" type="cond" truecount="1" falsecount="0"/>
        <line num="33" count="2" type="stmt"/>
        <line num="34" count="2" type="stmt"/>
        <line num="39" count="0" type="stmt"/>
        <line num="43" count="0" type="stmt"/>
        <line num="47" count="0" type="cond" truecount="0" falsecount="1"/>
        <line num="48" count="0" type="stmt"/>
        <line num="52" count="2" type="stmt"/>
      </file>
    </package>
    <package name="parse.platforms.email">
      <metrics statements="19" coveredstatements="18" conditionals="5" coveredconditionals="5" methods="5" coveredmethods="4"/>
      <file name="index.ts" path="/Users/nathaniellaquis/link-parser/src/utils/parse/platforms/email/index.ts">
        <metrics statements="19" coveredstatements="18" conditionals="5" coveredconditionals="5" methods="5" coveredmethods="4"/>
        <line num="1" count="94" type="stmt"/>
        <line num="3" count="94" type="stmt"/>
        <line num="5" count="94" type="stmt"/>
        <line num="14" count="712" type="cond" truecount="1" falsecount="0"/>
        <line num="15" count="12" type="stmt"/>
        <line num="16" count="12" type="stmt"/>
        <line num="18" count="700" type="stmt"/>
        <line num="21" count="6" type="stmt"/>
        <line num="22" count="6" type="cond" truecount="1" falsecount="0"/>
        <line num="23" count="4" type="stmt"/>
        <line num="26" count="6" type="cond" truecount="1" falsecount="0"/>
        <line num="27" count="6" type="stmt"/>
        <line num="28" count="6" type="stmt"/>
        <line num="29" count="6" type="stmt"/>
        <line num="30" count="6" type="stmt"/>
        <line num="34" count="0" type="stmt"/>
        <line num="37" count="8" type="stmt"/>
        <line num="40" count="12" type="cond" truecount="2" falsecount="0"/>
        <line num="41" count="12" type="stmt"/>
      </file>
    </package>
    <package name="parse.platforms.etherscan">
      <metrics statements="11" coveredstatements="6" conditionals="8" coveredconditionals="1" methods="6" coveredmethods="1"/>
      <file name="index.ts" path="/Users/nathaniellaquis/link-parser/src/utils/parse/platforms/etherscan/index.ts">
        <metrics statements="11" coveredstatements="6" conditionals="8" coveredconditionals="1" methods="6" coveredmethods="1"/>
        <line num="1" count="94" type="stmt"/>
        <line num="2" count="94" type="stmt"/>
        <line num="4" count="94" type="stmt"/>
        <line num="5" count="94" type="stmt"/>
        <line num="7" count="94" type="stmt"/>
        <line num="14" count="224" type="cond" truecount="1" falsecount="2"/>
        <line num="15" count="0" type="cond" truecount="0" falsecount="2"/>
        <line num="16" count="0" type="stmt"/>
        <line num="17" count="0" type="stmt"/>
        <line num="18" count="0" type="cond" truecount="0" falsecount="3"/>
        <line num="19" count="0" type="stmt"/>
      </file>
    </package>
    <package name="parse.platforms.etsy">
      <metrics statements="24" coveredstatements="21" conditionals="6" coveredconditionals="5" methods="6" coveredmethods="4"/>
      <file name="index.ts" path="/Users/nathaniellaquis/link-parser/src/utils/parse/platforms/etsy/index.ts">
        <metrics statements="24" coveredstatements="21" conditionals="6" coveredconditionals="5" methods="6" coveredmethods="4"/>
        <line num="1" count="94" type="stmt"/>
        <line num="2" count="94" type="stmt"/>
        <line num="4" count="94" type="stmt"/>
        <line num="5" count="94" type="stmt"/>
        <line num="7" count="94" type="stmt"/>
        <line num="8" count="94" type="stmt"/>
        <line num="10" count="94" type="stmt"/>
        <line num="26" count="252" type="cond" truecount="1" falsecount="0"/>
        <line num="27" count="8" type="cond" truecount="2" falsecount="0"/>
        <line num="31" count="4" type="stmt"/>
        <line num="32" count="4" type="cond" truecount="1" falsecount="0"/>
        <line num="33" count="2" type="stmt"/>
        <line num="34" count="2" type="stmt"/>
        <line num="35" count="2" type="stmt"/>
        <line num="37" count="2" type="stmt"/>
        <line num="38" count="2" type="cond" truecount="1" falsecount="0"/>
        <line num="39" count="2" type="stmt"/>
        <line num="40" count="2" type="stmt"/>
        <line num="41" count="2" type="stmt"/>
        <line num="46" count="0" type="stmt"/>
        <line num="50" count="2" type="stmt"/>
        <line num="54" count="0" type="cond" truecount="0" falsecount="1"/>
        <line num="55" count="0" type="stmt"/>
        <line num="59" count="4" type="stmt"/>
      </file>
    </package>
    <package name="parse.platforms.facebook">
      <metrics statements="63" coveredstatements="59" conditionals="18" coveredconditionals="17" methods="7" coveredmethods="5"/>
      <file name="index.ts" path="/Users/nathaniellaquis/link-parser/src/utils/parse/platforms/facebook/index.ts">
        <metrics statements="63" coveredstatements="59" conditionals="18" coveredconditionals="17" methods="7" coveredmethods="5"/>
        <line num="1" count="94" type="stmt"/>
        <line num="2" count="94" type="stmt"/>
        <line num="4" count="94" type="stmt"/>
        <line num="27" count="1384" type="cond" truecount="1" falsecount="0"/>
        <line num="30" count="48" type="cond" truecount="1" falsecount="0"/>
        <line num="31" count="42" type="cond" truecount="1" falsecount="0"/>
        <line num="32" count="42" type="stmt"/>
        <line num="33" count="210" type="cond" truecount="3" falsecount="0"/>
        <line num="37" count="14" type="stmt"/>
        <line num="42" count="16" type="stmt"/>
        <line num="43" count="16" type="cond" truecount="1" falsecount="0"/>
        <line num="44" count="2" type="stmt"/>
        <line num="45" count="2" type="stmt"/>
        <line num="46" count="2" type="stmt"/>
        <line num="47" count="2" type="stmt"/>
        <line num="51" count="14" type="stmt"/>
        <line num="52" count="14" type="cond" truecount="1" falsecount="0"/>
        <line num="53" count="2" type="stmt"/>
        <line num="54" count="2" type="stmt"/>
        <line num="55" count="2" type="stmt"/>
        <line num="56" count="2" type="stmt"/>
        <line num="60" count="12" type="stmt"/>
        <line num="61" count="12" type="cond" truecount="1" falsecount="0"/>
        <line num="62" count="2" type="stmt"/>
        <line num="63" count="2" type="stmt"/>
        <line num="64" count="2" type="stmt"/>
        <line num="65" count="2" type="stmt"/>
        <line num="69" count="10" type="stmt"/>
        <line num="70" count="10" type="cond" truecount="1" falsecount="0"/>
        <line num="71" count="2" type="stmt"/>
        <line num="72" count="2" type="stmt"/>
        <line num="73" count="2" type="stmt"/>
        <line num="74" count="2" type="stmt"/>
        <line num="78" count="8" type="stmt"/>
        <line num="79" count="8" type="cond" truecount="1" falsecount="0"/>
        <line num="80" count="2" type="stmt"/>
        <line num="81" count="2" type="stmt"/>
        <line num="82" count="2" type="stmt"/>
        <line num="83" count="2" type="stmt"/>
        <line num="87" count="6" type="stmt"/>
        <line num="88" count="6" type="cond" truecount="1" falsecount="0"/>
        <line num="89" count="2" type="stmt"/>
        <line num="90" count="2" type="stmt"/>
        <line num="91" count="2" type="stmt"/>
        <line num="92" count="2" type="stmt"/>
        <line num="96" count="4" type="stmt"/>
        <line num="97" count="4" type="cond" truecount="1" falsecount="0"/>
        <line num="98" count="2" type="stmt"/>
        <line num="99" count="2" type="stmt"/>
        <line num="100" count="2" type="stmt"/>
        <line num="101" count="2" type="stmt"/>
        <line num="105" count="2" type="stmt"/>
        <line num="106" count="2" type="cond" truecount="4" falsecount="0"/>
        <line num="107" count="2" type="stmt"/>
        <line num="108" count="2" type="stmt"/>
        <line num="109" count="2" type="stmt"/>
        <line num="114" count="0" type="stmt"/>
        <line num="118" count="6" type="stmt"/>
        <line num="122" count="0" type="cond" truecount="0" falsecount="1"/>
        <line num="123" count="0" type="stmt"/>
        <line num="125" count="0" type="stmt"/>
        <line num="129" count="30" type="stmt"/>
        <line num="130" count="30" type="stmt"/>
      </file>
    </package>
    <package name="parse.platforms.fanfix">
      <metrics statements="20" coveredstatements="17" conditionals="6" coveredconditionals="5" methods="6" coveredmethods="4"/>
      <file name="index.ts" path="/Users/nathaniellaquis/link-parser/src/utils/parse/platforms/fanfix/index.ts">
        <metrics statements="20" coveredstatements="17" conditionals="6" coveredconditionals="5" methods="6" coveredmethods="4"/>
        <line num="1" count="94" type="stmt"/>
        <line num="3" count="94" type="stmt"/>
        <line num="19" count="350" type="cond" truecount="1" falsecount="0"/>
        <line num="20" count="8" type="cond" truecount="2" falsecount="0"/>
        <line num="24" count="4" type="stmt"/>
        <line num="25" count="4" type="cond" truecount="1" falsecount="0"/>
        <line num="26" count="2" type="stmt"/>
        <line num="27" count="2" type="stmt"/>
        <line num="28" count="2" type="stmt"/>
        <line num="29" count="2" type="stmt"/>
        <line num="31" count="2" type="stmt"/>
        <line num="32" count="2" type="cond" truecount="1" falsecount="0"/>
        <line num="33" count="2" type="stmt"/>
        <line num="34" count="2" type="stmt"/>
        <line num="35" count="2" type="stmt"/>
        <line num="40" count="0" type="stmt"/>
        <line num="44" count="2" type="stmt"/>
        <line num="48" count="0" type="cond" truecount="0" falsecount="1"/>
        <line num="49" count="0" type="stmt"/>
        <line num="53" count="4" type="stmt"/>
      </file>
    </package>
    <package name="parse.platforms.flickr">
      <metrics statements="25" coveredstatements="23" conditionals="6" coveredconditionals="6" methods="6" coveredmethods="5"/>
      <file name="index.ts" path="/Users/nathaniellaquis/link-parser/src/utils/parse/platforms/flickr/index.ts">
        <metrics statements="25" coveredstatements="23" conditionals="6" coveredconditionals="6" methods="6" coveredmethods="5"/>
        <line num="1" count="94" type="stmt"/>
        <line num="2" count="94" type="stmt"/>
        <line num="4" count="94" type="stmt"/>
        <line num="6" count="94" type="stmt"/>
        <line num="7" count="94" type="stmt"/>
        <line num="9" count="94" type="stmt"/>
        <line num="25" count="270" type="cond" truecount="1" falsecount="0"/>
        <line num="26" count="8" type="cond" truecount="2" falsecount="0"/>
        <line num="30" count="4" type="stmt"/>
        <line num="31" count="4" type="cond" truecount="1" falsecount="0"/>
        <line num="32" count="2" type="stmt"/>
        <line num="33" count="2" type="stmt"/>
        <line num="34" count="2" type="stmt"/>
        <line num="35" count="2" type="stmt"/>
        <line num="36" count="2" type="stmt"/>
        <line num="38" count="2" type="stmt"/>
        <line num="39" count="2" type="cond" truecount="1" falsecount="0"/>
        <line num="40" count="2" type="stmt"/>
        <line num="41" count="2" type="stmt"/>
        <line num="42" count="2" type="stmt"/>
        <line num="47" count="0" type="stmt"/>
        <line num="51" count="4" type="stmt"/>
        <line num="55" count="2" type="cond" truecount="1" falsecount="0"/>
        <line num="56" count="0" type="stmt"/>
        <line num="60" count="4" type="stmt"/>
      </file>
    </package>
    <package name="parse.platforms.github">
      <metrics statements="37" coveredstatements="36" conditionals="10" coveredconditionals="10" methods="6" coveredmethods="5"/>
      <file name="index.ts" path="/Users/nathaniellaquis/link-parser/src/utils/parse/platforms/github/index.ts">
        <metrics statements="37" coveredstatements="36" conditionals="10" coveredconditionals="10" methods="6" coveredmethods="5"/>
        <line num="1" count="94" type="stmt"/>
        <line num="3" count="94" type="stmt"/>
        <line num="18" count="2036" type="cond" truecount="1" falsecount="0"/>
        <line num="21" count="26" type="cond" truecount="1" falsecount="0"/>
        <line num="22" count="20" type="cond" truecount="1" falsecount="0"/>
        <line num="23" count="20" type="stmt"/>
        <line num="24" count="48" type="cond" truecount="3" falsecount="0"/>
        <line num="28" count="8" type="stmt"/>
        <line num="33" count="8" type="stmt"/>
        <line num="34" count="8" type="cond" truecount="1" falsecount="0"/>
        <line num="35" count="2" type="stmt"/>
        <line num="36" count="2" type="stmt"/>
        <line num="37" count="2" type="stmt"/>
        <line num="38" count="2" type="stmt"/>
        <line num="39" count="2" type="stmt"/>
        <line num="43" count="6" type="stmt"/>
        <line num="44" count="6" type="cond" truecount="1" falsecount="0"/>
        <line num="45" count="2" type="stmt"/>
        <line num="46" count="2" type="stmt"/>
        <line num="47" count="2" type="stmt"/>
        <line num="48" count="2" type="stmt"/>
        <line num="49" count="2" type="stmt"/>
        <line num="53" count="4" type="stmt"/>
        <line num="54" count="4" type="cond" truecount="1" falsecount="0"/>
        <line num="55" count="2" type="stmt"/>
        <line num="56" count="2" type="stmt"/>
        <line num="57" count="2" type="stmt"/>
        <line num="58" count="2" type="stmt"/>
        <line num="59" count="2" type="stmt"/>
        <line num="63" count="2" type="stmt"/>
        <line num="64" count="2" type="cond" truecount="1" falsecount="0"/>
        <line num="65" count="2" type="stmt"/>
        <line num="66" count="2" type="stmt"/>
        <line num="67" count="2" type="stmt"/>
        <line num="72" count="0" type="stmt"/>
        <line num="76" count="4" type="stmt"/>
        <line num="80" count="16" type="stmt"/>
      </file>
    </package>
    <package name="parse.platforms.gitlab">
      <metrics statements="28" coveredstatements="27" conditionals="7" coveredconditionals="7" methods="5" coveredmethods="4"/>
      <file name="index.ts" path="/Users/nathaniellaquis/link-parser/src/utils/parse/platforms/gitlab/index.ts">
        <metrics statements="28" coveredstatements="27" conditionals="7" coveredconditionals="7" methods="5" coveredmethods="4"/>
        <line num="1" count="94" type="stmt"/>
        <line num="3" count="94" type="stmt"/>
[...]
        <line num="77" count="4" type="stmt"/>
        <line num="81" count="16" type="stmt"/>
      </file>
    </package>
    <package name="parse.platforms.twitter">
      <metrics statements="43" coveredstatements="39" conditionals="12" coveredconditionals="10" methods="8" coveredmethods="7"/>
      <file name="index.ts" path="/Users/nathaniellaquis/link-parser/src/utils/parse/platforms/twitter/index.ts">
        <metrics statements="43" coveredstatements="39" conditionals="12" coveredconditionals="10" methods="8" coveredmethods="7"/>
        <line num="1" count="94" type="stmt"/>
        <line num="2" count="94" type="stmt"/>
        <line num="4" count="94" type="stmt"/>
        <line num="22" count="1336" type="cond" truecount="1" falsecount="0"/>
        <line num="25" count="30" type="cond" truecount="1" falsecount="0"/>
        <line num="26" count="20" type="cond" truecount="1" falsecount="0"/>
        <line num="27" count="12" type="cond" truecount="1" falsecount="0"/>
        <line num="29" count="8" type="stmt"/>
        <line num="34" count="10" type="stmt"/>
        <line num="35" count="10" type="cond" truecount="1" falsecount="0"/>
        <line num="36" count="2" type="stmt"/>
        <line num="37" count="2" type="stmt"/>
        <line num="38" count="2" type="stmt"/>
        <line num="39" count="2" type="stmt"/>
        <line num="43" count="8" type="stmt"/>
        <line num="44" count="8" type="cond" truecount="1" falsecount="0"/>
        <line num="45" count="4" type="stmt"/>
        <line num="46" count="4" type="stmt"/>
        <line num="47" count="4" type="stmt"/>
        <line num="48" count="4" type="stmt"/>
        <line num="49" count="4" type="stmt"/>
        <line num="53" count="4" type="stmt"/>
        <line num="54" count="4" type="cond" truecount="1" falsecount="0"/>
        <line num="55" count="4" type="stmt"/>
        <line num="56" count="4" type="stmt"/>
        <line num="57" count="4" type="stmt"/>
        <line num="62" count="0" type="stmt"/>
        <line num="63" count="0" type="stmt"/>
        <line num="67" count="6" type="stmt"/>
        <line num="68" count="6" type="stmt"/>
        <line num="72" count="6" type="cond" truecount="1" falsecount="0"/>
        <line num="73" count="6" type="stmt"/>
        <line num="75" count="0" type="stmt"/>
        <line num="79" count="20" type="stmt"/>
        <line num="80" count="20" type="stmt"/>
        <line num="81" count="20" type="stmt"/>
        <line num="85" count="10" type="cond" truecount="0" falsecount="1"/>
        <line num="86" count="0" type="stmt"/>
        <line num="88" count="10" type="cond" truecount="1" falsecount="0"/>
        <line num="89" count="6" type="cond" truecount="1" falsecount="1"/>
        <line num="90" count="6" type="stmt"/>
        <line num="91" count="6" type="stmt"/>
        <line num="93" count="4" type="stmt"/>
      </file>
    </package>
    <package name="parse.platforms.venmo">
      <metrics statements="27" coveredstatements="26" conditionals="7" coveredconditionals="7" methods="5" coveredmethods="4"/>
      <file name="index.ts" path="/Users/nathaniellaquis/link-parser/src/utils/parse/platforms/venmo/index.ts">
        <metrics statements="27" coveredstatements="26" conditionals="7" coveredconditionals="7" methods="5" coveredmethods="4"/>
        <line num="1" count="94" type="stmt"/>
        <line num="3" count="94" type="stmt"/>
        <line num="20" count="558" type="cond" truecount="1" falsecount="0"/>
        <line num="22" count="16" type="cond" truecount="1" falsecount="0"/>
        <line num="23" count="10" type="cond" truecount="1" falsecount="0"/>
        <line num="24" count="6" type="cond" truecount="1" falsecount="0"/>
        <line num="25" count="2" type="stmt"/>
        <line num="30" count="6" type="stmt"/>
        <line num="31" count="6" type="cond" truecount="1" falsecount="0"/>
        <line num="32" count="2" type="stmt"/>
        <line num="33" count="2" type="stmt"/>
        <line num="34" count="2" type="stmt"/>
        <line num="35" count="2" type="stmt"/>
        <line num="39" count="4" type="stmt"/>
        <line num="40" count="4" type="cond" truecount="1" falsecount="0"/>
        <line num="41" count="2" type="stmt"/>
        <line num="42" count="2" type="stmt"/>
        <line num="43" count="2" type="stmt"/>
        <line num="44" count="2" type="stmt"/>
        <line num="48" count="2" type="stmt"/>
        <line num="49" count="2" type="cond" truecount="1" falsecount="0"/>
        <line num="50" count="2" type="stmt"/>
        <line num="51" count="2" type="stmt"/>
        <line num="52" count="2" type="stmt"/>
        <line num="57" count="0" type="stmt"/>
        <line num="61" count="4" type="stmt"/>
        <line num="65" count="12" type="stmt"/>
      </file>
    </package>
    <package name="parse.platforms.vimeo">
      <metrics statements="27" coveredstatements="26" conditionals="9" coveredconditionals="8" methods="5" coveredmethods="4"/>
      <file name="index.ts" path="/Users/nathaniellaquis/link-parser/src/utils/parse/platforms/vimeo/index.ts">
        <metrics statements="27" coveredstatements="26" conditionals="9" coveredconditionals="8" methods="5" coveredmethods="4"/>
        <line num="1" count="94" type="stmt"/>
        <line num="3" count="94" type="stmt"/>
        <line num="20" count="536" type="cond" truecount="1" falsecount="0"/>
        <line num="21" count="16" type="stmt"/>
        <line num="22" count="16" type="stmt"/>
        <line num="30" count="6" type="stmt"/>
        <line num="32" count="6" type="stmt"/>
        <line num="33" count="6" type="cond" truecount="1" falsecount="0"/>
        <line num="34" count="2" type="stmt"/>
        <line num="35" count="2" type="stmt"/>
        <line num="36" count="2" type="stmt"/>
        <line num="37" count="2" type="stmt"/>
        <line num="39" count="4" type="stmt"/>
        <line num="40" count="4" type="cond" truecount="1" falsecount="0"/>
        <line num="41" count="2" type="stmt"/>
        <line num="42" count="2" type="stmt"/>
        <line num="43" count="2" type="stmt"/>
        <line num="44" count="2" type="stmt"/>
        <line num="46" count="2" type="stmt"/>
        <line num="47" count="2" type="cond" truecount="1" falsecount="0"/>
        <line num="49" count="2" type="cond" truecount="1" falsecount="1"/>
        <line num="50" count="2" type="stmt"/>
        <line num="51" count="2" type="stmt"/>
        <line num="52" count="2" type="stmt"/>
        <line num="57" count="0" type="stmt"/>
        <line num="61" count="4" type="stmt"/>
        <line num="65" count="6" type="stmt"/>
      </file>
    </package>
    <package name="parse.platforms.vk">
      <metrics statements="28" coveredstatements="24" conditionals="14" coveredconditionals="10" methods="6" coveredmethods="4"/>
      <file name="index.ts" path="/Users/nathaniellaquis/link-parser/src/utils/parse/platforms/vk/index.ts">
        <metrics statements="28" coveredstatements="24" conditionals="14" coveredconditionals="10" methods="6" coveredmethods="4"/>
        <line num="1" count="94" type="stmt"/>
        <line num="2" count="94" type="stmt"/>
        <line num="5" count="94" type="stmt"/>
        <line num="6" count="94" type="stmt"/>
        <line num="8" count="94" type="stmt"/>
        <line num="10" count="94" type="stmt"/>
        <line num="11" count="94" type="stmt"/>
        <line num="13" count="94" type="stmt"/>
        <line num="31" count="330" type="cond" truecount="1" falsecount="0"/>
        <line num="32" count="16" type="cond" truecount="1" falsecount="0"/>
        <line num="33" count="8" type="cond" truecount="3" falsecount="0"/>
        <line num="34" count="0" type="stmt"/>
        <line num="39" count="8" type="cond" truecount="2" falsecount="0"/>
        <line num="40" count="8" type="cond" truecount="1" falsecount="0"/>
        <line num="41" count="4" type="stmt"/>
        <line num="42" count="4" type="stmt"/>
        <line num="43" count="4" type="stmt"/>
        <line num="44" count="4" type="stmt"/>
        <line num="48" count="4" type="stmt"/>
        <line num="49" count="4" type="cond" truecount="1" falsecount="0"/>
        <line num="50" count="4" type="cond" truecount="1" falsecount="1"/>
        <line num="51" count="4" type="stmt"/>
        <line num="52" count="4" type="stmt"/>
        <line num="57" count="0" type="cond" truecount="0" falsecount="2"/>
        <line num="61" count="6" type="stmt"/>
        <line num="65" count="0" type="cond" truecount="0" falsecount="1"/>
        <line num="66" count="0" type="stmt"/>
        <line num="71" count="8" type="stmt"/>
      </file>
    </package>
    <package name="parse.platforms.vsco">
      <metrics statements="23" coveredstatements="19" conditionals="6" coveredconditionals="5" methods="6" coveredmethods="4"/>
      <file name="index.ts" path="/Users/nathaniellaquis/link-parser/src/utils/parse/platforms/vsco/index.ts">
        <metrics statements="23" coveredstatements="19" conditionals="6" coveredconditionals="5" methods="6" coveredmethods="4"/>
        <line num="1" count="94" type="stmt"/>
        <line num="3" count="94" type="stmt"/>
        <line num="19" count="408" type="cond" truecount="1" falsecount="0"/>
        <line num="20" count="12" type="stmt"/>
        <line num="21" count="12" type="cond" truecount="2" falsecount="0"/>
        <line num="25" count="4" type="stmt"/>
        <line num="26" count="4" type="cond" truecount="1" falsecount="0"/>
        <line num="27" count="2" type="stmt"/>
        <line num="28" count="2" type="stmt"/>
        <line num="29" count="2" type="stmt"/>
        <line num="30" count="2" type="stmt"/>
        <line num="31" count="2" type="stmt"/>
        <line num="33" count="2" type="stmt"/>
        <line num="34" count="2" type="cond" truecount="1" falsecount="0"/>
        <line num="35" count="2" type="stmt"/>
        <line num="36" count="2" type="stmt"/>
        <line num="37" count="2" type="stmt"/>
        <line num="42" count="0" type="stmt"/>
        <line num="46" count="4" type="stmt"/>
        <line num="50" count="0" type="cond" truecount="0" falsecount="1"/>
        <line num="51" count="0" type="stmt"/>
        <line num="53" count="0" type="stmt"/>
        <line num="57" count="4" type="stmt"/>
      </file>
    </package>
    <package name="parse.platforms.whatsapp">
      <metrics statements="27" coveredstatements="23" conditionals="9" coveredconditionals="8" methods="7" coveredmethods="5"/>
      <file name="index.ts" path="/Users/nathaniellaquis/link-parser/src/utils/parse/platforms/whatsapp/index.ts">
        <metrics statements="27" coveredstatements="23" conditionals="9" coveredconditionals="8" methods="7" coveredmethods="5"/>
        <line num="1" count="94" type="stmt"/>
        <line num="2" count="94" type="stmt"/>
        <line num="4" count="94" type="stmt"/>
        <line num="5" count="94" type="stmt"/>
        <line num="6" count="94" type="stmt"/>
        <line num="8" count="94" type="stmt"/>
        <line num="25" count="982" type="cond" truecount="1" falsecount="0"/>
        <line num="26" count="10" type="cond" truecount="1" falsecount="0"/>
        <line num="27" count="6" type="cond" truecount="1" falsecount="0"/>
        <line num="28" count="4" type="cond" truecount="1" falsecount="0"/>
        <line num="29" count="0" type="stmt"/>
        <line num="33" count="4" type="cond" truecount="2" falsecount="0"/>
        <line num="34" count="4" type="cond" truecount="1" falsecount="0"/>
        <line num="35" count="2" type="stmt"/>
        <line num="36" count="2" type="stmt"/>
        <line num="37" count="2" type="stmt"/>
        <line num="38" count="2" type="stmt"/>
        <line num="40" count="2" type="stmt"/>
        <line num="41" count="2" type="cond" truecount="1" falsecount="0"/>
        <line num="42" count="2" type="stmt"/>
        <line num="43" count="2" type="stmt"/>
        <line num="44" count="2" type="stmt"/>
        <line num="49" count="0" type="stmt"/>
        <line num="53" count="2" type="stmt"/>
        <line num="57" count="0" type="cond" truecount="0" falsecount="1"/>
        <line num="58" count="0" type="stmt"/>
        <line num="62" count="4" type="stmt"/>
      </file>
    </package>
    <package name="parse.platforms.wish">
      <metrics statements="12" coveredstatements="9" conditionals="3" coveredconditionals="3" methods="6" coveredmethods="3"/>
      <file name="index.ts" path="/Users/nathaniellaquis/link-parser/src/utils/parse/platforms/wish/index.ts">
        <metrics statements="12" coveredstatements="9" conditionals="3" coveredconditionals="3" methods="6" coveredmethods="3"/>
        <line num="1" count="94" type="stmt"/>
        <line num="2" count="94" type="stmt"/>
        <line num="4" count="94" type="stmt"/>
        <line num="6" count="94" type="stmt"/>
        <line num="8" count="94" type="stmt"/>
        <line num="17" count="244" type="cond" truecount="2" falsecount="0"/>
        <line num="20" count="2" type="stmt"/>
        <line num="21" count="2" type="cond" truecount="1" falsecount="0"/>
        <line num="24" count="0" type="stmt"/>
        <line num="25" count="0" type="stmt"/>
        <line num="26" count="0" type="stmt"/>
        <line num="27" count="2" type="stmt"/>
      </file>
    </package>
    <package name="parse.platforms.youtube">
      <metrics statements="84" coveredstatements="74" conditionals="44" coveredconditionals="33" methods="11" coveredmethods="7"/>
      <file name="index.ts" path="/Users/nathaniellaquis/link-parser/src/utils/parse/platforms/youtube/index.ts">
        <metrics statements="84" coveredstatements="74" conditionals="44" coveredconditionals="33" methods="11" coveredmethods="7"/>
        <line num="1" count="94" type="stmt"/>
        <line num="2" count="94" type="stmt"/>
        <line num="4" count="94" type="stmt"/>
        <line num="30" count="1276" type="cond" truecount="1" falsecount="0"/>
        <line num="33" count="60" type="cond" truecount="1" falsecount="0"/>
        <line num="34" count="46" type="cond" truecount="1" falsecount="0"/>
        <line num="35" count="46" type="stmt"/>
        <line num="36" count="250" type="cond" truecount="3" falsecount="0"/>
        <line num="40" count="10" type="stmt"/>
        <line num="45" count="24" type="stmt"/>
        <line num="46" count="24" type="cond" truecount="1" falsecount="0"/>
        <line num="47" count="2" type="stmt"/>
        <line num="48" count="2" type="stmt"/>
        <line num="49" count="2" type="stmt"/>
        <line num="50" count="2" type="stmt"/>
        <line num="54" count="22" type="stmt"/>
        <line num="55" count="22" type="cond" truecount="1" falsecount="0"/>
        <line num="56" count="2" type="stmt"/>
        <line num="57" count="2" type="stmt"/>
        <line num="58" count="2" type="stmt"/>
        <line num="59" count="2" type="stmt"/>
        <line num="63" count="20" type="cond" truecount="3" falsecount="0"/>
        <line num="64" count="20" type="cond" truecount="1" falsecount="0"/>
        <line num="66" count="6" type="cond" truecount="4" falsecount="0"/>
        <line num="67" count="2" type="stmt"/>
        <line num="69" count="4" type="stmt"/>
        <line num="71" count="6" type="stmt"/>
        <line num="72" count="6" type="stmt"/>
        <line num="73" count="6" type="stmt"/>
        <line num="77" count="14" type="stmt"/>
        <line num="78" count="14" type="stmt"/>
        <line num="79" count="14" type="cond" truecount="3" falsecount="0"/>
        <line num="80" count="4" type="cond" truecount="2" falsecount="0"/>
        <line num="81" count="4" type="stmt"/>
        <line num="82" count="4" type="stmt"/>
        <line num="83" count="4" type="stmt"/>
        <line num="86" count="4" type="stmt"/>
        <line num="87" count="4" type="cond" truecount="1" falsecount="0"/>
        <line num="88" count="4" type="stmt"/>
        <line num="92" count="10" type="stmt"/>
        <line num="93" count="10" type="cond" truecount="1" falsecount="0"/>
        <line num="94" count="2" type="stmt"/>
        <line num="95" count="2" type="stmt"/>
        <line num="96" count="2" type="stmt"/>
        <line num="97" count="2" type="stmt"/>
        <line num="101" count="8" type="stmt"/>
        <line num="102" count="8" type="cond" truecount="1" falsecount="0"/>
        <line num="103" count="2" type="stmt"/>
        <line num="104" count="2" type="stmt"/>
        <line num="105" count="2" type="stmt"/>
        <line num="106" count="2" type="stmt"/>
        <line num="110" count="6" type="stmt"/>
        <line num="111" count="6" type="cond" truecount="1" falsecount="0"/>
        <line num="112" count="6" type="stmt"/>
        <line num="113" count="6" type="stmt"/>
        <line num="114" count="6" type="stmt"/>
        <line num="119" count="0" type="stmt"/>
        <line num="123" count="10" type="stmt"/>
        <line num="124" count="10" type="cond" truecount="1" falsecount="2"/>
        <line num="125" count="0" type="stmt"/>
        <line num="127" count="10" type="stmt"/>
        <line num="131" count="0" type="cond" truecount="0" falsecount="1"/>
        <line num="132" count="0" type="cond" truecount="0" falsecount="1"/>
        <line num="133" count="0" type="stmt"/>
        <line num="137" count="44" type="stmt"/>
        <line num="138" count="44" type="stmt"/>
        <line num="142" count="0" type="stmt"/>
        <line num="143" count="0" type="cond" truecount="0" falsecount="2"/>
        <line num="147" count="10" type="stmt"/>
        <line num="148" count="10" type="cond" truecount="0" falsecount="1"/>
        <line num="149" count="10" type="cond" truecount="0" falsecount="1"/>
        <line num="150" count="10" type="stmt"/>
        <line num="151" count="10" type="cond" truecount="1" falsecount="1"/>
        <line num="155" count="0" type="stmt"/>
        <line num="156" count="0" type="cond" truecount="0" falsecount="1"/>
        <line num="157" count="0" type="stmt"/>
        <line num="162" count="24" type="stmt"/>
        <line num="163" count="24" type="cond" truecount="1" falsecount="0"/>
        <line num="164" count="2" type="stmt"/>
        <line num="166" count="22" type="cond" truecount="3" falsecount="0"/>
        <line num="167" count="22" type="cond" truecount="1" falsecount="0"/>
        <line num="168" count="10" type="cond" truecount="1" falsecount="1"/>
        <line num="169" count="10" type="stmt"/>
        <line num="171" count="12" type="stmt"/>
      </file>
    </package>
    <package name="parse.utils">
      <metrics statements="15" coveredstatements="13" conditionals="8" coveredconditionals="5" methods="5" coveredmethods="5"/>
      <file name="url.ts" path="/Users/nathaniellaquis/link-parser/src/utils/parse/utils/url.ts">
        <metrics statements="15" coveredstatements="13" conditionals="8" coveredconditionals="5" methods="5" coveredmethods="5"/>
        <line num="8" count="94" type="stmt"/>
        <line num="9" count="966" type="cond" truecount="1" falsecount="1"/>
        <line num="11" count="966" type="stmt"/>
        <line num="23" count="6762" type="stmt"/>
        <line num="25" count="966" type="cond" truecount="2" falsecount="0"/>
        <line num="31" count="94" type="stmt"/>
        <line num="32" count="966" type="cond" truecount="0" falsecount="1"/>
        <line num="33" count="0" type="stmt"/>
        <line num="35" count="966" type="cond" truecount="0" falsecount="1"/>
        <line num="36" count="0" type="stmt"/>
        <line num="38" count="966" type="stmt"/>
        <line num="44" count="94" type="stmt"/>
        <line num="45" count="966" type="cond" truecount="2" falsecount="0"/>
        <line num="51" count="94" type="stmt"/>
        <line num="52" count="966" type="stmt"/>
      </file>
    </package>
  </project>
</coverage>
