{"/Users/nathaniellaquis/link-parser/src/utils/parse/index.ts": {"path":"/Users/nathaniellaquis/link-parser/src/utils/parse/index.ts","statementMap":{"0":{"start":{"line":1,"column":0},"end":{"line":1,"column":28}},"1":{"start":{"line":2,"column":0},"end":{"line":2,"column":29}},"2":{"start":{"line":3,"column":0},"end":{"line":3,"column":27}}},"fnMap":{},"branchMap":{},"s":{"0":94,"1":94,"2":94},"f":{},"b":{}}
,"/Users/nathaniellaquis/link-parser/src/utils/parse/core/detector.ts": {"path":"/Users/nathaniellaquis/link-parser/src/utils/parse/core/detector.ts","statementMap":{"0":{"start":{"line":2,"column":0},"end":{"line":2,"column":39}},"1":{"start":{"line":9,"column":16},"end":{"line":9,"column":33}},"2":{"start":{"line":10,"column":2},"end":{"line":14,"column":3}},"3":{"start":{"line":11,"column":4},"end":{"line":13,"column":5}},"4":{"start":{"line":12,"column":6},"end":{"line":12,"column":null}},"5":{"start":{"line":15,"column":2},"end":{"line":15,"column":null}},"6":{"start":{"line":8,"column":0},"end":{"line":8,"column":16}}},"fnMap":{"0":{"name":"detectPlatform","decl":{"start":{"line":8,"column":16},"end":{"line":8,"column":30}},"loc":{"start":{"line":8,"column":42},"end":{"line":16,"column":1}}}},"branchMap":{"0":{"loc":{"start":{"line":11,"column":4},"end":{"line":13,"column":5}},"type":"if","locations":[{"start":{"line":11,"column":4},"end":{"line":13,"column":5}}]}},"s":{"0":94,"1":726,"2":726,"3":39896,"4":526,"5":200,"6":94},"f":{"0":726},"b":{"0":[526]}}
,"/Users/nathaniellaquis/link-parser/src/utils/parse/core/parser.ts": {"path":"/Users/nathaniellaquis/link-parser/src/utils/parse/core/parser.ts","statementMap":{"0":{"start":{"line":1,"column":0},"end":{"line":1,"column":43}},"1":{"start":{"line":3,"column":0},"end":{"line":3,"column":40}},"2":{"start":{"line":10,"column":28},"end":{"line":17,"column":null}},"3":{"start":{"line":20,"column":23},"end":{"line":20,"column":41}},"4":{"start":{"line":23,"column":2},"end":{"line":34,"column":3}},"5":{"start":{"line":25,"column":4},"end":{"line":25,"column":null}},"6":{"start":{"line":26,"column":4},"end":{"line":28,"column":5}},"7":{"start":{"line":27,"column":6},"end":{"line":27,"column":null}},"8":{"start":{"line":30,"column":4},"end":{"line":30,"column":null}},"9":{"start":{"line":31,"column":4},"end":{"line":33,"column":5}},"10":{"start":{"line":32,"column":6},"end":{"line":32,"column":null}},"11":{"start":{"line":36,"column":2},"end":{"line":36,"column":null}},"12":{"start":{"line":37,"column":2},"end":{"line":37,"column":null}},"13":{"start":{"line":40,"column":2},"end":{"line":40,"column":null}},"14":{"start":{"line":43,"column":19},"end":{"line":43,"column":53}},"15":{"start":{"line":44,"column":2},"end":{"line":46,"column":3}},"16":{"start":{"line":45,"column":4},"end":{"line":45,"column":null}},"17":{"start":{"line":47,"column":2},"end":{"line":47,"column":null}},"18":{"start":{"line":50,"column":2},"end":{"line":52,"column":3}},"19":{"start":{"line":51,"column":4},"end":{"line":51,"column":null}},"20":{"start":{"line":55,"column":20},"end":{"line":55,"column":64}},"21":{"start":{"line":56,"column":2},"end":{"line":67,"column":3}},"22":{"start":{"line":57,"column":4},"end":{"line":63,"column":null}},"23":{"start":{"line":64,"column":4},"end":{"line":66,"column":5}},"24":{"start":{"line":65,"column":6},"end":{"line":65,"column":null}},"25":{"start":{"line":69,"column":2},"end":{"line":69,"column":null}},"26":{"start":{"line":70,"column":2},"end":{"line":70,"column":null}},"27":{"start":{"line":8,"column":0},"end":{"line":8,"column":16}}},"fnMap":{"0":{"name":"parse","decl":{"start":{"line":8,"column":16},"end":{"line":8,"column":21}},"loc":{"start":{"line":8,"column":35},"end":{"line":71,"column":1}}}},"branchMap":{"0":{"loc":{"start":{"line":23,"column":2},"end":{"line":34,"column":3}},"type":"if","locations":[{"start":{"line":23,"column":2},"end":{"line":34,"column":3}},{"start":{"line":29,"column":9},"end":{"line":34,"column":3}}]},"1":{"loc":{"start":{"line":26,"column":4},"end":{"line":28,"column":5}},"type":"if","locations":[{"start":{"line":26,"column":4},"end":{"line":28,"column":5}}]},"2":{"loc":{"start":{"line":31,"column":4},"end":{"line":33,"column":5}},"type":"if","locations":[{"start":{"line":31,"column":4},"end":{"line":33,"column":5}}]},"3":{"loc":{"start":{"line":44,"column":2},"end":{"line":46,"column":3}},"type":"if","locations":[{"start":{"line":44,"column":2},"end":{"line":46,"column":3}}]},"4":{"loc":{"start":{"line":50,"column":2},"end":{"line":52,"column":3}},"type":"if","locations":[{"start":{"line":50,"column":2},"end":{"line":52,"column":3}}]},"5":{"loc":{"start":{"line":50,"column":6},"end":{"line":50,"column":50}},"type":"binary-expr","locations":[{"start":{"line":50,"column":6},"end":{"line":50,"column":21}},{"start":{"line":50,"column":25},"end":{"line":50,"column":50}}]},"6":{"loc":{"start":{"line":56,"column":2},"end":{"line":67,"column":3}},"type":"if","locations":[{"start":{"line":56,"column":2},"end":{"line":67,"column":3}}]},"7":{"loc":{"start":{"line":59,"column":12},"end":{"line":59,"column":38}},"type":"binary-expr","locations":[{"start":{"line":59,"column":12},"end":{"line":59,"column":26}},{"start":{"line":59,"column":30},"end":{"line":59,"column":38}}]},"8":{"loc":{"start":{"line":60,"column":17},"end":{"line":60,"column":104}},"type":"binary-expr","locations":[{"start":{"line":60,"column":17},"end":{"line":60,"column":35}},{"start":{"line":60,"column":39},"end":{"line":60,"column":56}},{"start":{"line":60,"column":60},"end":{"line":60,"column":78}},{"start":{"line":60,"column":82},"end":{"line":60,"column":98}},{"start":{"line":60,"column":102},"end":{"line":60,"column":104}}]},"9":{"loc":{"start":{"line":64,"column":4},"end":{"line":66,"column":5}},"type":"if","locations":[{"start":{"line":64,"column":4},"end":{"line":66,"column":5}}]}},"s":{"0":94,"1":94,"2":726,"3":726,"4":726,"5":8,"6":8,"7":2,"8":718,"9":718,"10":198,"11":526,"12":526,"13":526,"14":526,"15":526,"16":512,"17":526,"18":526,"19":160,"20":526,"21":526,"22":44,"23":44,"24":8,"25":526,"26":526,"27":94},"f":{"0":726},"b":{"0":[8,718],"1":[2],"2":[198],"3":[512],"4":[160],"5":[526,250],"6":[44],"7":[44,8],"8":[44,34,30,24,24],"9":[8]}}
,"/Users/nathaniellaquis/link-parser/src/utils/parse/core/types.ts": {"path":"/Users/nathaniellaquis/link-parser/src/utils/parse/core/types.ts","statementMap":{"0":{"start":{"line":1,"column":0},"end":{"line":1,"column":null}},"1":{"start":{"line":2,"column":2},"end":{"line":2,"column":null}},"2":{"start":{"line":3,"column":2},"end":{"line":3,"column":null}},"3":{"start":{"line":4,"column":2},"end":{"line":4,"column":null}},"4":{"start":{"line":5,"column":2},"end":{"line":5,"column":null}},"5":{"start":{"line":6,"column":2},"end":{"line":6,"column":null}},"6":{"start":{"line":7,"column":2},"end":{"line":7,"column":null}},"7":{"start":{"line":8,"column":2},"end":{"line":8,"column":null}},"8":{"start":{"line":9,"column":2},"end":{"line":9,"column":null}},"9":{"start":{"line":10,"column":2},"end":{"line":10,"column":null}},"10":{"start":{"line":11,"column":2},"end":{"line":11,"column":null}},"11":{"start":{"line":12,"column":2},"end":{"line":12,"column":null}},"12":{"start":{"line":13,"column":2},"end":{"line":13,"column":null}},"13":{"start":{"line":14,"column":2},"end":{"line":14,"column":null}},"14":{"start":{"line":15,"column":2},"end":{"line":15,"column":null}},"15":{"start":{"line":16,"column":2},"end":{"line":16,"column":null}},"16":{"start":{"line":17,"column":2},"end":{"line":17,"column":null}},"17":{"start":{"line":18,"column":2},"end":{"line":18,"column":null}},"18":{"start":{"line":19,"column":2},"end":{"line":19,"column":null}},"19":{"start":{"line":20,"column":2},"end":{"line":20,"column":null}},"20":{"start":{"line":21,"column":2},"end":{"line":21,"column":null}},"21":{"start":{"line":22,"column":2},"end":{"line":22,"column":null}},"22":{"start":{"line":23,"column":2},"end":{"line":23,"column":null}},"23":{"start":{"line":24,"column":2},"end":{"line":24,"column":null}},"24":{"start":{"line":25,"column":2},"end":{"line":25,"column":null}},"25":{"start":{"line":26,"column":2},"end":{"line":26,"column":null}},"26":{"start":{"line":27,"column":2},"end":{"line":27,"column":null}},"27":{"start":{"line":28,"column":2},"end":{"line":28,"column":null}},"28":{"start":{"line":29,"column":2},"end":{"line":29,"column":null}},"29":{"start":{"line":30,"column":2},"end":{"line":30,"column":null}},"30":{"start":{"line":31,"column":2},"end":{"line":31,"column":null}},"31":{"start":{"line":32,"column":2},"end":{"line":32,"column":null}},"32":{"start":{"line":33,"column":2},"end":{"line":33,"column":null}},"33":{"start":{"line":34,"column":2},"end":{"line":34,"column":null}},"34":{"start":{"line":35,"column":2},"end":{"line":35,"column":null}},"35":{"start":{"line":36,"column":2},"end":{"line":36,"column":null}},"36":{"start":{"line":37,"column":2},"end":{"line":37,"column":null}},"37":{"start":{"line":38,"column":2},"end":{"line":38,"column":null}},"38":{"start":{"line":39,"column":2},"end":{"line":39,"column":null}},"39":{"start":{"line":40,"column":2},"end":{"line":40,"column":null}},"40":{"start":{"line":41,"column":2},"end":{"line":41,"column":null}},"41":{"start":{"line":42,"column":2},"end":{"line":42,"column":null}},"42":{"start":{"line":43,"column":2},"end":{"line":43,"column":null}},"43":{"start":{"line":44,"column":2},"end":{"line":44,"column":null}},"44":{"start":{"line":45,"column":2},"end":{"line":45,"column":null}},"45":{"start":{"line":46,"column":2},"end":{"line":46,"column":null}},"46":{"start":{"line":47,"column":2},"end":{"line":47,"column":null}},"47":{"start":{"line":48,"column":2},"end":{"line":48,"column":null}},"48":{"start":{"line":49,"column":2},"end":{"line":49,"column":null}},"49":{"start":{"line":50,"column":2},"end":{"line":50,"column":null}},"50":{"start":{"line":51,"column":2},"end":{"line":51,"column":null}},"51":{"start":{"line":52,"column":2},"end":{"line":52,"column":null}},"52":{"start":{"line":53,"column":2},"end":{"line":53,"column":null}},"53":{"start":{"line":54,"column":2},"end":{"line":54,"column":null}},"54":{"start":{"line":55,"column":2},"end":{"line":55,"column":null}},"55":{"start":{"line":56,"column":2},"end":{"line":56,"column":null}},"56":{"start":{"line":57,"column":2},"end":{"line":57,"column":null}},"57":{"start":{"line":58,"column":2},"end":{"line":58,"column":null}},"58":{"start":{"line":59,"column":2},"end":{"line":59,"column":null}},"59":{"start":{"line":60,"column":2},"end":{"line":60,"column":null}},"60":{"start":{"line":61,"column":2},"end":{"line":61,"column":null}},"61":{"start":{"line":62,"column":2},"end":{"line":62,"column":null}},"62":{"start":{"line":63,"column":2},"end":{"line":63,"column":null}},"63":{"start":{"line":64,"column":2},"end":{"line":64,"column":null}},"64":{"start":{"line":65,"column":2},"end":{"line":65,"column":null}},"65":{"start":{"line":66,"column":2},"end":{"line":66,"column":null}},"66":{"start":{"line":67,"column":2},"end":{"line":67,"column":null}},"67":{"start":{"line":68,"column":2},"end":{"line":68,"column":null}},"68":{"start":{"line":69,"column":2},"end":{"line":69,"column":null}},"69":{"start":{"line":70,"column":2},"end":{"line":70,"column":null}},"70":{"start":{"line":71,"column":2},"end":{"line":71,"column":null}},"71":{"start":{"line":72,"column":2},"end":{"line":72,"column":null}},"72":{"start":{"line":73,"column":2},"end":{"line":73,"column":null}},"73":{"start":{"line":74,"column":2},"end":{"line":74,"column":null}},"74":{"start":{"line":75,"column":2},"end":{"line":75,"column":null}},"75":{"start":{"line":76,"column":2},"end":{"line":76,"column":null}},"76":{"start":{"line":77,"column":2},"end":{"line":77,"column":null}},"77":{"start":{"line":78,"column":2},"end":{"line":78,"column":null}},"78":{"start":{"line":79,"column":2},"end":{"line":79,"column":null}},"79":{"start":{"line":80,"column":2},"end":{"line":80,"column":null}},"80":{"start":{"line":81,"column":2},"end":{"line":81,"column":null}},"81":{"start":{"line":82,"column":2},"end":{"line":82,"column":null}},"82":{"start":{"line":83,"column":2},"end":{"line":83,"column":null}},"83":{"start":{"line":84,"column":2},"end":{"line":84,"column":null}},"84":{"start":{"line":85,"column":2},"end":{"line":85,"column":null}},"85":{"start":{"line":86,"column":2},"end":{"line":86,"column":null}},"86":{"start":{"line":87,"column":2},"end":{"line":87,"column":null}},"87":{"start":{"line":88,"column":2},"end":{"line":88,"column":null}},"88":{"start":{"line":89,"column":2},"end":{"line":89,"column":null}},"89":{"start":{"line":90,"column":2},"end":{"line":90,"column":null}},"90":{"start":{"line":91,"column":2},"end":{"line":91,"column":null}},"91":{"start":{"line":92,"column":2},"end":{"line":92,"column":null}},"92":{"start":{"line":93,"column":2},"end":{"line":93,"column":null}},"93":{"start":{"line":94,"column":2},"end":{"line":94,"column":null}},"94":{"start":{"line":95,"column":2},"end":{"line":95,"column":null}},"95":{"start":{"line":96,"column":2},"end":{"line":96,"column":null}},"96":{"start":{"line":97,"column":2},"end":{"line":97,"column":null}},"97":{"start":{"line":98,"column":2},"end":{"line":98,"column":null}}},"fnMap":{"0":{"name":"(anonymous_0)","decl":{"start":{"line":1,"column":0},"end":{"line":1,"column":12}},"loc":{"start":{"line":1,"column":21},"end":{"line":99,"column":1}}}},"branchMap":{"0":{"loc":{"start":{"line":1,"column":12},"end":{"line":1,"column":null}},"type":"binary-expr","locations":[{"start":{"line":1,"column":12},"end":{"line":1,"column":21}},{"start":{"line":1,"column":21},"end":{"line":1,"column":null}}]}},"s":{"0":94,"1":94,"2":94,"3":94,"4":94,"5":94,"6":94,"7":94,"8":94,"9":94,"10":94,"11":94,"12":94,"13":94,"14":94,"15":94,"16":94,"17":94,"18":94,"19":94,"20":94,"21":94,"22":94,"23":94,"24":94,"25":94,"26":94,"27":94,"28":94,"29":94,"30":94,"31":94,"32":94,"33":94,"34":94,"35":94,"36":94,"37":94,"38":94,"39":94,"40":94,"41":94,"42":94,"43":94,"44":94,"45":94,"46":94,"47":94,"48":94,"49":94,"50":94,"51":94,"52":94,"53":94,"54":94,"55":94,"56":94,"57":94,"58":94,"59":94,"60":94,"61":94,"62":94,"63":94,"64":94,"65":94,"66":94,"67":94,"68":94,"69":94,"70":94,"71":94,"72":94,"73":94,"74":94,"75":94,"76":94,"77":94,"78":94,"79":94,"80":94,"81":94,"82":94,"83":94,"84":94,"85":94,"86":94,"87":94,"88":94,"89":94,"90":94,"91":94,"92":94,"93":94,"94":94,"95":94,"96":94,"97":94},"f":{"0":94},"b":{"0":[94,94]}}
,"/Users/nathaniellaquis/link-parser/src/utils/parse/platforms/index.ts": {"path":"/Users/nathaniellaquis/link-parser/src/utils/parse/platforms/index.ts","statementMap":{"0":{"start":{"line":1,"column":0},"end":{"line":1,"column":57}},"1":{"start":{"line":4,"column":0},"end":{"line":4,"column":33}},"2":{"start":{"line":5,"column":0},"end":{"line":5,"column":39}},"3":{"start":{"line":6,"column":0},"end":{"line":6,"column":35}},"4":{"start":{"line":7,"column":0},"end":{"line":7,"column":35}},"5":{"start":{"line":8,"column":0},"end":{"line":8,"column":31}},"6":{"start":{"line":9,"column":0},"end":{"line":9,"column":37}},"7":{"start":{"line":10,"column":0},"end":{"line":10,"column":33}},"8":{"start":{"line":11,"column":0},"end":{"line":11,"column":33}},"9":{"start":{"line":12,"column":0},"end":{"line":12,"column":39}},"10":{"start":{"line":13,"column":0},"end":{"line":13,"column":29}},"11":{"start":{"line":14,"column":0},"end":{"line":14,"column":37}},"12":{"start":{"line":15,"column":0},"end":{"line":15,"column":37}},"13":{"start":{"line":16,"column":0},"end":{"line":16,"column":35}},"14":{"start":{"line":17,"column":0},"end":{"line":17,"column":31}},"15":{"start":{"line":18,"column":0},"end":{"line":18,"column":39}},"16":{"start":{"line":19,"column":0},"end":{"line":19,"column":33}},"17":{"start":{"line":20,"column":0},"end":{"line":20,"column":35}},"18":{"start":{"line":21,"column":0},"end":{"line":21,"column":33}},"19":{"start":{"line":22,"column":0},"end":{"line":22,"column":37}},"20":{"start":{"line":23,"column":0},"end":{"line":23,"column":41}},"21":{"start":{"line":24,"column":0},"end":{"line":24,"column":35}},"22":{"start":{"line":25,"column":0},"end":{"line":25,"column":37}},"23":{"start":{"line":26,"column":0},"end":{"line":26,"column":37}},"24":{"start":{"line":27,"column":0},"end":{"line":27,"column":35}},"25":{"start":{"line":28,"column":0},"end":{"line":28,"column":33}},"26":{"start":{"line":29,"column":0},"end":{"line":29,"column":33}},"27":{"start":{"line":30,"column":0},"end":{"line":30,"column":33}},"28":{"start":{"line":31,"column":0},"end":{"line":31,"column":35}},"29":{"start":{"line":32,"column":0},"end":{"line":32,"column":35}},"30":{"start":{"line":33,"column":0},"end":{"line":33,"column":31}},"31":{"start":{"line":34,"column":0},"end":{"line":34,"column":35}},"32":{"start":{"line":35,"column":0},"end":{"line":35,"column":33}},"33":{"start":{"line":36,"column":0},"end":{"line":36,"column":31}},"34":{"start":{"line":37,"column":0},"end":{"line":37,"column":31}},"35":{"start":{"line":38,"column":0},"end":{"line":38,"column":41}},"36":{"start":{"line":39,"column":0},"end":{"line":39,"column":33}},"37":{"start":{"line":40,"column":0},"end":{"line":40,"column":31}},"38":{"start":{"line":41,"column":0},"end":{"line":41,"column":37}},"39":{"start":{"line":42,"column":0},"end":{"line":42,"column":37}},"40":{"start":{"line":43,"column":0},"end":{"line":43,"column":39}},"41":{"start":{"line":44,"column":0},"end":{"line":44,"column":43}},"42":{"start":{"line":45,"column":0},"end":{"line":45,"column":33}},"43":{"start":{"line":46,"column":0},"end":{"line":46,"column":35}},"44":{"start":{"line":47,"column":0},"end":{"line":47,"column":35}},"45":{"start":{"line":48,"column":0},"end":{"line":48,"column":33}},"46":{"start":{"line":49,"column":0},"end":{"line":49,"column":29}},"47":{"start":{"line":50,"column":0},"end":{"line":50,"column":31}},"48":{"start":{"line":51,"column":0},"end":{"line":51,"column":39}},"49":{"start":{"line":52,"column":0},"end":{"line":52,"column":37}},"50":{"start":{"line":53,"column":0},"end":{"line":53,"column":45}},"51":{"start":{"line":54,"column":0},"end":{"line":54,"column":35}},"52":{"start":{"line":55,"column":0},"end":{"line":55,"column":35}},"53":{"start":{"line":56,"column":0},"end":{"line":56,"column":29}},"54":{"start":{"line":57,"column":0},"end":{"line":57,"column":45}},"55":{"start":{"line":58,"column":0},"end":{"line":58,"column":43}},"56":{"start":{"line":59,"column":0},"end":{"line":59,"column":33}},"57":{"start":{"line":60,"column":0},"end":{"line":60,"column":33}},"58":{"start":{"line":61,"column":0},"end":{"line":61,"column":33}},"59":{"start":{"line":62,"column":0},"end":{"line":62,"column":37}},"60":{"start":{"line":63,"column":0},"end":{"line":63,"column":37}},"61":{"start":{"line":64,"column":0},"end":{"line":64,"column":39}},"62":{"start":{"line":65,"column":0},"end":{"line":65,"column":41}},"63":{"start":{"line":66,"column":0},"end":{"line":66,"column":37}},"64":{"start":{"line":67,"column":0},"end":{"line":67,"column":25}},"65":{"start":{"line":68,"column":0},"end":{"line":68,"column":33}},"66":{"start":{"line":69,"column":0},"end":{"line":69,"column":31}},"67":{"start":{"line":70,"column":0},"end":{"line":70,"column":47}},"68":{"start":{"line":71,"column":0},"end":{"line":71,"column":31}},"69":{"start":{"line":72,"column":0},"end":{"line":72,"column":29}},"70":{"start":{"line":73,"column":0},"end":{"line":73,"column":37}},"71":{"start":{"line":74,"column":0},"end":{"line":74,"column":37}},"72":{"start":{"line":75,"column":0},"end":{"line":75,"column":37}},"73":{"start":{"line":76,"column":0},"end":{"line":76,"column":37}},"74":{"start":{"line":77,"column":0},"end":{"line":77,"column":35}},"75":{"start":{"line":78,"column":0},"end":{"line":78,"column":41}},"76":{"start":{"line":79,"column":0},"end":{"line":79,"column":33}},"77":{"start":{"line":80,"column":0},"end":{"line":80,"column":33}},"78":{"start":{"line":81,"column":0},"end":{"line":81,"column":37}},"79":{"start":{"line":82,"column":0},"end":{"line":82,"column":35}},"80":{"start":{"line":83,"column":0},"end":{"line":83,"column":29}},"81":{"start":{"line":84,"column":0},"end":{"line":84,"column":29}},"82":{"start":{"line":85,"column":0},"end":{"line":85,"column":41}},"83":{"start":{"line":86,"column":0},"end":{"line":86,"column":33}},"84":{"start":{"line":87,"column":0},"end":{"line":87,"column":35}},"85":{"start":{"line":88,"column":0},"end":{"line":88,"column":29}},"86":{"start":{"line":89,"column":0},"end":{"line":89,"column":45}},"87":{"start":{"line":90,"column":0},"end":{"line":90,"column":41}},"88":{"start":{"line":91,"column":0},"end":{"line":91,"column":49}},"89":{"start":{"line":92,"column":0},"end":{"line":92,"column":53}},"90":{"start":{"line":93,"column":0},"end":{"line":93,"column":35}},"91":{"start":{"line":94,"column":0},"end":{"line":94,"column":39}},"92":{"start":{"line":95,"column":0},"end":{"line":95,"column":39}},"93":{"start":{"line":96,"column":0},"end":{"line":96,"column":43}},"94":{"start":{"line":97,"column":0},"end":{"line":97,"column":43}},"95":{"start":{"line":98,"column":0},"end":{"line":98,"column":49}},"96":{"start":{"line":99,"column":0},"end":{"line":99,"column":31}},"97":{"start":{"line":102,"column":13},"end":{"line":199,"column":null}}},"fnMap":{},"branchMap":{},"s":{"0":94,"1":94,"2":94,"3":94,"4":94,"5":94,"6":94,"7":94,"8":94,"9":94,"10":94,"11":94,"12":94,"13":94,"14":94,"15":94,"16":94,"17":94,"18":94,"19":94,"20":94,"21":94,"22":94,"23":94,"24":94,"25":94,"26":94,"27":94,"28":94,"29":94,"30":94,"31":94,"32":94,"33":94,"34":94,"35":94,"36":94,"37":94,"38":94,"39":94,"40":94,"41":94,"42":94,"43":94,"44":94,"45":94,"46":94,"47":94,"48":94,"49":94,"50":94,"51":94,"52":94,"53":94,"54":94,"55":94,"56":94,"57":94,"58":94,"59":94,"60":94,"61":94,"62":94,"63":94,"64":94,"65":94,"66":94,"67":94,"68":94,"69":94,"70":94,"71":94,"72":94,"73":94,"74":94,"75":94,"76":94,"77":94,"78":94,"79":94,"80":94,"81":94,"82":94,"83":94,"84":94,"85":94,"86":94,"87":94,"88":94,"89":94,"90":94,"91":94,"92":94,"93":94,"94":94,"95":94,"96":94,"97":94},"f":{},"b":{}}
,"/Users/nathaniellaquis/link-parser/src/utils/parse/platforms/aliexpress/index.ts": {"path":"/Users/nathaniellaquis/link-parser/src/utils/parse/platforms/aliexpress/index.ts","statementMap":{"0":{"start":{"line":1,"column":0},"end":{"line":1,"column":71}},"1":{"start":{"line":2,"column":0},"end":{"line":2,"column":43}},"2":{"start":{"line":4,"column":25},"end":{"line":4,"column":37}},"3":{"start":{"line":6,"column":21},"end":{"line":6,"column":149}},"4":{"start":{"line":8,"column":13},"end":{"line":40,"column":null}},"5":{"start":{"line":20,"column":8},"end":{"line":20,"column":null}},"6":{"start":{"line":24,"column":18},"end":{"line":24,"column":40}},"7":{"start":{"line":25,"column":8},"end":{"line":28,"column":9}},"8":{"start":{"line":26,"column":12},"end":{"line":26,"column":null}},"9":{"start":{"line":27,"column":12},"end":{"line":27,"column":null}},"10":{"start":{"line":31,"column":32},"end":{"line":31,"column":45}},"11":{"start":{"line":33,"column":32},"end":{"line":33,"column":64}},"12":{"start":{"line":36,"column":8},"end":{"line":36,"column":null}},"13":{"start":{"line":39,"column":40},"end":{"line":39,"column":102}}},"fnMap":{"0":{"name":"(anonymous_0)","decl":{"start":{"line":19,"column":4},"end":{"line":19,"column":10}},"loc":{"start":{"line":19,"column":22},"end":{"line":21,"column":5}}},"1":{"name":"(anonymous_1)","decl":{"start":{"line":23,"column":4},"end":{"line":23,"column":11}},"loc":{"start":{"line":23,"column":42},"end":{"line":29,"column":5}}},"2":{"name":"(anonymous_2)","decl":{"start":{"line":31,"column":4},"end":{"line":31,"column":18}},"loc":{"start":{"line":31,"column":18},"end":{"line":31,"column":46}}},"3":{"name":"(anonymous_3)","decl":{"start":{"line":33,"column":4},"end":{"line":33,"column":19}},"loc":{"start":{"line":33,"column":19},"end":{"line":33,"column":65}}},"4":{"name":"(anonymous_4)","decl":{"start":{"line":35,"column":4},"end":{"line":35,"column":19}},"loc":{"start":{"line":35,"column":41},"end":{"line":37,"column":5}}},"5":{"name":"(anonymous_5)","decl":{"start":{"line":39,"column":4},"end":{"line":39,"column":16}},"loc":{"start":{"line":39,"column":28},"end":{"line":39,"column":103}}}},"branchMap":{"0":{"loc":{"start":{"line":20,"column":15},"end":{"line":20,"column":71}},"type":"binary-expr","locations":[{"start":{"line":20,"column":15},"end":{"line":20,"column":45}},{"start":{"line":20,"column":49},"end":{"line":20,"column":71}}]},"1":{"loc":{"start":{"line":25,"column":8},"end":{"line":28,"column":9}},"type":"if","locations":[{"start":{"line":25,"column":8},"end":{"line":28,"column":9}}]}},"s":{"0":94,"1":94,"2":94,"3":94,"4":94,"5":250,"6":2,"7":2,"8":2,"9":2,"10":0,"11":0,"12":0,"13":2},"f":{"0":250,"1":2,"2":0,"3":0,"4":0,"5":2},"b":{"0":[250,8],"1":[2]}}
,"/Users/nathaniellaquis/link-parser/src/utils/parse/platforms/amazon/index.ts": {"path":"/Users/nathaniellaquis/link-parser/src/utils/parse/platforms/amazon/index.ts","statementMap":{"0":{"start":{"line":1,"column":0},"end":{"line":1,"column":71}},"1":{"start":{"line":2,"column":0},"end":{"line":2,"column":43}},"2":{"start":{"line":4,"column":13},"end":{"line":102,"column":null}},"3":{"start":{"line":23,"column":4},"end":{"line":23,"column":null}},"4":{"start":{"line":23,"column":37},"end":{"line":23,"column":null}},"5":{"start":{"line":26,"column":4},"end":{"line":26,"column":null}},"6":{"start":{"line":26,"column":51},"end":{"line":26,"column":null}},"7":{"start":{"line":27,"column":4},"end":{"line":27,"column":null}},"8":{"start":{"line":27,"column":56},"end":{"line":27,"column":null}},"9":{"start":{"line":28,"column":4},"end":{"line":28,"column":null}},"10":{"start":{"line":28,"column":49},"end":{"line":28,"column":null}},"11":{"start":{"line":29,"column":4},"end":{"line":29,"column":null}},"12":{"start":{"line":29,"column":50},"end":{"line":29,"column":null}},"13":{"start":{"line":30,"column":4},"end":{"line":30,"column":null}},"14":{"start":{"line":30,"column":41},"end":{"line":30,"column":null}},"15":{"start":{"line":32,"column":4},"end":{"line":32,"column":null}},"16":{"start":{"line":37,"column":25},"end":{"line":37,"column":66}},"17":{"start":{"line":38,"column":4},"end":{"line":42,"column":5}},"18":{"start":{"line":39,"column":6},"end":{"line":39,"column":null}},"19":{"start":{"line":40,"column":6},"end":{"line":40,"column":null}},"20":{"start":{"line":41,"column":6},"end":{"line":41,"column":12}},"21":{"start":{"line":45,"column":30},"end":{"line":45,"column":76}},"22":{"start":{"line":46,"column":4},"end":{"line":50,"column":5}},"23":{"start":{"line":47,"column":6},"end":{"line":47,"column":null}},"24":{"start":{"line":48,"column":6},"end":{"line":48,"column":null}},"25":{"start":{"line":49,"column":6},"end":{"line":49,"column":12}},"26":{"start":{"line":53,"column":23},"end":{"line":53,"column":62}},"27":{"start":{"line":54,"column":4},"end":{"line":58,"column":5}},"28":{"start":{"line":55,"column":6},"end":{"line":55,"column":null}},"29":{"start":{"line":56,"column":6},"end":{"line":56,"column":null}},"30":{"start":{"line":57,"column":6},"end":{"line":57,"column":12}},"31":{"start":{"line":61,"column":24},"end":{"line":61,"column":64}},"32":{"start":{"line":62,"column":4},"end":{"line":66,"column":5}},"33":{"start":{"line":63,"column":6},"end":{"line":63,"column":null}},"34":{"start":{"line":64,"column":6},"end":{"line":64,"column":null}},"35":{"start":{"line":65,"column":6},"end":{"line":65,"column":12}},"36":{"start":{"line":69,"column":25},"end":{"line":69,"column":56}},"37":{"start":{"line":70,"column":4},"end":{"line":75,"column":5}},"38":{"start":{"line":71,"column":6},"end":{"line":71,"column":null}},"39":{"start":{"line":72,"column":6},"end":{"line":72,"column":null}},"40":{"start":{"line":73,"column":6},"end":{"line":73,"column":null}},"41":{"start":{"line":74,"column":6},"end":{"line":74,"column":12}},"42":{"start":{"line":79,"column":4},"end":{"line":79,"column":null}},"43":{"start":{"line":83,"column":4},"end":{"line":83,"column":null}},"44":{"start":{"line":87,"column":4},"end":{"line":96,"column":5}},"45":{"start":{"line":89,"column":8},"end":{"line":89,"column":null}},"46":{"start":{"line":91,"column":8},"end":{"line":91,"column":null}},"47":{"start":{"line":93,"column":8},"end":{"line":93,"column":null}},"48":{"start":{"line":95,"column":8},"end":{"line":95,"column":null}},"49":{"start":{"line":100,"column":4},"end":{"line":100,"column":null}}},"fnMap":{"0":{"name":"(anonymous_0)","decl":{"start":{"line":22,"column":2},"end":{"line":22,"column":8}},"loc":{"start":{"line":22,"column":20},"end":{"line":33,"column":3}}},"1":{"name":"(anonymous_1)","decl":{"start":{"line":35,"column":2},"end":{"line":35,"column":9}},"loc":{"start":{"line":35,"column":40},"end":{"line":76,"column":3}}},"2":{"name":"(anonymous_2)","decl":{"start":{"line":78,"column":2},"end":{"line":78,"column":16}},"loc":{"start":{"line":78,"column":31},"end":{"line":80,"column":3}}},"3":{"name":"(anonymous_3)","decl":{"start":{"line":82,"column":2},"end":{"line":82,"column":17}},"loc":{"start":{"line":82,"column":34},"end":{"line":84,"column":3}}},"4":{"name":"(anonymous_4)","decl":{"start":{"line":86,"column":2},"end":{"line":86,"column":17}},"loc":{"start":{"line":86,"column":49},"end":{"line":97,"column":3}}},"5":{"name":"(anonymous_5)","decl":{"start":{"line":99,"column":2},"end":{"line":99,"column":14}},"loc":{"start":{"line":99,"column":26},"end":{"line":101,"column":3}}}},"branchMap":{"0":{"loc":{"start":{"line":23,"column":4},"end":{"line":23,"column":null}},"type":"if","locations":[{"start":{"line":23,"column":4},"end":{"line":23,"column":null}}]},"1":{"loc":{"start":{"line":26,"column":4},"end":{"line":26,"column":null}},"type":"if","locations":[{"start":{"line":26,"column":4},"end":{"line":26,"column":null}}]},"2":{"loc":{"start":{"line":27,"column":4},"end":{"line":27,"column":null}},"type":"if","locations":[{"start":{"line":27,"column":4},"end":{"line":27,"column":null}}]},"3":{"loc":{"start":{"line":28,"column":4},"end":{"line":28,"column":null}},"type":"if","locations":[{"start":{"line":28,"column":4},"end":{"line":28,"column":null}}]},"4":{"loc":{"start":{"line":29,"column":4},"end":{"line":29,"column":null}},"type":"if","locations":[{"start":{"line":29,"column":4},"end":{"line":29,"column":null}}]},"5":{"loc":{"start":{"line":30,"column":4},"end":{"line":30,"column":null}},"type":"if","locations":[{"start":{"line":30,"column":4},"end":{"line":30,"column":null}}]},"6":{"loc":{"start":{"line":38,"column":4},"end":{"line":42,"column":5}},"type":"if","locations":[{"start":{"line":38,"column":4},"end":{"line":42,"column":5}}]},"7":{"loc":{"start":{"line":46,"column":4},"end":{"line":50,"column":5}},"type":"if","locations":[{"start":{"line":46,"column":4},"end":{"line":50,"column":5}}]},"8":{"loc":{"start":{"line":54,"column":4},"end":{"line":58,"column":5}},"type":"if","locations":[{"start":{"line":54,"column":4},"end":{"line":58,"column":5}}]},"9":{"loc":{"start":{"line":62,"column":4},"end":{"line":66,"column":5}},"type":"if","locations":[{"start":{"line":62,"column":4},"end":{"line":66,"column":5}}]},"10":{"loc":{"start":{"line":70,"column":4},"end":{"line":75,"column":5}},"type":"if","locations":[{"start":{"line":70,"column":4},"end":{"line":75,"column":5}}]},"11":{"loc":{"start":{"line":87,"column":4},"end":{"line":96,"column":5}},"type":"switch","locations":[{"start":{"line":88,"column":6},"end":{"line":89,"column":null}},{"start":{"line":90,"column":6},"end":{"line":91,"column":null}},{"start":{"line":92,"column":6},"end":{"line":93,"column":null}},{"start":{"line":94,"column":6},"end":{"line":95,"column":null}}]}},"s":{"0":94,"1":94,"2":94,"3":744,"4":716,"5":28,"6":4,"7":24,"8":4,"9":20,"10":4,"11":16,"12":4,"13":12,"14":2,"15":10,"16":8,"17":8,"18":2,"19":2,"20":2,"21":6,"22":6,"23":2,"24":2,"25":2,"26":4,"27":4,"28":2,"29":2,"30":2,"31":2,"32":2,"33":2,"34":2,"35":2,"36":0,"37":0,"38":0,"39":0,"40":0,"41":0,"42":0,"43":4,"44":0,"45":0,"46":0,"47":0,"48":0,"49":16},"f":{"0":744,"1":8,"2":0,"3":4,"4":0,"5":16},"b":{"0":[716],"1":[4],"2":[4],"3":[4],"4":[4],"5":[2],"6":[2],"7":[2],"8":[2],"9":[2],"10":[0],"11":[0,0,0,0]}}
,"/Users/nathaniellaquis/link-parser/src/utils/parse/platforms/applemusic/index.ts": {"path":"/Users/nathaniellaquis/link-parser/src/utils/parse/platforms/applemusic/index.ts","statementMap":{"0":{"start":{"line":1,"column":0},"end":{"line":1,"column":71}},"1":{"start":{"line":3,"column":15},"end":{"line":3,"column":39}},"2":{"start":{"line":5,"column":13},"end":{"line":67,"column":null}},"3":{"start":{"line":22,"column":8},"end":{"line":22,"column":null}},"4":{"start":{"line":22,"column":46},"end":{"line":22,"column":null}},"5":{"start":{"line":23,"column":18},"end":{"line":23,"column":31}},"6":{"start":{"line":24,"column":8},"end":{"line":28,"column":null}},"7":{"start":{"line":32,"column":29},"end":{"line":32,"column":33}},"8":{"start":{"line":33,"column":20},"end":{"line":33,"column":46}},"9":{"start":{"line":34,"column":8},"end":{"line":39,"column":9}},"10":{"start":{"line":35,"column":12},"end":{"line":35,"column":null}},"11":{"start":{"line":36,"column":12},"end":{"line":36,"column":null}},"12":{"start":{"line":37,"column":12},"end":{"line":37,"column":null}},"13":{"start":{"line":38,"column":12},"end":{"line":38,"column":18}},"14":{"start":{"line":40,"column":20},"end":{"line":40,"column":54}},"15":{"start":{"line":41,"column":8},"end":{"line":46,"column":9}},"16":{"start":{"line":42,"column":12},"end":{"line":42,"column":null}},"17":{"start":{"line":43,"column":12},"end":{"line":43,"column":null}},"18":{"start":{"line":44,"column":12},"end":{"line":44,"column":null}},"19":{"start":{"line":45,"column":12},"end":{"line":45,"column":18}},"20":{"start":{"line":47,"column":19},"end":{"line":47,"column":56}},"21":{"start":{"line":48,"column":8},"end":{"line":52,"column":9}},"22":{"start":{"line":49,"column":12},"end":{"line":49,"column":null}},"23":{"start":{"line":50,"column":12},"end":{"line":50,"column":null}},"24":{"start":{"line":51,"column":12},"end":{"line":51,"column":null}},"25":{"start":{"line":56,"column":8},"end":{"line":56,"column":null}},"26":{"start":{"line":61,"column":8},"end":{"line":61,"column":null}},"27":{"start":{"line":65,"column":8},"end":{"line":65,"column":null}}},"fnMap":{"0":{"name":"(anonymous_0)","decl":{"start":{"line":21,"column":4},"end":{"line":21,"column":10}},"loc":{"start":{"line":21,"column":22},"end":{"line":29,"column":5}}},"1":{"name":"(anonymous_1)","decl":{"start":{"line":31,"column":4},"end":{"line":31,"column":11}},"loc":{"start":{"line":31,"column":39},"end":{"line":53,"column":5}}},"2":{"name":"(anonymous_2)","decl":{"start":{"line":55,"column":4},"end":{"line":55,"column":18}},"loc":{"start":{"line":55,"column":33},"end":{"line":57,"column":5}}},"3":{"name":"(anonymous_3)","decl":{"start":{"line":59,"column":4},"end":{"line":59,"column":19}},"loc":{"start":{"line":59,"column":36},"end":{"line":62,"column":5}}},"4":{"name":"(anonymous_4)","decl":{"start":{"line":64,"column":4},"end":{"line":64,"column":16}},"loc":{"start":{"line":64,"column":28},"end":{"line":66,"column":5}}}},"branchMap":{"0":{"loc":{"start":{"line":22,"column":8},"end":{"line":22,"column":null}},"type":"if","locations":[{"start":{"line":22,"column":8},"end":{"line":22,"column":null}}]},"1":{"loc":{"start":{"line":25,"column":12},"end":{"line":27,"column":44}},"type":"binary-expr","locations":[{"start":{"line":25,"column":12},"end":{"line":25,"column":31}},{"start":{"line":26,"column":12},"end":{"line":26,"column":41}},{"start":{"line":27,"column":12},"end":{"line":27,"column":44}}]},"2":{"loc":{"start":{"line":34,"column":8},"end":{"line":39,"column":9}},"type":"if","locations":[{"start":{"line":34,"column":8},"end":{"line":39,"column":9}}]},"3":{"loc":{"start":{"line":41,"column":8},"end":{"line":46,"column":9}},"type":"if","locations":[{"start":{"line":41,"column":8},"end":{"line":46,"column":9}}]},"4":{"loc":{"start":{"line":48,"column":8},"end":{"line":52,"column":9}},"type":"if","locations":[{"start":{"line":48,"column":8},"end":{"line":52,"column":9}}]}},"s":{"0":94,"1":94,"2":94,"3":524,"4":512,"5":12,"6":12,"7":6,"8":6,"9":6,"10":2,"11":2,"12":2,"13":2,"14":4,"15":4,"16":2,"17":2,"18":2,"19":2,"20":2,"21":2,"22":2,"23":2,"24":2,"25":0,"26":2,"27":6},"f":{"0":524,"1":6,"2":0,"3":2,"4":6},"b":{"0":[512],"1":[12,8,4],"2":[2],"3":[2],"4":[2]}}
,"/Users/nathaniellaquis/link-parser/src/utils/parse/platforms/artstation/index.ts": {"path":"/Users/nathaniellaquis/link-parser/src/utils/parse/platforms/artstation/index.ts","statementMap":{"0":{"start":{"line":1,"column":0},"end":{"line":1,"column":71}},"1":{"start":{"line":2,"column":0},"end":{"line":2,"column":43}},"2":{"start":{"line":4,"column":24},"end":{"line":4,"column":47}},"3":{"start":{"line":6,"column":21},"end":{"line":6,"column":88}},"4":{"start":{"line":7,"column":21},"end":{"line":7,"column":93}},"5":{"start":{"line":8,"column":21},"end":{"line":8,"column":94}},"6":{"start":{"line":10,"column":13},"end":{"line":63,"column":null}},"7":{"start":{"line":27,"column":8},"end":{"line":27,"column":null}},"8":{"start":{"line":27,"column":45},"end":{"line":27,"column":null}},"9":{"start":{"line":28,"column":8},"end":{"line":28,"column":null}},"10":{"start":{"line":32,"column":19},"end":{"line":32,"column":67}},"11":{"start":{"line":33,"column":8},"end":{"line":38,"column":9}},"12":{"start":{"line":34,"column":12},"end":{"line":34,"column":null}},"13":{"start":{"line":35,"column":12},"end":{"line":35,"column":null}},"14":{"start":{"line":36,"column":12},"end":{"line":36,"column":null}},"15":{"start":{"line":37,"column":12},"end":{"line":37,"column":18}},"16":{"start":{"line":39,"column":18},"end":{"line":39,"column":40}},"17":{"start":{"line":40,"column":8},"end":{"line":44,"column":9}},"18":{"start":{"line":41,"column":12},"end":{"line":41,"column":null}},"19":{"start":{"line":42,"column":12},"end":{"line":42,"column":null}},"20":{"start":{"line":43,"column":12},"end":{"line":43,"column":null}},"21":{"start":{"line":48,"column":8},"end":{"line":48,"column":null}},"22":{"start":{"line":52,"column":8},"end":{"line":52,"column":null}},"23":{"start":{"line":56,"column":8},"end":{"line":56,"column":null}},"24":{"start":{"line":56,"column":54},"end":{"line":56,"column":null}},"25":{"start":{"line":57,"column":8},"end":{"line":57,"column":null}},"26":{"start":{"line":61,"column":8},"end":{"line":61,"column":null}}},"fnMap":{"0":{"name":"(anonymous_0)","decl":{"start":{"line":26,"column":4},"end":{"line":26,"column":10}},"loc":{"start":{"line":26,"column":22},"end":{"line":29,"column":5}}},"1":{"name":"(anonymous_1)","decl":{"start":{"line":31,"column":4},"end":{"line":31,"column":11}},"loc":{"start":{"line":31,"column":42},"end":{"line":45,"column":5}}},"2":{"name":"(anonymous_2)","decl":{"start":{"line":47,"column":4},"end":{"line":47,"column":18}},"loc":{"start":{"line":47,"column":33},"end":{"line":49,"column":5}}},"3":{"name":"(anonymous_3)","decl":{"start":{"line":51,"column":4},"end":{"line":51,"column":19}},"loc":{"start":{"line":51,"column":36},"end":{"line":53,"column":5}}},"4":{"name":"(anonymous_4)","decl":{"start":{"line":55,"column":4},"end":{"line":55,"column":19}},"loc":{"start":{"line":55,"column":44},"end":{"line":58,"column":5}}},"5":{"name":"(anonymous_5)","decl":{"start":{"line":60,"column":4},"end":{"line":60,"column":16}},"loc":{"start":{"line":60,"column":28},"end":{"line":62,"column":5}}}},"branchMap":{"0":{"loc":{"start":{"line":27,"column":8},"end":{"line":27,"column":null}},"type":"if","locations":[{"start":{"line":27,"column":8},"end":{"line":27,"column":null}}]},"1":{"loc":{"start":{"line":28,"column":15},"end":{"line":28,"column":89}},"type":"binary-expr","locations":[{"start":{"line":28,"column":15},"end":{"line":28,"column":37}},{"start":{"line":28,"column":41},"end":{"line":28,"column":63}},{"start":{"line":28,"column":67},"end":{"line":28,"column":89}}]},"2":{"loc":{"start":{"line":32,"column":19},"end":{"line":32,"column":67}},"type":"binary-expr","locations":[{"start":{"line":32,"column":19},"end":{"line":32,"column":41}},{"start":{"line":32,"column":45},"end":{"line":32,"column":67}}]},"3":{"loc":{"start":{"line":33,"column":8},"end":{"line":38,"column":9}},"type":"if","locations":[{"start":{"line":33,"column":8},"end":{"line":38,"column":9}}]},"4":{"loc":{"start":{"line":40,"column":8},"end":{"line":44,"column":9}},"type":"if","locations":[{"start":{"line":40,"column":8},"end":{"line":44,"column":9}}]},"5":{"loc":{"start":{"line":56,"column":8},"end":{"line":56,"column":null}},"type":"if","locations":[{"start":{"line":56,"column":8},"end":{"line":56,"column":null}}]},"6":{"loc":{"start":{"line":56,"column":12},"end":{"line":56,"column":52}},"type":"binary-expr","locations":[{"start":{"line":56,"column":12},"end":{"line":56,"column":30}},{"start":{"line":56,"column":34},"end":{"line":56,"column":52}}]}},"s":{"0":94,"1":94,"2":94,"3":94,"4":94,"5":94,"6":94,"7":274,"8":266,"9":8,"10":4,"11":4,"12":2,"13":2,"14":2,"15":2,"16":2,"17":2,"18":2,"19":2,"20":2,"21":0,"22":4,"23":2,"24":2,"25":0,"26":4},"f":{"0":274,"1":4,"2":0,"3":4,"4":2,"5":4},"b":{"0":[266],"1":[8,4,0],"2":[4,2],"3":[2],"4":[2],"5":[2],"6":[2,0]}}
,"/Users/nathaniellaquis/link-parser/src/utils/parse/platforms/audiomack/index.ts": {"path":"/Users/nathaniellaquis/link-parser/src/utils/parse/platforms/audiomack/index.ts","statementMap":{"0":{"start":{"line":1,"column":0},"end":{"line":1,"column":71}},"1":{"start":{"line":3,"column":13},"end":{"line":69,"column":null}},"2":{"start":{"line":20,"column":8},"end":{"line":20,"column":null}},"3":{"start":{"line":20,"column":44},"end":{"line":20,"column":null}},"4":{"start":{"line":21,"column":18},"end":{"line":21,"column":31}},"5":{"start":{"line":22,"column":8},"end":{"line":26,"column":null}},"6":{"start":{"line":30,"column":29},"end":{"line":30,"column":33}},"7":{"start":{"line":32,"column":21},"end":{"line":32,"column":47}},"8":{"start":{"line":33,"column":8},"end":{"line":38,"column":9}},"9":{"start":{"line":34,"column":12},"end":{"line":34,"column":null}},"10":{"start":{"line":35,"column":12},"end":{"line":35,"column":null}},"11":{"start":{"line":36,"column":12},"end":{"line":36,"column":null}},"12":{"start":{"line":37,"column":12},"end":{"line":37,"column":18}},"13":{"start":{"line":40,"column":21},"end":{"line":40,"column":54}},"14":{"start":{"line":41,"column":8},"end":{"line":47,"column":9}},"15":{"start":{"line":42,"column":12},"end":{"line":42,"column":null}},"16":{"start":{"line":43,"column":12},"end":{"line":43,"column":null}},"17":{"start":{"line":44,"column":12},"end":{"line":44,"column":null}},"18":{"start":{"line":45,"column":12},"end":{"line":45,"column":null}},"19":{"start":{"line":46,"column":12},"end":{"line":46,"column":18}},"20":{"start":{"line":49,"column":22},"end":{"line":49,"column":56}},"21":{"start":{"line":50,"column":8},"end":{"line":55,"column":9}},"22":{"start":{"line":51,"column":12},"end":{"line":51,"column":null}},"23":{"start":{"line":52,"column":12},"end":{"line":52,"column":null}},"24":{"start":{"line":53,"column":12},"end":{"line":53,"column":null}},"25":{"start":{"line":54,"column":12},"end":{"line":54,"column":null}},"26":{"start":{"line":59,"column":8},"end":{"line":59,"column":null}},"27":{"start":{"line":63,"column":8},"end":{"line":63,"column":null}},"28":{"start":{"line":67,"column":8},"end":{"line":67,"column":null}}},"fnMap":{"0":{"name":"(anonymous_0)","decl":{"start":{"line":19,"column":4},"end":{"line":19,"column":10}},"loc":{"start":{"line":19,"column":22},"end":{"line":27,"column":5}}},"1":{"name":"(anonymous_1)","decl":{"start":{"line":29,"column":4},"end":{"line":29,"column":11}},"loc":{"start":{"line":29,"column":39},"end":{"line":56,"column":5}}},"2":{"name":"(anonymous_2)","decl":{"start":{"line":58,"column":4},"end":{"line":58,"column":18}},"loc":{"start":{"line":58,"column":33},"end":{"line":60,"column":5}}},"3":{"name":"(anonymous_3)","decl":{"start":{"line":62,"column":4},"end":{"line":62,"column":19}},"loc":{"start":{"line":62,"column":34},"end":{"line":64,"column":5}}},"4":{"name":"(anonymous_4)","decl":{"start":{"line":66,"column":4},"end":{"line":66,"column":16}},"loc":{"start":{"line":66,"column":28},"end":{"line":68,"column":5}}}},"branchMap":{"0":{"loc":{"start":{"line":20,"column":8},"end":{"line":20,"column":null}},"type":"if","locations":[{"start":{"line":20,"column":8},"end":{"line":20,"column":null}}]},"1":{"loc":{"start":{"line":23,"column":12},"end":{"line":25,"column":41}},"type":"binary-expr","locations":[{"start":{"line":23,"column":12},"end":{"line":23,"column":31}},{"start":{"line":24,"column":12},"end":{"line":24,"column":40}},{"start":{"line":25,"column":12},"end":{"line":25,"column":41}}]},"2":{"loc":{"start":{"line":33,"column":8},"end":{"line":38,"column":9}},"type":"if","locations":[{"start":{"line":33,"column":8},"end":{"line":38,"column":9}}]},"3":{"loc":{"start":{"line":41,"column":8},"end":{"line":47,"column":9}},"type":"if","locations":[{"start":{"line":41,"column":8},"end":{"line":47,"column":9}}]},"4":{"loc":{"start":{"line":50,"column":8},"end":{"line":55,"column":9}},"type":"if","locations":[{"start":{"line":50,"column":8},"end":{"line":55,"column":9}}]}},"s":{"0":94,"1":94,"2":490,"3":474,"4":16,"5":16,"6":6,"7":6,"8":6,"9":2,"10":2,"11":2,"12":2,"13":4,"14":4,"15":2,"16":2,"17":2,"18":2,"19":2,"20":2,"21":2,"22":2,"23":2,"24":2,"25":2,"26":0,"27":4,"28":6},"f":{"0":490,"1":6,"2":0,"3":4,"4":6},"b":{"0":[474],"1":[16,12,8],"2":[2],"3":[2],"4":[2]}}
,"/Users/nathaniellaquis/link-parser/src/utils/parse/platforms/audius/index.ts": {"path":"/Users/nathaniellaquis/link-parser/src/utils/parse/platforms/audius/index.ts","statementMap":{"0":{"start":{"line":1,"column":0},"end":{"line":1,"column":71}},"1":{"start":{"line":2,"column":0},"end":{"line":2,"column":43}},"2":{"start":{"line":4,"column":24},"end":{"line":4,"column":46}},"3":{"start":{"line":5,"column":20},"end":{"line":5,"column":32}},"4":{"start":{"line":7,"column":21},"end":{"line":7,"column":82}},"5":{"start":{"line":8,"column":19},"end":{"line":8,"column":121}},"6":{"start":{"line":10,"column":13},"end":{"line":63,"column":null}},"7":{"start":{"line":26,"column":8},"end":{"line":26,"column":null}},"8":{"start":{"line":26,"column":40},"end":{"line":26,"column":null}},"9":{"start":{"line":27,"column":8},"end":{"line":27,"column":null}},"10":{"start":{"line":31,"column":18},"end":{"line":31,"column":38}},"11":{"start":{"line":32,"column":8},"end":{"line":38,"column":9}},"12":{"start":{"line":33,"column":12},"end":{"line":33,"column":null}},"13":{"start":{"line":34,"column":12},"end":{"line":34,"column":null}},"14":{"start":{"line":35,"column":12},"end":{"line":35,"column":null}},"15":{"start":{"line":36,"column":12},"end":{"line":36,"column":null}},"16":{"start":{"line":37,"column":12},"end":{"line":37,"column":18}},"17":{"start":{"line":39,"column":18},"end":{"line":39,"column":40}},"18":{"start":{"line":40,"column":8},"end":{"line":44,"column":9}},"19":{"start":{"line":41,"column":12},"end":{"line":41,"column":null}},"20":{"start":{"line":42,"column":12},"end":{"line":42,"column":null}},"21":{"start":{"line":43,"column":12},"end":{"line":43,"column":null}},"22":{"start":{"line":48,"column":8},"end":{"line":48,"column":null}},"23":{"start":{"line":52,"column":8},"end":{"line":52,"column":null}},"24":{"start":{"line":56,"column":8},"end":{"line":56,"column":null}},"25":{"start":{"line":56,"column":30},"end":{"line":56,"column":null}},"26":{"start":{"line":57,"column":8},"end":{"line":57,"column":null}},"27":{"start":{"line":61,"column":8},"end":{"line":61,"column":null}}},"fnMap":{"0":{"name":"(anonymous_0)","decl":{"start":{"line":25,"column":4},"end":{"line":25,"column":10}},"loc":{"start":{"line":25,"column":22},"end":{"line":28,"column":5}}},"1":{"name":"(anonymous_1)","decl":{"start":{"line":30,"column":4},"end":{"line":30,"column":11}},"loc":{"start":{"line":30,"column":42},"end":{"line":45,"column":5}}},"2":{"name":"(anonymous_2)","decl":{"start":{"line":47,"column":4},"end":{"line":47,"column":18}},"loc":{"start":{"line":47,"column":33},"end":{"line":49,"column":5}}},"3":{"name":"(anonymous_3)","decl":{"start":{"line":51,"column":4},"end":{"line":51,"column":19}},"loc":{"start":{"line":51,"column":36},"end":{"line":53,"column":5}}},"4":{"name":"(anonymous_4)","decl":{"start":{"line":55,"column":4},"end":{"line":55,"column":19}},"loc":{"start":{"line":55,"column":44},"end":{"line":58,"column":5}}},"5":{"name":"(anonymous_5)","decl":{"start":{"line":60,"column":4},"end":{"line":60,"column":16}},"loc":{"start":{"line":60,"column":28},"end":{"line":62,"column":5}}}},"branchMap":{"0":{"loc":{"start":{"line":26,"column":8},"end":{"line":26,"column":null}},"type":"if","locations":[{"start":{"line":26,"column":8},"end":{"line":26,"column":null}}]},"1":{"loc":{"start":{"line":27,"column":15},"end":{"line":27,"column":61}},"type":"binary-expr","locations":[{"start":{"line":27,"column":15},"end":{"line":27,"column":37}},{"start":{"line":27,"column":41},"end":{"line":27,"column":61}}]},"2":{"loc":{"start":{"line":32,"column":8},"end":{"line":38,"column":9}},"type":"if","locations":[{"start":{"line":32,"column":8},"end":{"line":38,"column":9}}]},"3":{"loc":{"start":{"line":40,"column":8},"end":{"line":44,"column":9}},"type":"if","locations":[{"start":{"line":40,"column":8},"end":{"line":44,"column":9}}]},"4":{"loc":{"start":{"line":56,"column":8},"end":{"line":56,"column":null}},"type":"if","locations":[{"start":{"line":56,"column":8},"end":{"line":56,"column":null}}]}},"s":{"0":94,"1":94,"2":94,"3":94,"4":94,"5":94,"6":94,"7":266,"8":258,"9":8,"10":4,"11":4,"12":2,"13":2,"14":2,"15":2,"16":2,"17":2,"18":2,"19":2,"20":2,"21":2,"22":0,"23":4,"24":2,"25":2,"26":0,"27":4},"f":{"0":266,"1":4,"2":0,"3":4,"4":2,"5":4},"b":{"0":[258],"1":[8,4],"2":[2],"3":[2],"4":[2]}}
,"/Users/nathaniellaquis/link-parser/src/utils/parse/platforms/bandcamp/index.ts": {"path":"/Users/nathaniellaquis/link-parser/src/utils/parse/platforms/bandcamp/index.ts","statementMap":{"0":{"start":{"line":1,"column":0},"end":{"line":1,"column":71}},"1":{"start":{"line":3,"column":13},"end":{"line":72,"column":null}},"2":{"start":{"line":21,"column":8},"end":{"line":21,"column":null}},"3":{"start":{"line":21,"column":44},"end":{"line":21,"column":null}},"4":{"start":{"line":22,"column":18},"end":{"line":22,"column":31}},"5":{"start":{"line":23,"column":8},"end":{"line":27,"column":null}},"6":{"start":{"line":31,"column":29},"end":{"line":31,"column":33}},"7":{"start":{"line":33,"column":21},"end":{"line":33,"column":47}},"8":{"start":{"line":34,"column":8},"end":{"line":39,"column":9}},"9":{"start":{"line":35,"column":12},"end":{"line":35,"column":null}},"10":{"start":{"line":36,"column":12},"end":{"line":36,"column":null}},"11":{"start":{"line":37,"column":12},"end":{"line":37,"column":null}},"12":{"start":{"line":38,"column":12},"end":{"line":38,"column":18}},"13":{"start":{"line":41,"column":20},"end":{"line":41,"column":54}},"14":{"start":{"line":42,"column":8},"end":{"line":50,"column":9}},"15":{"start":{"line":43,"column":27},"end":{"line":43,"column":33}},"16":{"start":{"line":44,"column":25},"end":{"line":44,"column":31}},"17":{"start":{"line":45,"column":12},"end":{"line":45,"column":null}},"18":{"start":{"line":46,"column":12},"end":{"line":46,"column":null}},"19":{"start":{"line":47,"column":12},"end":{"line":47,"column":null}},"20":{"start":{"line":48,"column":12},"end":{"line":48,"column":null}},"21":{"start":{"line":49,"column":12},"end":{"line":49,"column":18}},"22":{"start":{"line":52,"column":19},"end":{"line":52,"column":53}},"23":{"start":{"line":53,"column":8},"end":{"line":58,"column":9}},"24":{"start":{"line":54,"column":12},"end":{"line":54,"column":null}},"25":{"start":{"line":55,"column":12},"end":{"line":55,"column":null}},"26":{"start":{"line":56,"column":12},"end":{"line":56,"column":null}},"27":{"start":{"line":57,"column":12},"end":{"line":57,"column":null}},"28":{"start":{"line":62,"column":8},"end":{"line":62,"column":null}},"29":{"start":{"line":66,"column":8},"end":{"line":66,"column":null}},"30":{"start":{"line":70,"column":8},"end":{"line":70,"column":null}}},"fnMap":{"0":{"name":"(anonymous_0)","decl":{"start":{"line":20,"column":4},"end":{"line":20,"column":10}},"loc":{"start":{"line":20,"column":22},"end":{"line":28,"column":5}}},"1":{"name":"(anonymous_1)","decl":{"start":{"line":30,"column":4},"end":{"line":30,"column":11}},"loc":{"start":{"line":30,"column":39},"end":{"line":59,"column":5}}},"2":{"name":"(anonymous_2)","decl":{"start":{"line":61,"column":4},"end":{"line":61,"column":18}},"loc":{"start":{"line":61,"column":33},"end":{"line":63,"column":5}}},"3":{"name":"(anonymous_3)","decl":{"start":{"line":65,"column":4},"end":{"line":65,"column":19}},"loc":{"start":{"line":65,"column":34},"end":{"line":67,"column":5}}},"4":{"name":"(anonymous_4)","decl":{"start":{"line":69,"column":4},"end":{"line":69,"column":16}},"loc":{"start":{"line":69,"column":28},"end":{"line":71,"column":5}}}},"branchMap":{"0":{"loc":{"start":{"line":21,"column":8},"end":{"line":21,"column":null}},"type":"if","locations":[{"start":{"line":21,"column":8},"end":{"line":21,"column":null}}]},"1":{"loc":{"start":{"line":24,"column":12},"end":{"line":26,"column":41}},"type":"binary-expr","locations":[{"start":{"line":24,"column":12},"end":{"line":24,"column":31}},{"start":{"line":25,"column":12},"end":{"line":25,"column":41}},{"start":{"line":26,"column":12},"end":{"line":26,"column":41}}]},"2":{"loc":{"start":{"line":34,"column":8},"end":{"line":39,"column":9}},"type":"if","locations":[{"start":{"line":34,"column":8},"end":{"line":39,"column":9}}]},"3":{"loc":{"start":{"line":42,"column":8},"end":{"line":50,"column":9}},"type":"if","locations":[{"start":{"line":42,"column":8},"end":{"line":50,"column":9}}]},"4":{"loc":{"start":{"line":53,"column":8},"end":{"line":58,"column":9}},"type":"if","locations":[{"start":{"line":53,"column":8},"end":{"line":58,"column":9}}]}},"s":{"0":94,"1":94,"2":500,"3":484,"4":16,"5":16,"6":6,"7":6,"8":6,"9":2,"10":2,"11":2,"12":2,"13":4,"14":4,"15":2,"16":2,"17":2,"18":2,"19":2,"20":2,"21":2,"22":2,"23":2,"24":2,"25":2,"26":2,"27":2,"28":0,"29":4,"30":6},"f":{"0":500,"1":6,"2":0,"3":4,"4":6},"b":{"0":[484],"1":[16,12,8],"2":[2],"3":[2],"4":[2]}}
,"/Users/nathaniellaquis/link-parser/src/utils/parse/platforms/bandlab/index.ts": {"path":"/Users/nathaniellaquis/link-parser/src/utils/parse/platforms/bandlab/index.ts","statementMap":{"0":{"start":{"line":1,"column":0},"end":{"line":1,"column":71}},"1":{"start":{"line":2,"column":0},"end":{"line":2,"column":43}},"2":{"start":{"line":4,"column":24},"end":{"line":4,"column":47}},"3":{"start":{"line":6,"column":21},"end":{"line":6,"column":85}},"4":{"start":{"line":7,"column":18},"end":{"line":7,"column":100}},"5":{"start":{"line":9,"column":13},"end":{"line":62,"column":null}},"6":{"start":{"line":25,"column":8},"end":{"line":25,"column":null}},"7":{"start":{"line":25,"column":42},"end":{"line":25,"column":null}},"8":{"start":{"line":26,"column":8},"end":{"line":26,"column":null}},"9":{"start":{"line":30,"column":18},"end":{"line":30,"column":37}},"10":{"start":{"line":31,"column":8},"end":{"line":37,"column":9}},"11":{"start":{"line":32,"column":12},"end":{"line":32,"column":null}},"12":{"start":{"line":33,"column":12},"end":{"line":33,"column":null}},"13":{"start":{"line":34,"column":12},"end":{"line":34,"column":null}},"14":{"start":{"line":35,"column":12},"end":{"line":35,"column":null}},"15":{"start":{"line":36,"column":12},"end":{"line":36,"column":18}},"16":{"start":{"line":38,"column":18},"end":{"line":38,"column":40}},"17":{"start":{"line":39,"column":8},"end":{"line":43,"column":9}},"18":{"start":{"line":40,"column":12},"end":{"line":40,"column":null}},"19":{"start":{"line":41,"column":12},"end":{"line":41,"column":null}},"20":{"start":{"line":42,"column":12},"end":{"line":42,"column":null}},"21":{"start":{"line":47,"column":8},"end":{"line":47,"column":null}},"22":{"start":{"line":51,"column":8},"end":{"line":51,"column":null}},"23":{"start":{"line":55,"column":8},"end":{"line":55,"column":null}},"24":{"start":{"line":55,"column":29},"end":{"line":55,"column":null}},"25":{"start":{"line":56,"column":8},"end":{"line":56,"column":null}},"26":{"start":{"line":60,"column":8},"end":{"line":60,"column":null}}},"fnMap":{"0":{"name":"(anonymous_0)","decl":{"start":{"line":24,"column":4},"end":{"line":24,"column":10}},"loc":{"start":{"line":24,"column":22},"end":{"line":27,"column":5}}},"1":{"name":"(anonymous_1)","decl":{"start":{"line":29,"column":4},"end":{"line":29,"column":11}},"loc":{"start":{"line":29,"column":42},"end":{"line":44,"column":5}}},"2":{"name":"(anonymous_2)","decl":{"start":{"line":46,"column":4},"end":{"line":46,"column":18}},"loc":{"start":{"line":46,"column":33},"end":{"line":48,"column":5}}},"3":{"name":"(anonymous_3)","decl":{"start":{"line":50,"column":4},"end":{"line":50,"column":19}},"loc":{"start":{"line":50,"column":36},"end":{"line":52,"column":5}}},"4":{"name":"(anonymous_4)","decl":{"start":{"line":54,"column":4},"end":{"line":54,"column":19}},"loc":{"start":{"line":54,"column":44},"end":{"line":57,"column":5}}},"5":{"name":"(anonymous_5)","decl":{"start":{"line":59,"column":4},"end":{"line":59,"column":16}},"loc":{"start":{"line":59,"column":28},"end":{"line":61,"column":5}}}},"branchMap":{"0":{"loc":{"start":{"line":25,"column":8},"end":{"line":25,"column":null}},"type":"if","locations":[{"start":{"line":25,"column":8},"end":{"line":25,"column":null}}]},"1":{"loc":{"start":{"line":26,"column":15},"end":{"line":26,"column":60}},"type":"binary-expr","locations":[{"start":{"line":26,"column":15},"end":{"line":26,"column":37}},{"start":{"line":26,"column":41},"end":{"line":26,"column":60}}]},"2":{"loc":{"start":{"line":31,"column":8},"end":{"line":37,"column":9}},"type":"if","locations":[{"start":{"line":31,"column":8},"end":{"line":37,"column":9}}]},"3":{"loc":{"start":{"line":39,"column":8},"end":{"line":43,"column":9}},"type":"if","locations":[{"start":{"line":39,"column":8},"end":{"line":43,"column":9}}]},"4":{"loc":{"start":{"line":55,"column":8},"end":{"line":55,"column":null}},"type":"if","locations":[{"start":{"line":55,"column":8},"end":{"line":55,"column":null}}]}},"s":{"0":94,"1":94,"2":94,"3":94,"4":94,"5":94,"6":256,"7":248,"8":8,"9":4,"10":4,"11":2,"12":2,"13":2,"14":2,"15":2,"16":2,"17":2,"18":2,"19":2,"20":2,"21":0,"22":2,"23":0,"24":0,"25":0,"26":4},"f":{"0":256,"1":4,"2":0,"3":2,"4":0,"5":4},"b":{"0":[248],"1":[8,4],"2":[2],"3":[2],"4":[0]}}
,"/Users/nathaniellaquis/link-parser/src/utils/parse/platforms/bandsintown/index.ts": {"path":"/Users/nathaniellaquis/link-parser/src/utils/parse/platforms/bandsintown/index.ts","statementMap":{"0":{"start":{"line":1,"column":0},"end":{"line":1,"column":71}},"1":{"start":{"line":3,"column":13},"end":{"line":55,"column":null}},"2":{"start":{"line":19,"column":8},"end":{"line":19,"column":null}},"3":{"start":{"line":19,"column":46},"end":{"line":19,"column":null}},"4":{"start":{"line":20,"column":8},"end":{"line":20,"column":null}},"5":{"start":{"line":24,"column":19},"end":{"line":24,"column":58}},"6":{"start":{"line":25,"column":8},"end":{"line":30,"column":9}},"7":{"start":{"line":26,"column":12},"end":{"line":26,"column":null}},"8":{"start":{"line":27,"column":12},"end":{"line":27,"column":null}},"9":{"start":{"line":28,"column":12},"end":{"line":28,"column":null}},"10":{"start":{"line":29,"column":12},"end":{"line":29,"column":18}},"11":{"start":{"line":31,"column":20},"end":{"line":31,"column":51}},"12":{"start":{"line":32,"column":8},"end":{"line":36,"column":9}},"13":{"start":{"line":33,"column":12},"end":{"line":33,"column":null}},"14":{"start":{"line":34,"column":12},"end":{"line":34,"column":null}},"15":{"start":{"line":35,"column":12},"end":{"line":35,"column":null}},"16":{"start":{"line":40,"column":8},"end":{"line":40,"column":null}},"17":{"start":{"line":44,"column":8},"end":{"line":44,"column":null}},"18":{"start":{"line":48,"column":8},"end":{"line":48,"column":null}},"19":{"start":{"line":48,"column":37},"end":{"line":48,"column":null}},"20":{"start":{"line":49,"column":8},"end":{"line":49,"column":null}},"21":{"start":{"line":53,"column":8},"end":{"line":53,"column":null}}},"fnMap":{"0":{"name":"(anonymous_0)","decl":{"start":{"line":18,"column":4},"end":{"line":18,"column":10}},"loc":{"start":{"line":18,"column":22},"end":{"line":21,"column":5}}},"1":{"name":"(anonymous_1)","decl":{"start":{"line":23,"column":4},"end":{"line":23,"column":11}},"loc":{"start":{"line":23,"column":39},"end":{"line":37,"column":5}}},"2":{"name":"(anonymous_2)","decl":{"start":{"line":39,"column":4},"end":{"line":39,"column":18}},"loc":{"start":{"line":39,"column":33},"end":{"line":41,"column":5}}},"3":{"name":"(anonymous_3)","decl":{"start":{"line":43,"column":4},"end":{"line":43,"column":19}},"loc":{"start":{"line":43,"column":30},"end":{"line":45,"column":5}}},"4":{"name":"(anonymous_4)","decl":{"start":{"line":47,"column":4},"end":{"line":47,"column":19}},"loc":{"start":{"line":47,"column":51},"end":{"line":50,"column":5}}},"5":{"name":"(anonymous_5)","decl":{"start":{"line":52,"column":4},"end":{"line":52,"column":16}},"loc":{"start":{"line":52,"column":28},"end":{"line":54,"column":5}}}},"branchMap":{"0":{"loc":{"start":{"line":19,"column":8},"end":{"line":19,"column":null}},"type":"if","locations":[{"start":{"line":19,"column":8},"end":{"line":19,"column":null}}]},"1":{"loc":{"start":{"line":20,"column":15},"end":{"line":20,"column":91}},"type":"binary-expr","locations":[{"start":{"line":20,"column":15},"end":{"line":20,"column":46}},{"start":{"line":20,"column":50},"end":{"line":20,"column":91}}]},"2":{"loc":{"start":{"line":25,"column":8},"end":{"line":30,"column":9}},"type":"if","locations":[{"start":{"line":25,"column":8},"end":{"line":30,"column":9}}]},"3":{"loc":{"start":{"line":32,"column":8},"end":{"line":36,"column":9}},"type":"if","locations":[{"start":{"line":32,"column":8},"end":{"line":36,"column":9}}]},"4":{"loc":{"start":{"line":48,"column":8},"end":{"line":48,"column":null}},"type":"if","locations":[{"start":{"line":48,"column":8},"end":{"line":48,"column":null}}]}},"s":{"0":94,"1":94,"2":358,"3":350,"4":8,"5":4,"6":4,"7":2,"8":2,"9":2,"10":2,"11":2,"12":2,"13":2,"14":2,"15":2,"16":0,"17":0,"18":0,"19":0,"20":0,"21":4},"f":{"0":358,"1":4,"2":0,"3":0,"4":0,"5":4},"b":{"0":[350],"1":[8,4],"2":[2],"3":[2],"4":[0]}}
,"/Users/nathaniellaquis/link-parser/src/utils/parse/platforms/beatport/index.ts": {"path":"/Users/nathaniellaquis/link-parser/src/utils/parse/platforms/beatport/index.ts","statementMap":{"0":{"start":{"line":1,"column":0},"end":{"line":1,"column":71}},"1":{"start":{"line":2,"column":0},"end":{"line":2,"column":43}},"2":{"start":{"line":4,"column":13},"end":{"line":4,"column":28}},"3":{"start":{"line":6,"column":20},"end":{"line":6,"column":117}},"4":{"start":{"line":7,"column":19},"end":{"line":7,"column":115}},"5":{"start":{"line":8,"column":21},"end":{"line":8,"column":119}},"6":{"start":{"line":10,"column":13},"end":{"line":71,"column":null}},"7":{"start":{"line":27,"column":8},"end":{"line":27,"column":null}},"8":{"start":{"line":27,"column":43},"end":{"line":27,"column":null}},"9":{"start":{"line":28,"column":8},"end":{"line":28,"column":null}},"10":{"start":{"line":32,"column":19},"end":{"line":32,"column":39}},"11":{"start":{"line":33,"column":8},"end":{"line":38,"column":9}},"12":{"start":{"line":34,"column":12},"end":{"line":34,"column":null}},"13":{"start":{"line":35,"column":12},"end":{"line":35,"column":null}},"14":{"start":{"line":36,"column":12},"end":{"line":36,"column":null}},"15":{"start":{"line":37,"column":12},"end":{"line":37,"column":18}},"16":{"start":{"line":39,"column":20},"end":{"line":39,"column":42}},"17":{"start":{"line":40,"column":8},"end":{"line":44,"column":9}},"18":{"start":{"line":41,"column":12},"end":{"line":41,"column":null}},"19":{"start":{"line":42,"column":12},"end":{"line":42,"column":null}},"20":{"start":{"line":43,"column":12},"end":{"line":43,"column":18}},"21":{"start":{"line":45,"column":19},"end":{"line":45,"column":40}},"22":{"start":{"line":46,"column":8},"end":{"line":51,"column":9}},"23":{"start":{"line":47,"column":12},"end":{"line":47,"column":null}},"24":{"start":{"line":48,"column":12},"end":{"line":48,"column":null}},"25":{"start":{"line":49,"column":12},"end":{"line":49,"column":null}},"26":{"start":{"line":50,"column":12},"end":{"line":50,"column":null}},"27":{"start":{"line":55,"column":8},"end":{"line":55,"column":null}},"28":{"start":{"line":59,"column":8},"end":{"line":59,"column":null}},"29":{"start":{"line":63,"column":8},"end":{"line":63,"column":null}},"30":{"start":{"line":63,"column":30},"end":{"line":63,"column":null}},"31":{"start":{"line":64,"column":8},"end":{"line":64,"column":null}},"32":{"start":{"line":64,"column":32},"end":{"line":64,"column":null}},"33":{"start":{"line":65,"column":8},"end":{"line":65,"column":null}},"34":{"start":{"line":69,"column":8},"end":{"line":69,"column":null}}},"fnMap":{"0":{"name":"(anonymous_0)","decl":{"start":{"line":26,"column":4},"end":{"line":26,"column":10}},"loc":{"start":{"line":26,"column":22},"end":{"line":29,"column":5}}},"1":{"name":"(anonymous_1)","decl":{"start":{"line":31,"column":4},"end":{"line":31,"column":11}},"loc":{"start":{"line":31,"column":42},"end":{"line":52,"column":5}}},"2":{"name":"(anonymous_2)","decl":{"start":{"line":54,"column":4},"end":{"line":54,"column":18}},"loc":{"start":{"line":54,"column":33},"end":{"line":56,"column":5}}},"3":{"name":"(anonymous_3)","decl":{"start":{"line":58,"column":4},"end":{"line":58,"column":19}},"loc":{"start":{"line":58,"column":36},"end":{"line":60,"column":5}}},"4":{"name":"(anonymous_4)","decl":{"start":{"line":62,"column":4},"end":{"line":62,"column":19}},"loc":{"start":{"line":62,"column":44},"end":{"line":66,"column":5}}},"5":{"name":"(anonymous_5)","decl":{"start":{"line":68,"column":4},"end":{"line":68,"column":16}},"loc":{"start":{"line":68,"column":28},"end":{"line":70,"column":5}}}},"branchMap":{"0":{"loc":{"start":{"line":27,"column":8},"end":{"line":27,"column":null}},"type":"if","locations":[{"start":{"line":27,"column":8},"end":{"line":27,"column":null}}]},"1":{"loc":{"start":{"line":28,"column":15},"end":{"line":28,"column":86}},"type":"binary-expr","locations":[{"start":{"line":28,"column":15},"end":{"line":28,"column":36}},{"start":{"line":28,"column":40},"end":{"line":28,"column":60}},{"start":{"line":28,"column":64},"end":{"line":28,"column":86}}]},"2":{"loc":{"start":{"line":33,"column":8},"end":{"line":38,"column":9}},"type":"if","locations":[{"start":{"line":33,"column":8},"end":{"line":38,"column":9}}]},"3":{"loc":{"start":{"line":40,"column":8},"end":{"line":44,"column":9}},"type":"if","locations":[{"start":{"line":40,"column":8},"end":{"line":44,"column":9}}]},"4":{"loc":{"start":{"line":46,"column":8},"end":{"line":51,"column":9}},"type":"if","locations":[{"start":{"line":46,"column":8},"end":{"line":51,"column":9}}]},"5":{"loc":{"start":{"line":63,"column":8},"end":{"line":63,"column":null}},"type":"if","locations":[{"start":{"line":63,"column":8},"end":{"line":63,"column":null}}]},"6":{"loc":{"start":{"line":64,"column":8},"end":{"line":64,"column":null}},"type":"if","locations":[{"start":{"line":64,"column":8},"end":{"line":64,"column":null}}]}},"s":{"0":94,"1":94,"2":94,"3":94,"4":94,"5":94,"6":94,"7":264,"8":252,"9":12,"10":6,"11":6,"12":2,"13":2,"14":2,"15":2,"16":4,"17":4,"18":2,"19":2,"20":2,"21":2,"22":2,"23":2,"24":2,"25":2,"26":2,"27":0,"28":4,"29":0,"30":0,"31":0,"32":0,"33":0,"34":6},"f":{"0":264,"1":6,"2":0,"3":4,"4":0,"5":6},"b":{"0":[252],"1":[12,8,4],"2":[2],"3":[2],"4":[2],"5":[0],"6":[0]}}
,"/Users/nathaniellaquis/link-parser/src/utils/parse/platforms/behance/index.ts": {"path":"/Users/nathaniellaquis/link-parser/src/utils/parse/platforms/behance/index.ts","statementMap":{"0":{"start":{"line":1,"column":0},"end":{"line":1,"column":71}},"1":{"start":{"line":2,"column":0},"end":{"line":2,"column":43}},"2":{"start":{"line":4,"column":24},"end":{"line":4,"column":47}},"3":{"start":{"line":6,"column":21},"end":{"line":6,"column":85}},"4":{"start":{"line":7,"column":21},"end":{"line":7,"column":96}},"5":{"start":{"line":9,"column":13},"end":{"line":61,"column":null}},"6":{"start":{"line":25,"column":8},"end":{"line":25,"column":null}},"7":{"start":{"line":25,"column":42},"end":{"line":25,"column":null}},"8":{"start":{"line":26,"column":8},"end":{"line":26,"column":null}},"9":{"start":{"line":30,"column":19},"end":{"line":30,"column":41}},"10":{"start":{"line":31,"column":8},"end":{"line":36,"column":9}},"11":{"start":{"line":32,"column":12},"end":{"line":32,"column":null}},"12":{"start":{"line":33,"column":12},"end":{"line":33,"column":null}},"13":{"start":{"line":34,"column":12},"end":{"line":34,"column":null}},"14":{"start":{"line":35,"column":12},"end":{"line":35,"column":18}},"15":{"start":{"line":37,"column":18},"end":{"line":37,"column":40}},"16":{"start":{"line":38,"column":8},"end":{"line":42,"column":9}},"17":{"start":{"line":39,"column":12},"end":{"line":39,"column":null}},"18":{"start":{"line":40,"column":12},"end":{"line":40,"column":null}},"19":{"start":{"line":41,"column":12},"end":{"line":41,"column":null}},"20":{"start":{"line":46,"column":8},"end":{"line":46,"column":null}},"21":{"start":{"line":50,"column":8},"end":{"line":50,"column":null}},"22":{"start":{"line":54,"column":8},"end":{"line":54,"column":null}},"23":{"start":{"line":54,"column":32},"end":{"line":54,"column":null}},"24":{"start":{"line":55,"column":8},"end":{"line":55,"column":null}},"25":{"start":{"line":59,"column":8},"end":{"line":59,"column":null}}},"fnMap":{"0":{"name":"(anonymous_0)","decl":{"start":{"line":24,"column":4},"end":{"line":24,"column":10}},"loc":{"start":{"line":24,"column":22},"end":{"line":27,"column":5}}},"1":{"name":"(anonymous_1)","decl":{"start":{"line":29,"column":4},"end":{"line":29,"column":11}},"loc":{"start":{"line":29,"column":42},"end":{"line":43,"column":5}}},"2":{"name":"(anonymous_2)","decl":{"start":{"line":45,"column":4},"end":{"line":45,"column":18}},"loc":{"start":{"line":45,"column":33},"end":{"line":47,"column":5}}},"3":{"name":"(anonymous_3)","decl":{"start":{"line":49,"column":4},"end":{"line":49,"column":19}},"loc":{"start":{"line":49,"column":36},"end":{"line":51,"column":5}}},"4":{"name":"(anonymous_4)","decl":{"start":{"line":53,"column":4},"end":{"line":53,"column":19}},"loc":{"start":{"line":53,"column":44},"end":{"line":56,"column":5}}},"5":{"name":"(anonymous_5)","decl":{"start":{"line":58,"column":4},"end":{"line":58,"column":16}},"loc":{"start":{"line":58,"column":28},"end":{"line":60,"column":5}}}},"branchMap":{"0":{"loc":{"start":{"line":25,"column":8},"end":{"line":25,"column":null}},"type":"if","locations":[{"start":{"line":25,"column":8},"end":{"line":25,"column":null}}]},"1":{"loc":{"start":{"line":26,"column":15},"end":{"line":26,"column":63}},"type":"binary-expr","locations":[{"start":{"line":26,"column":15},"end":{"line":26,"column":37}},{"start":{"line":26,"column":41},"end":{"line":26,"column":63}}]},"2":{"loc":{"start":{"line":31,"column":8},"end":{"line":36,"column":9}},"type":"if","locations":[{"start":{"line":31,"column":8},"end":{"line":36,"column":9}}]},"3":{"loc":{"start":{"line":38,"column":8},"end":{"line":42,"column":9}},"type":"if","locations":[{"start":{"line":38,"column":8},"end":{"line":42,"column":9}}]},"4":{"loc":{"start":{"line":54,"column":8},"end":{"line":54,"column":null}},"type":"if","locations":[{"start":{"line":54,"column":8},"end":{"line":54,"column":null}}]}},"s":{"0":94,"1":94,"2":94,"3":94,"4":94,"5":94,"6":278,"7":270,"8":8,"9":4,"10":4,"11":2,"12":2,"13":2,"14":2,"15":2,"16":2,"17":2,"18":2,"19":2,"20":0,"21":4,"22":2,"23":2,"24":0,"25":4},"f":{"0":278,"1":4,"2":0,"3":4,"4":2,"5":4},"b":{"0":[270],"1":[8,4],"2":[2],"3":[2],"4":[2]}}
,"/Users/nathaniellaquis/link-parser/src/utils/parse/platforms/bereal/index.ts": {"path":"/Users/nathaniellaquis/link-parser/src/utils/parse/platforms/bereal/index.ts","statementMap":{"0":{"start":{"line":1,"column":0},"end":{"line":1,"column":71}},"1":{"start":{"line":3,"column":13},"end":{"line":40,"column":null}},"2":{"start":{"line":16,"column":8},"end":{"line":16,"column":null}},"3":{"start":{"line":16,"column":41},"end":{"line":16,"column":null}},"4":{"start":{"line":17,"column":8},"end":{"line":17,"column":null}},"5":{"start":{"line":21,"column":21},"end":{"line":21,"column":52}},"6":{"start":{"line":22,"column":8},"end":{"line":26,"column":9}},"7":{"start":{"line":23,"column":12},"end":{"line":23,"column":null}},"8":{"start":{"line":24,"column":12},"end":{"line":24,"column":null}},"9":{"start":{"line":25,"column":12},"end":{"line":25,"column":null}},"10":{"start":{"line":30,"column":8},"end":{"line":30,"column":null}},"11":{"start":{"line":34,"column":8},"end":{"line":34,"column":null}},"12":{"start":{"line":38,"column":8},"end":{"line":38,"column":null}}},"fnMap":{"0":{"name":"(anonymous_0)","decl":{"start":{"line":15,"column":4},"end":{"line":15,"column":10}},"loc":{"start":{"line":15,"column":22},"end":{"line":18,"column":5}}},"1":{"name":"(anonymous_1)","decl":{"start":{"line":20,"column":4},"end":{"line":20,"column":11}},"loc":{"start":{"line":20,"column":39},"end":{"line":27,"column":5}}},"2":{"name":"(anonymous_2)","decl":{"start":{"line":29,"column":4},"end":{"line":29,"column":18}},"loc":{"start":{"line":29,"column":33},"end":{"line":31,"column":5}}},"3":{"name":"(anonymous_3)","decl":{"start":{"line":33,"column":4},"end":{"line":33,"column":19}},"loc":{"start":{"line":33,"column":36},"end":{"line":35,"column":5}}},"4":{"name":"(anonymous_4)","decl":{"start":{"line":37,"column":4},"end":{"line":37,"column":16}},"loc":{"start":{"line":37,"column":28},"end":{"line":39,"column":5}}}},"branchMap":{"0":{"loc":{"start":{"line":16,"column":8},"end":{"line":16,"column":null}},"type":"if","locations":[{"start":{"line":16,"column":8},"end":{"line":16,"column":null}}]},"1":{"loc":{"start":{"line":22,"column":8},"end":{"line":26,"column":9}},"type":"if","locations":[{"start":{"line":22,"column":8},"end":{"line":26,"column":9}}]}},"s":{"0":94,"1":94,"2":408,"3":400,"4":8,"5":2,"6":2,"7":2,"8":2,"9":2,"10":0,"11":4,"12":2},"f":{"0":408,"1":2,"2":0,"3":4,"4":2},"b":{"0":[400],"1":[2]}}
,"/Users/nathaniellaquis/link-parser/src/utils/parse/platforms/bilibili/index.ts": {"path":"/Users/nathaniellaquis/link-parser/src/utils/parse/platforms/bilibili/index.ts","statementMap":{"0":{"start":{"line":1,"column":0},"end":{"line":1,"column":71}},"1":{"start":{"line":2,"column":0},"end":{"line":2,"column":43}},"2":{"start":{"line":5,"column":21},"end":{"line":5,"column":88}},"3":{"start":{"line":8,"column":16},"end":{"line":8,"column":96}},"4":{"start":{"line":9,"column":16},"end":{"line":9,"column":84}},"5":{"start":{"line":11,"column":13},"end":{"line":75,"column":null}},"6":{"start":{"line":28,"column":8},"end":{"line":28,"column":null}},"7":{"start":{"line":28,"column":45},"end":{"line":28,"column":null}},"8":{"start":{"line":29,"column":8},"end":{"line":29,"column":null}},"9":{"start":{"line":33,"column":19},"end":{"line":33,"column":36}},"10":{"start":{"line":34,"column":8},"end":{"line":39,"column":9}},"11":{"start":{"line":35,"column":12},"end":{"line":35,"column":null}},"12":{"start":{"line":36,"column":12},"end":{"line":36,"column":null}},"13":{"start":{"line":37,"column":12},"end":{"line":37,"column":null}},"14":{"start":{"line":38,"column":12},"end":{"line":38,"column":18}},"15":{"start":{"line":40,"column":19},"end":{"line":40,"column":36}},"16":{"start":{"line":41,"column":8},"end":{"line":46,"column":9}},"17":{"start":{"line":42,"column":12},"end":{"line":42,"column":null}},"18":{"start":{"line":43,"column":12},"end":{"line":43,"column":null}},"19":{"start":{"line":44,"column":12},"end":{"line":44,"column":null}},"20":{"start":{"line":45,"column":12},"end":{"line":45,"column":18}},"21":{"start":{"line":47,"column":21},"end":{"line":47,"column":43}},"22":{"start":{"line":48,"column":8},"end":{"line":52,"column":9}},"23":{"start":{"line":49,"column":12},"end":{"line":49,"column":null}},"24":{"start":{"line":50,"column":12},"end":{"line":50,"column":null}},"25":{"start":{"line":51,"column":12},"end":{"line":51,"column":null}},"26":{"start":{"line":56,"column":8},"end":{"line":56,"column":null}},"27":{"start":{"line":60,"column":8},"end":{"line":60,"column":null}},"28":{"start":{"line":64,"column":8},"end":{"line":68,"column":9}},"29":{"start":{"line":65,"column":12},"end":{"line":67,"column":57}},"30":{"start":{"line":69,"column":8},"end":{"line":69,"column":null}},"31":{"start":{"line":73,"column":8},"end":{"line":73,"column":null}}},"fnMap":{"0":{"name":"(anonymous_0)","decl":{"start":{"line":27,"column":4},"end":{"line":27,"column":10}},"loc":{"start":{"line":27,"column":22},"end":{"line":30,"column":5}}},"1":{"name":"(anonymous_1)","decl":{"start":{"line":32,"column":4},"end":{"line":32,"column":11}},"loc":{"start":{"line":32,"column":42},"end":{"line":53,"column":5}}},"2":{"name":"(anonymous_2)","decl":{"start":{"line":55,"column":4},"end":{"line":55,"column":18}},"loc":{"start":{"line":55,"column":33},"end":{"line":57,"column":5}}},"3":{"name":"(anonymous_3)","decl":{"start":{"line":59,"column":4},"end":{"line":59,"column":19}},"loc":{"start":{"line":59,"column":31},"end":{"line":61,"column":5}}},"4":{"name":"(anonymous_4)","decl":{"start":{"line":63,"column":4},"end":{"line":63,"column":19}},"loc":{"start":{"line":63,"column":44},"end":{"line":70,"column":5}}},"5":{"name":"(anonymous_5)","decl":{"start":{"line":72,"column":4},"end":{"line":72,"column":16}},"loc":{"start":{"line":72,"column":28},"end":{"line":74,"column":5}}}},"branchMap":{"0":{"loc":{"start":{"line":28,"column":8},"end":{"line":28,"column":null}},"type":"if","locations":[{"start":{"line":28,"column":8},"end":{"line":28,"column":null}}]},"1":{"loc":{"start":{"line":29,"column":15},"end":{"line":29,"column":79}},"type":"binary-expr","locations":[{"start":{"line":29,"column":15},"end":{"line":29,"column":37}},{"start":{"line":29,"column":41},"end":{"line":29,"column":58}},{"start":{"line":29,"column":62},"end":{"line":29,"column":79}}]},"2":{"loc":{"start":{"line":34,"column":8},"end":{"line":39,"column":9}},"type":"if","locations":[{"start":{"line":34,"column":8},"end":{"line":39,"column":9}}]},"3":{"loc":{"start":{"line":41,"column":8},"end":{"line":46,"column":9}},"type":"if","locations":[{"start":{"line":41,"column":8},"end":{"line":46,"column":9}}]},"4":{"loc":{"start":{"line":48,"column":8},"end":{"line":52,"column":9}},"type":"if","locations":[{"start":{"line":48,"column":8},"end":{"line":52,"column":9}}]},"5":{"loc":{"start":{"line":64,"column":8},"end":{"line":68,"column":9}},"type":"if","locations":[{"start":{"line":64,"column":8},"end":{"line":68,"column":9}}]},"6":{"loc":{"start":{"line":65,"column":19},"end":{"line":67,"column":56}},"type":"cond-expr","locations":[{"start":{"line":66,"column":18},"end":{"line":66,"column":56}},{"start":{"line":67,"column":18},"end":{"line":67,"column":56}}]}},"s":{"0":94,"1":94,"2":94,"3":94,"4":94,"5":94,"6":218,"7":206,"8":12,"9":6,"10":6,"11":2,"12":2,"13":2,"14":2,"15":4,"16":4,"17":2,"18":2,"19":2,"20":2,"21":2,"22":2,"23":2,"24":2,"25":2,"26":0,"27":2,"28":2,"29":2,"30":0,"31":6},"f":{"0":218,"1":6,"2":0,"3":2,"4":2,"5":6},"b":{"0":[206],"1":[12,8,4],"2":[2],"3":[2],"4":[2],"5":[2],"6":[2,0]}}
[...]
,"/Users/nathaniellaquis/link-parser/src/utils/parse/platforms/youtube/index.ts": {"path":"/Users/nathaniellaquis/link-parser/src/utils/parse/platforms/youtube/index.ts","statementMap":{"0":{"start":{"line":1,"column":0},"end":{"line":1,"column":71}},"1":{"start":{"line":2,"column":0},"end":{"line":2,"column":43}},"2":{"start":{"line":4,"column":13},"end":{"line":173,"column":null}},"3":{"start":{"line":30,"column":4},"end":{"line":30,"column":null}},"4":{"start":{"line":30,"column":37},"end":{"line":30,"column":57}},"5":{"start":{"line":30,"column":60},"end":{"line":30,"column":null}},"6":{"start":{"line":33,"column":4},"end":{"line":33,"column":null}},"7":{"start":{"line":33,"column":41},"end":{"line":33,"column":null}},"8":{"start":{"line":34,"column":4},"end":{"line":38,"column":5}},"9":{"start":{"line":35,"column":6},"end":{"line":37,"column":7}},"10":{"start":{"line":36,"column":8},"end":{"line":36,"column":null}},"11":{"start":{"line":36,"column":42},"end":{"line":36,"column":null}},"12":{"start":{"line":40,"column":4},"end":{"line":40,"column":null}},"13":{"start":{"line":45,"column":25},"end":{"line":45,"column":66}},"14":{"start":{"line":46,"column":4},"end":{"line":51,"column":5}},"15":{"start":{"line":47,"column":6},"end":{"line":47,"column":null}},"16":{"start":{"line":48,"column":6},"end":{"line":48,"column":null}},"17":{"start":{"line":49,"column":6},"end":{"line":49,"column":null}},"18":{"start":{"line":50,"column":6},"end":{"line":50,"column":12}},"19":{"start":{"line":54,"column":23},"end":{"line":54,"column":62}},"20":{"start":{"line":55,"column":4},"end":{"line":60,"column":5}},"21":{"start":{"line":56,"column":6},"end":{"line":56,"column":null}},"22":{"start":{"line":57,"column":6},"end":{"line":57,"column":null}},"23":{"start":{"line":58,"column":6},"end":{"line":58,"column":null}},"24":{"start":{"line":59,"column":6},"end":{"line":59,"column":12}},"25":{"start":{"line":63,"column":22},"end":{"line":63,"column":156}},"26":{"start":{"line":64,"column":4},"end":{"line":74,"column":5}},"27":{"start":{"line":66,"column":6},"end":{"line":70,"column":7}},"28":{"start":{"line":67,"column":8},"end":{"line":67,"column":null}},"29":{"start":{"line":69,"column":8},"end":{"line":69,"column":null}},"30":{"start":{"line":71,"column":6},"end":{"line":71,"column":null}},"31":{"start":{"line":72,"column":6},"end":{"line":72,"column":null}},"32":{"start":{"line":73,"column":6},"end":{"line":73,"column":12}},"33":{"start":{"line":77,"column":23},"end":{"line":77,"column":62}},"34":{"start":{"line":78,"column":28},"end":{"line":78,"column":72}},"35":{"start":{"line":79,"column":4},"end":{"line":89,"column":5}},"36":{"start":{"line":80,"column":20},"end":{"line":80,"column":49}},"37":{"start":{"line":81,"column":6},"end":{"line":81,"column":null}},"38":{"start":{"line":82,"column":6},"end":{"line":82,"column":null}},"39":{"start":{"line":83,"column":6},"end":{"line":83,"column":null}},"40":{"start":{"line":86,"column":21},"end":{"line":86,"column":45}},"41":{"start":{"line":87,"column":6},"end":{"line":87,"column":null}},"42":{"start":{"line":87,"column":18},"end":{"line":87,"column":null}},"43":{"start":{"line":88,"column":6},"end":{"line":88,"column":12}},"44":{"start":{"line":92,"column":23},"end":{"line":92,"column":62}},"45":{"start":{"line":93,"column":4},"end":{"line":98,"column":5}},"46":{"start":{"line":94,"column":6},"end":{"line":94,"column":null}},"47":{"start":{"line":95,"column":6},"end":{"line":95,"column":null}},"48":{"start":{"line":96,"column":6},"end":{"line":96,"column":null}},"49":{"start":{"line":97,"column":6},"end":{"line":97,"column":12}},"50":{"start":{"line":101,"column":26},"end":{"line":101,"column":68}},"51":{"start":{"line":102,"column":4},"end":{"line":107,"column":5}},"52":{"start":{"line":103,"column":6},"end":{"line":103,"column":null}},"53":{"start":{"line":104,"column":6},"end":{"line":104,"column":null}},"54":{"start":{"line":105,"column":6},"end":{"line":105,"column":null}},"55":{"start":{"line":106,"column":6},"end":{"line":106,"column":12}},"56":{"start":{"line":110,"column":25},"end":{"line":110,"column":56}},"57":{"start":{"line":111,"column":4},"end":{"line":115,"column":5}},"58":{"start":{"line":112,"column":6},"end":{"line":112,"column":null}},"59":{"start":{"line":113,"column":6},"end":{"line":113,"column":null}},"60":{"start":{"line":114,"column":6},"end":{"line":114,"column":null}},"61":{"start":{"line":119,"column":4},"end":{"line":119,"column":null}},"62":{"start":{"line":123,"column":18},"end":{"line":123,"column":43}},"63":{"start":{"line":124,"column":4},"end":{"line":126,"column":5}},"64":{"start":{"line":125,"column":6},"end":{"line":125,"column":null}},"65":{"start":{"line":127,"column":4},"end":{"line":127,"column":null}},"66":{"start":{"line":131,"column":4},"end":{"line":131,"column":null}},"67":{"start":{"line":131,"column":58},"end":{"line":131,"column":null}},"68":{"start":{"line":132,"column":4},"end":{"line":132,"column":null}},"69":{"start":{"line":132,"column":36},"end":{"line":132,"column":null}},"70":{"start":{"line":133,"column":4},"end":{"line":133,"column":null}},"71":{"start":{"line":137,"column":4},"end":{"line":137,"column":null}},"72":{"start":{"line":138,"column":4},"end":{"line":138,"column":null}},"73":{"start":{"line":142,"column":18},"end":{"line":142,"column":42}},"74":{"start":{"line":143,"column":4},"end":{"line":143,"column":null}},"75":{"start":{"line":147,"column":19},"end":{"line":147,"column":40}},"76":{"start":{"line":148,"column":4},"end":{"line":148,"column":null}},"77":{"start":{"line":148,"column":28},"end":{"line":148,"column":null}},"78":{"start":{"line":149,"column":4},"end":{"line":149,"column":null}},"79":{"start":{"line":149,"column":27},"end":{"line":149,"column":null}},"80":{"start":{"line":150,"column":15},"end":{"line":150,"column":32}},"81":{"start":{"line":151,"column":4},"end":{"line":151,"column":null}},"82":{"start":{"line":155,"column":18},"end":{"line":155,"column":65}},"83":{"start":{"line":156,"column":4},"end":{"line":156,"column":null}},"84":{"start":{"line":156,"column":15},"end":{"line":156,"column":null}},"85":{"start":{"line":157,"column":4},"end":{"line":157,"column":null}},"86":{"start":{"line":162,"column":23},"end":{"line":162,"column":75}},"87":{"start":{"line":163,"column":4},"end":{"line":165,"column":5}},"88":{"start":{"line":164,"column":6},"end":{"line":164,"column":null}},"89":{"start":{"line":166,"column":15},"end":{"line":166,"column":76}},"90":{"start":{"line":167,"column":4},"end":{"line":170,"column":5}},"91":{"start":{"line":168,"column":23},"end":{"line":168,"column":112}},"92":{"start":{"line":169,"column":6},"end":{"line":169,"column":null}},"93":{"start":{"line":171,"column":4},"end":{"line":171,"column":null}}},"fnMap":{"0":{"name":"(anonymous_0)","decl":{"start":{"line":29,"column":2},"end":{"line":29,"column":8}},"loc":{"start":{"line":29,"column":20},"end":{"line":41,"column":3}}},"1":{"name":"(anonymous_1)","decl":{"start":{"line":30,"column":27},"end":{"line":30,"column":33}},"loc":{"start":{"line":30,"column":37},"end":{"line":30,"column":57}}},"2":{"name":"(anonymous_2)","decl":{"start":{"line":43,"column":2},"end":{"line":43,"column":9}},"loc":{"start":{"line":43,"column":40},"end":{"line":116,"column":3}}},"3":{"name":"(anonymous_3)","decl":{"start":{"line":118,"column":2},"end":{"line":118,"column":16}},"loc":{"start":{"line":118,"column":31},"end":{"line":120,"column":3}}},"4":{"name":"(anonymous_4)","decl":{"start":{"line":122,"column":2},"end":{"line":122,"column":17}},"loc":{"start":{"line":122,"column":34},"end":{"line":128,"column":3}}},"5":{"name":"(anonymous_5)","decl":{"start":{"line":130,"column":2},"end":{"line":130,"column":17}},"loc":{"start":{"line":130,"column":49},"end":{"line":134,"column":3}}},"6":{"name":"(anonymous_6)","decl":{"start":{"line":136,"column":2},"end":{"line":136,"column":14}},"loc":{"start":{"line":136,"column":26},"end":{"line":139,"column":3}}},"7":{"name":"(anonymous_7)","decl":{"start":{"line":141,"column":2},"end":{"line":141,"column":18}},"loc":{"start":{"line":141,"column":30},"end":{"line":144,"column":3}}},"8":{"name":"(anonymous_8)","decl":{"start":{"line":146,"column":2},"end":{"line":146,"column":18}},"loc":{"start":{"line":146,"column":90},"end":{"line":152,"column":3}}},"9":{"name":"(anonymous_9)","decl":{"start":{"line":154,"column":2},"end":{"line":154,"column":7}},"loc":{"start":{"line":154,"column":40},"end":{"line":158,"column":3}}},"10":{"name":"(anonymous_10)","decl":{"start":{"line":160,"column":2},"end":{"line":160,"column":14}},"loc":{"start":{"line":160,"column":34},"end":{"line":172,"column":3}}}},"branchMap":{"0":{"loc":{"start":{"line":30,"column":4},"end":{"line":30,"column":null}},"type":"if","locations":[{"start":{"line":30,"column":4},"end":{"line":30,"column":null}}]},"1":{"loc":{"start":{"line":33,"column":4},"end":{"line":33,"column":null}},"type":"if","locations":[{"start":{"line":33,"column":4},"end":{"line":33,"column":null}}]},"2":{"loc":{"start":{"line":34,"column":4},"end":{"line":38,"column":5}},"type":"if","locations":[{"start":{"line":34,"column":4},"end":{"line":38,"column":5}}]},"3":{"loc":{"start":{"line":36,"column":8},"end":{"line":36,"column":null}},"type":"if","locations":[{"start":{"line":36,"column":8},"end":{"line":36,"column":null}}]},"4":{"loc":{"start":{"line":36,"column":12},"end":{"line":36,"column":40}},"type":"binary-expr","locations":[{"start":{"line":36,"column":12},"end":{"line":36,"column":19}},{"start":{"line":36,"column":23},"end":{"line":36,"column":40}}]},"5":{"loc":{"start":{"line":46,"column":4},"end":{"line":51,"column":5}},"type":"if","locations":[{"start":{"line":46,"column":4},"end":{"line":51,"column":5}}]},"6":{"loc":{"start":{"line":55,"column":4},"end":{"line":60,"column":5}},"type":"if","locations":[{"start":{"line":55,"column":4},"end":{"line":60,"column":5}}]},"7":{"loc":{"start":{"line":63,"column":22},"end":{"line":63,"column":156}},"type":"binary-expr","locations":[{"start":{"line":63,"column":22},"end":{"line":63,"column":60}},{"start":{"line":63,"column":64},"end":{"line":63,"column":107}},{"start":{"line":63,"column":111},"end":{"line":63,"column":156}}]},"8":{"loc":{"start":{"line":64,"column":4},"end":{"line":74,"column":5}},"type":"if","locations":[{"start":{"line":64,"column":4},"end":{"line":74,"column":5}}]},"9":{"loc":{"start":{"line":66,"column":6},"end":{"line":70,"column":7}},"type":"if","locations":[{"start":{"line":66,"column":6},"end":{"line":70,"column":7}},{"start":{"line":68,"column":13},"end":{"line":70,"column":7}}]},"10":{"loc":{"start":{"line":66,"column":10},"end":{"line":66,"column":53}},"type":"binary-expr","locations":[{"start":{"line":66,"column":10},"end":{"line":66,"column":28}},{"start":{"line":66,"column":32},"end":{"line":66,"column":53}}]},"11":{"loc":{"start":{"line":79,"column":4},"end":{"line":89,"column":5}},"type":"if","locations":[{"start":{"line":79,"column":4},"end":{"line":89,"column":5}}]},"12":{"loc":{"start":{"line":79,"column":8},"end":{"line":79,"column":37}},"type":"binary-expr","locations":[{"start":{"line":79,"column":8},"end":{"line":79,"column":18}},{"start":{"line":79,"column":22},"end":{"line":79,"column":37}}]},"13":{"loc":{"start":{"line":80,"column":20},"end":{"line":80,"column":49}},"type":"binary-expr","locations":[{"start":{"line":80,"column":20},"end":{"line":80,"column":30}},{"start":{"line":80,"column":34},"end":{"line":80,"column":49}}]},"14":{"loc":{"start":{"line":87,"column":6},"end":{"line":87,"column":null}},"type":"if","locations":[{"start":{"line":87,"column":6},"end":{"line":87,"column":null}}]},"15":{"loc":{"start":{"line":93,"column":4},"end":{"line":98,"column":5}},"type":"if","locations":[{"start":{"line":93,"column":4},"end":{"line":98,"column":5}}]},"16":{"loc":{"start":{"line":102,"column":4},"end":{"line":107,"column":5}},"type":"if","locations":[{"start":{"line":102,"column":4},"end":{"line":107,"column":5}}]},"17":{"loc":{"start":{"line":111,"column":4},"end":{"line":115,"column":5}},"type":"if","locations":[{"start":{"line":111,"column":4},"end":{"line":115,"column":5}}]},"18":{"loc":{"start":{"line":124,"column":4},"end":{"line":126,"column":5}},"type":"if","locations":[{"start":{"line":124,"column":4},"end":{"line":126,"column":5}}]},"19":{"loc":{"start":{"line":124,"column":8},"end":{"line":124,"column":53}},"type":"binary-expr","locations":[{"start":{"line":124,"column":8},"end":{"line":124,"column":30}},{"start":{"line":124,"column":34},"end":{"line":124,"column":53}}]},"20":{"loc":{"start":{"line":131,"column":4},"end":{"line":131,"column":null}},"type":"if","locations":[{"start":{"line":131,"column":4},"end":{"line":131,"column":null}}]},"21":{"loc":{"start":{"line":132,"column":4},"end":{"line":132,"column":null}},"type":"if","locations":[{"start":{"line":132,"column":4},"end":{"line":132,"column":null}}]},"22":{"loc":{"start":{"line":143,"column":11},"end":{"line":143,"column":44}},"type":"cond-expr","locations":[{"start":{"line":143,"column":19},"end":{"line":143,"column":37}},{"start":{"line":143,"column":40},"end":{"line":143,"column":44}}]},"23":{"loc":{"start":{"line":148,"column":4},"end":{"line":148,"column":null}},"type":"if","locations":[{"start":{"line":148,"column":4},"end":{"line":148,"column":null}}]},"24":{"loc":{"start":{"line":149,"column":4},"end":{"line":149,"column":null}},"type":"if","locations":[{"start":{"line":149,"column":4},"end":{"line":149,"column":null}}]},"25":{"loc":{"start":{"line":151,"column":56},"end":{"line":151,"column":74}},"type":"cond-expr","locations":[{"start":{"line":151,"column":61},"end":{"line":151,"column":69}},{"start":{"line":151,"column":72},"end":{"line":151,"column":74}}]},"26":{"loc":{"start":{"line":156,"column":4},"end":{"line":156,"column":null}},"type":"if","locations":[{"start":{"line":156,"column":4},"end":{"line":156,"column":null}}]},"27":{"loc":{"start":{"line":163,"column":4},"end":{"line":165,"column":5}},"type":"if","locations":[{"start":{"line":163,"column":4},"end":{"line":165,"column":5}}]},"28":{"loc":{"start":{"line":166,"column":15},"end":{"line":166,"column":76}},"type":"binary-expr","locations":[{"start":{"line":166,"column":15},"end":{"line":166,"column":33}},{"start":{"line":166,"column":37},"end":{"line":166,"column":55}},{"start":{"line":166,"column":59},"end":{"line":166,"column":76}}]},"29":{"loc":{"start":{"line":167,"column":4},"end":{"line":170,"column":5}},"type":"if","locations":[{"start":{"line":167,"column":4},"end":{"line":170,"column":5}}]},"30":{"loc":{"start":{"line":168,"column":23},"end":{"line":168,"column":112}},"type":"cond-expr","locations":[{"start":{"line":168,"column":47},"end":{"line":168,"column":72}},{"start":{"line":168,"column":75},"end":{"line":168,"column":112}}]}},"s":{"0":94,"1":94,"2":94,"3":464,"4":1276,"5":404,"6":60,"7":14,"8":46,"9":46,"10":250,"11":36,"12":10,"13":24,"14":24,"15":2,"16":2,"17":2,"18":2,"19":22,"20":22,"21":2,"22":2,"23":2,"24":2,"25":20,"26":20,"27":6,"28":2,"29":4,"30":6,"31":6,"32":6,"33":14,"34":14,"35":14,"36":4,"37":4,"38":4,"39":4,"40":4,"41":4,"42":2,"43":4,"44":10,"45":10,"46":2,"47":2,"48":2,"49":2,"50":8,"51":8,"52":2,"53":2,"54":2,"55":2,"56":6,"57":6,"58":6,"59":6,"60":6,"61":0,"62":10,"63":10,"64":0,"65":10,"66":0,"67":0,"68":0,"69":0,"70":0,"71":44,"72":44,"73":0,"74":0,"75":10,"76":10,"77":0,"78":10,"79":0,"80":10,"81":10,"82":0,"83":0,"84":0,"85":0,"86":24,"87":24,"88":2,"89":22,"90":22,"91":10,"92":10,"93":12},"f":{"0":464,"1":1276,"2":24,"3":0,"4":10,"5":0,"6":44,"7":0,"8":10,"9":0,"10":24},"b":{"0":[404],"1":[14],"2":[46],"3":[36],"4":[250,250],"5":[2],"6":[2],"7":[20,18,16],"8":[6],"9":[2,4],"10":[6,2],"11":[4],"12":[14,12],"13":[4,2],"14":[2],"15":[2],"16":[2],"17":[6],"18":[0],"19":[10,0],"20":[0],"21":[0],"22":[0,0],"23":[0],"24":[0],"25":[0,10],"26":[0],"27":[2],"28":[22,18,16],"29":[10],"30":[10,0]}}
,"/Users/nathaniellaquis/link-parser/src/utils/parse/utils/url.ts": {"path":"/Users/nathaniellaquis/link-parser/src/utils/parse/utils/url.ts","statementMap":{"0":{"start":{"line":9,"column":17},"end":{"line":9,"column":91}},"1":{"start":{"line":11,"column":24},"end":{"line":21,"column":null}},"2":{"start":{"line":23,"column":2},"end":{"line":23,"column":null}},"3":{"start":{"line":23,"column":33},"end":{"line":23,"column":66}},"4":{"start":{"line":25,"column":2},"end":{"line":25,"column":null}},"5":{"start":{"line":8,"column":0},"end":{"line":8,"column":16}},"6":{"start":{"line":32,"column":2},"end":{"line":34,"column":3}},"7":{"start":{"line":33,"column":4},"end":{"line":33,"column":null}},"8":{"start":{"line":35,"column":2},"end":{"line":37,"column":3}},"9":{"start":{"line":36,"column":4},"end":{"line":36,"column":null}},"10":{"start":{"line":38,"column":2},"end":{"line":38,"column":null}},"11":{"start":{"line":31,"column":0},"end":{"line":31,"column":16}},"12":{"start":{"line":45,"column":2},"end":{"line":45,"column":null}},"13":{"start":{"line":44,"column":0},"end":{"line":44,"column":16}},"14":{"start":{"line":52,"column":2},"end":{"line":52,"column":null}},"15":{"start":{"line":51,"column":0},"end":{"line":51,"column":16}}},"fnMap":{"0":{"name":"stripTrackingParams","decl":{"start":{"line":8,"column":16},"end":{"line":8,"column":35}},"loc":{"start":{"line":8,"column":47},"end":{"line":26,"column":1}}},"1":{"name":"(anonymous_1)","decl":{"start":{"line":23,"column":24},"end":{"line":23,"column":29}},"loc":{"start":{"line":23,"column":33},"end":{"line":23,"column":66}}},"2":{"name":"ensureHttps","decl":{"start":{"line":31,"column":16},"end":{"line":31,"column":27}},"loc":{"start":{"line":31,"column":39},"end":{"line":39,"column":1}}},"3":{"name":"removeTrailingSlash","decl":{"start":{"line":44,"column":16},"end":{"line":44,"column":35}},"loc":{"start":{"line":44,"column":47},"end":{"line":46,"column":1}}},"4":{"name":"normalize","decl":{"start":{"line":51,"column":16},"end":{"line":51,"column":25}},"loc":{"start":{"line":51,"column":37},"end":{"line":53,"column":1}}}},"branchMap":{"0":{"loc":{"start":{"line":9,"column":30},"end":{"line":9,"column":90}},"type":"cond-expr","locations":[{"start":{"line":9,"column":55},"end":{"line":9,"column":64}},{"start":{"line":9,"column":67},"end":{"line":9,"column":90}}]},"1":{"loc":{"start":{"line":25,"column":9},"end":{"line":25,"column":81}},"type":"cond-expr","locations":[{"start":{"line":25,"column":25},"end":{"line":25,"column":42}},{"start":{"line":25,"column":45},"end":{"line":25,"column":81}}]},"2":{"loc":{"start":{"line":32,"column":2},"end":{"line":34,"column":3}},"type":"if","locations":[{"start":{"line":32,"column":2},"end":{"line":34,"column":3}}]},"3":{"loc":{"start":{"line":35,"column":2},"end":{"line":37,"column":3}},"type":"if","locations":[{"start":{"line":35,"column":2},"end":{"line":37,"column":3}}]},"4":{"loc":{"start":{"line":45,"column":9},"end":{"line":45,"column":51}},"type":"cond-expr","locations":[{"start":{"line":45,"column":29},"end":{"line":45,"column":45}},{"start":{"line":45,"column":48},"end":{"line":45,"column":51}}]}},"s":{"0":966,"1":966,"2":966,"3":6762,"4":966,"5":94,"6":966,"7":0,"8":966,"9":0,"10":966,"11":94,"12":966,"13":94,"14":966,"15":94},"f":{"0":966,"1":6762,"2":966,"3":966,"4":966},"b":{"0":[966,0],"1":[54,912],"2":[0],"3":[0],"4":[30,936]}}
}
