TN:
SF:src/utils/parse/index.ts
FNF:0
FNH:0
DA:1,94
DA:2,94
DA:3,94
LF:3
LH:3
BRF:0
BRH:0
end_of_record
TN:
SF:src/utils/parse/core/detector.ts
FN:8,detectPlatform
FNF:1
FNH:1
FNDA:726,detectPlatform
DA:2,94
DA:8,94
DA:9,726
DA:10,726
DA:11,39896
DA:12,526
DA:15,200
LF:7
LH:7
BRDA:11,0,0,526
BRF:1
BRH:1
end_of_record
TN:
SF:src/utils/parse/core/parser.ts
FN:8,parse
FNF:1
FNH:1
FNDA:726,parse
DA:1,94
DA:3,94
DA:8,94
DA:10,726
DA:20,726
DA:23,726
DA:25,8
DA:26,8
DA:27,2
DA:30,718
DA:31,718
DA:32,198
DA:36,526
DA:37,526
DA:40,526
DA:43,526
DA:44,526
DA:45,512
DA:47,526
DA:50,526
DA:51,160
DA:55,526
DA:56,526
DA:57,44
DA:64,44
DA:65,8
DA:69,526
DA:70,526
LF:28
LH:28
BRDA:23,0,0,8
BRDA:23,0,1,718
BRDA:26,1,0,2
BRDA:31,2,0,198
BRDA:44,3,0,512
BRDA:50,4,0,160
BRDA:50,5,0,526
BRDA:50,5,1,250
BRDA:56,6,0,44
BRDA:59,7,0,44
BRDA:59,7,1,8
BRDA:60,8,0,44
BRDA:60,8,1,34
BRDA:60,8,2,30
BRDA:60,8,3,24
BRDA:60,8,4,24
BRDA:64,9,0,8
BRF:17
BRH:17
end_of_record
TN:
SF:src/utils/parse/core/types.ts
FN:1,(anonymous_0)
FNF:1
FNH:1
FNDA:94,(anonymous_0)
DA:1,94
DA:2,94
DA:3,94
DA:4,94
DA:5,94
DA:6,94
DA:7,94
DA:8,94
DA:9,94
DA:10,94
DA:11,94
DA:12,94
DA:13,94
DA:14,94
DA:15,94
DA:16,94
DA:17,94
DA:18,94
DA:19,94
DA:20,94
DA:21,94
DA:22,94
DA:23,94
DA:24,94
DA:25,94
DA:26,94
DA:27,94
DA:28,94
DA:29,94
DA:30,94
DA:31,94
DA:32,94
DA:33,94
DA:34,94
DA:35,94
DA:36,94
DA:37,94
DA:38,94
DA:39,94
DA:40,94
DA:41,94
DA:42,94
DA:43,94
DA:44,94
DA:45,94
DA:46,94
DA:47,94
DA:48,94
DA:49,94
DA:50,94
DA:51,94
DA:52,94
DA:53,94
DA:54,94
DA:55,94
DA:56,94
DA:57,94
DA:58,94
DA:59,94
DA:60,94
DA:61,94
DA:62,94
DA:63,94
DA:64,94
DA:65,94
DA:66,94
DA:67,94
DA:68,94
DA:69,94
DA:70,94
DA:71,94
DA:72,94
DA:73,94
DA:74,94
DA:75,94
DA:76,94
DA:77,94
DA:78,94
DA:79,94
DA:80,94
DA:81,94
DA:82,94
DA:83,94
DA:84,94
DA:85,94
DA:86,94
DA:87,94
DA:88,94
DA:89,94
DA:90,94
DA:91,94
DA:92,94
DA:93,94
DA:94,94
DA:95,94
DA:96,94
DA:97,94
DA:98,94
LF:98
LH:98
BRDA:1,0,0,94
BRDA:1,0,1,94
BRF:2
BRH:2
end_of_record
TN:
SF:src/utils/parse/platforms/index.ts
FNF:0
FNH:0
DA:1,94
DA:4,94
DA:5,94
DA:6,94
DA:7,94
DA:8,94
DA:9,94
DA:10,94
DA:11,94
DA:12,94
DA:13,94
DA:14,94
DA:15,94
DA:16,94
DA:17,94
DA:18,94
DA:19,94
DA:20,94
DA:21,94
DA:22,94
DA:23,94
DA:24,94
DA:25,94
DA:26,94
DA:27,94
DA:28,94
DA:29,94
DA:30,94
DA:31,94
DA:32,94
DA:33,94
DA:34,94
DA:35,94
DA:36,94
DA:37,94
DA:38,94
DA:39,94
DA:40,94
DA:41,94
DA:42,94
DA:43,94
DA:44,94
DA:45,94
DA:46,94
DA:47,94
DA:48,94
DA:49,94
DA:50,94
DA:51,94
DA:52,94
DA:53,94
DA:54,94
DA:55,94
DA:56,94
DA:57,94
DA:58,94
DA:59,94
DA:60,94
DA:61,94
DA:62,94
DA:63,94
DA:64,94
DA:65,94
DA:66,94
DA:67,94
DA:68,94
DA:69,94
DA:70,94
DA:71,94
DA:72,94
DA:73,94
DA:74,94
DA:75,94
DA:76,94
DA:77,94
DA:78,94
DA:79,94
DA:80,94
DA:81,94
DA:82,94
DA:83,94
DA:84,94
DA:85,94
DA:86,94
DA:87,94
DA:88,94
DA:89,94
DA:90,94
DA:91,94
DA:92,94
DA:93,94
DA:94,94
DA:95,94
DA:96,94
DA:97,94
DA:98,94
DA:99,94
DA:102,94
LF:98
LH:98
BRF:0
BRH:0
end_of_record
TN:
SF:src/utils/parse/platforms/aliexpress/index.ts
FN:19,(anonymous_0)
FN:23,(anonymous_1)
FN:31,(anonymous_2)
FN:33,(anonymous_3)
FN:35,(anonymous_4)
FN:39,(anonymous_5)
FNF:6
FNH:3
FNDA:250,(anonymous_0)
FNDA:2,(anonymous_1)
FNDA:0,(anonymous_2)
FNDA:0,(anonymous_3)
FNDA:0,(anonymous_4)
FNDA:2,(anonymous_5)
DA:1,94
DA:2,94
DA:4,94
DA:6,94
DA:8,94
DA:20,250
DA:24,2
DA:25,2
DA:26,2
DA:27,2
DA:31,0
DA:33,0
DA:36,0
DA:39,2
LF:14
LH:11
BRDA:20,0,0,250
BRDA:20,0,1,8
BRDA:25,1,0,2
BRF:3
BRH:3
end_of_record
TN:
SF:src/utils/parse/platforms/amazon/index.ts
FN:22,(anonymous_0)
FN:35,(anonymous_1)
FN:78,(anonymous_2)
FN:82,(anonymous_3)
FN:86,(anonymous_4)
FN:99,(anonymous_5)
FNF:6
FNH:4
FNDA:744,(anonymous_0)
FNDA:8,(anonymous_1)
FNDA:0,(anonymous_2)
FNDA:4,(anonymous_3)
FNDA:0,(anonymous_4)
FNDA:16,(anonymous_5)
DA:1,94
DA:2,94
DA:4,94
DA:23,744
DA:26,28
DA:27,24
DA:28,20
DA:29,16
DA:30,12
DA:32,10
DA:37,8
DA:38,8
DA:39,2
DA:40,2
DA:41,2
DA:45,6
DA:46,6
DA:47,2
DA:48,2
DA:49,2
DA:53,4
DA:54,4
DA:55,2
DA:56,2
DA:57,2
DA:61,2
DA:62,2
DA:63,2
DA:64,2
DA:65,2
DA:69,0
DA:70,0
DA:71,0
DA:72,0
DA:73,0
DA:74,0
DA:79,0
DA:83,4
DA:87,0
DA:89,0
DA:91,0
DA:93,0
DA:95,0
DA:100,16
LF:44
LH:32
BRDA:23,0,0,716
BRDA:26,1,0,4
BRDA:27,2,0,4
BRDA:28,3,0,4
BRDA:29,4,0,4
BRDA:30,5,0,2
BRDA:38,6,0,2
BRDA:46,7,0,2
BRDA:54,8,0,2
BRDA:62,9,0,2
BRDA:70,10,0,0
BRDA:87,11,0,0
BRDA:87,11,1,0
BRDA:87,11,2,0
BRDA:87,11,3,0
BRF:15
BRH:10
end_of_record
TN:
SF:src/utils/parse/platforms/applemusic/index.ts
FN:21,(anonymous_0)
FN:31,(anonymous_1)
FN:55,(anonymous_2)
FN:59,(anonymous_3)
FN:64,(anonymous_4)
FNF:5
FNH:4
FNDA:524,(anonymous_0)
FNDA:6,(anonymous_1)
FNDA:0,(anonymous_2)
FNDA:2,(anonymous_3)
FNDA:6,(anonymous_4)
DA:1,94
DA:3,94
DA:5,94
DA:22,524
DA:23,12
DA:24,12
DA:32,6
DA:33,6
DA:34,6
DA:35,2
DA:36,2
DA:37,2
DA:38,2
DA:40,4
DA:41,4
DA:42,2
DA:43,2
DA:44,2
DA:45,2
DA:47,2
DA:48,2
DA:49,2
DA:50,2
DA:51,2
DA:56,0
DA:61,2
DA:65,6
LF:27
LH:26
BRDA:22,0,0,512
BRDA:25,1,0,12
BRDA:25,1,1,8
BRDA:25,1,2,4
BRDA:34,2,0,2
BRDA:41,3,0,2
BRDA:48,4,0,2
BRF:7
BRH:7
end_of_record
TN:
SF:src/utils/parse/platforms/artstation/index.ts
FN:26,(anonymous_0)
FN:31,(anonymous_1)
FN:47,(anonymous_2)
FN:51,(anonymous_3)
FN:55,(anonymous_4)
FN:60,(anonymous_5)
FNF:6
FNH:5
FNDA:274,(anonymous_0)
FNDA:4,(anonymous_1)
FNDA:0,(anonymous_2)
FNDA:4,(anonymous_3)
FNDA:2,(anonymous_4)
FNDA:4,(anonymous_5)
DA:1,94
DA:2,94
DA:4,94
DA:6,94
DA:7,94
DA:8,94
DA:10,94
DA:27,274
DA:28,8
DA:32,4
DA:33,4
DA:34,2
DA:35,2
DA:36,2
DA:37,2
DA:39,2
DA:40,2
DA:41,2
DA:42,2
DA:43,2
DA:48,0
DA:52,4
DA:56,2
DA:57,0
DA:61,4
LF:25
LH:23
BRDA:27,0,0,266
BRDA:28,1,0,8
BRDA:28,1,1,4
BRDA:28,1,2,0
BRDA:32,2,0,4
BRDA:32,2,1,2
BRDA:33,3,0,2
BRDA:40,4,0,2
BRDA:56,5,0,2
BRDA:56,6,0,2
BRDA:56,6,1,0
BRF:11
BRH:9
end_of_record
TN:
SF:src/utils/parse/platforms/audiomack/index.ts
FN:19,(anonymous_0)
FN:29,(anonymous_1)
FN:58,(anonymous_2)
FN:62,(anonymous_3)
FN:66,(anonymous_4)
FNF:5
FNH:4
FNDA:490,(anonymous_0)
FNDA:6,(anonymous_1)
FNDA:0,(anonymous_2)
FNDA:4,(anonymous_3)
FNDA:6,(anonymous_4)
DA:1,94
DA:3,94
DA:20,490
DA:21,16
DA:22,16
DA:30,6
DA:32,6
DA:33,6
DA:34,2
DA:35,2
DA:36,2
DA:37,2
DA:40,4
DA:41,4
DA:42,2
DA:43,2
DA:44,2
DA:45,2
DA:46,2
DA:49,2
DA:50,2
DA:51,2
DA:52,2
DA:53,2
DA:54,2
DA:59,0
DA:63,4
DA:67,6
LF:28
LH:27
BRDA:20,0,0,474
BRDA:23,1,0,16
BRDA:23,1,1,12
BRDA:23,1,2,8
BRDA:33,2,0,2
BRDA:41,3,0,2
BRDA:50,4,0,2
BRF:7
BRH:7
end_of_record
TN:
SF:src/utils/parse/platforms/audius/index.ts
FN:25,(anonymous_0)
FN:30,(anonymous_1)
FN:47,(anonymous_2)
FN:51,(anonymous_3)
FN:55,(anonymous_4)
FN:60,(anonymous_5)
FNF:6
FNH:5
FNDA:266,(anonymous_0)
FNDA:4,(anonymous_1)
FNDA:0,(anonymous_2)
FNDA:4,(anonymous_3)
FNDA:2,(anonymous_4)
FNDA:4,(anonymous_5)
DA:1,94
DA:2,94
DA:4,94
DA:5,94
DA:7,94
DA:8,94
DA:10,94
DA:26,266
DA:27,8
DA:31,4
DA:32,4
DA:33,2
DA:34,2
DA:35,2
DA:36,2
DA:37,2
DA:39,2
DA:40,2
DA:41,2
DA:42,2
DA:43,2
DA:48,0
DA:52,4
DA:56,2
DA:57,0
DA:61,4
LF:26
LH:24
BRDA:26,0,0,258
BRDA:27,1,0,8
BRDA:27,1,1,4
BRDA:32,2,0,2
BRDA:40,3,0,2
BRDA:56,4,0,2
BRF:6
BRH:6
end_of_record
TN:
SF:src/utils/parse/platforms/bandcamp/index.ts
FN:20,(anonymous_0)
FN:30,(anonymous_1)
FN:61,(anonymous_2)
FN:65,(anonymous_3)
FN:69,(anonymous_4)
FNF:5
FNH:4
FNDA:500,(anonymous_0)
FNDA:6,(anonymous_1)
FNDA:0,(anonymous_2)
FNDA:4,(anonymous_3)
FNDA:6,(anonymous_4)
DA:1,94
DA:3,94
DA:21,500
DA:22,16
DA:23,16
DA:31,6
DA:33,6
DA:34,6
DA:35,2
DA:36,2
DA:37,2
DA:38,2
DA:41,4
DA:42,4
DA:43,2
DA:44,2
DA:45,2
DA:46,2
DA:47,2
DA:48,2
DA:49,2
DA:52,2
DA:53,2
DA:54,2
DA:55,2
DA:56,2
DA:57,2
DA:62,0
DA:66,4
DA:70,6
LF:30
LH:29
BRDA:21,0,0,484
BRDA:24,1,0,16
BRDA:24,1,1,12
BRDA:24,1,2,8
BRDA:34,2,0,2
BRDA:42,3,0,2
BRDA:53,4,0,2
BRF:7
BRH:7
end_of_record
TN:
SF:src/utils/parse/platforms/bandlab/index.ts
FN:24,(anonymous_0)
FN:29,(anonymous_1)
FN:46,(anonymous_2)
FN:50,(anonymous_3)
FN:54,(anonymous_4)
FN:59,(anonymous_5)
FNF:6
FNH:4
FNDA:256,(anonymous_0)
FNDA:4,(anonymous_1)
FNDA:0,(anonymous_2)
FNDA:2,(anonymous_3)
FNDA:0,(anonymous_4)
FNDA:4,(anonymous_5)
DA:1,94
DA:2,94
DA:4,94
DA:6,94
DA:7,94
DA:9,94
DA:25,256
DA:26,8
DA:30,4
DA:31,4
DA:32,2
DA:33,2
DA:34,2
DA:35,2
DA:36,2
DA:38,2
DA:39,2
DA:40,2
DA:41,2
DA:42,2
DA:47,0
DA:51,2
DA:55,0
DA:56,0
DA:60,4
LF:25
LH:22
BRDA:25,0,0,248
BRDA:26,1,0,8
BRDA:26,1,1,4
BRDA:31,2,0,2
BRDA:39,3,0,2
BRDA:55,4,0,0
BRF:6
BRH:5
end_of_record
TN:
SF:src/utils/parse/platforms/bandsintown/index.ts
FN:18,(anonymous_0)
FN:23,(anonymous_1)
FN:39,(anonymous_2)
FN:43,(anonymous_3)
FN:47,(anonymous_4)
FN:52,(anonymous_5)
FNF:6
FNH:3
FNDA:358,(anonymous_0)
FNDA:4,(anonymous_1)
FNDA:0,(anonymous_2)
FNDA:0,(anonymous_3)
FNDA:0,(anonymous_4)
FNDA:4,(anonymous_5)
DA:1,94
DA:3,94
DA:19,358
DA:20,8
DA:24,4
DA:25,4
DA:26,2
DA:27,2
DA:28,2
DA:29,2
DA:31,2
DA:32,2
DA:33,2
DA:34,2
DA:35,2
DA:40,0
DA:44,0
DA:48,0
DA:49,0
DA:53,4
LF:20
LH:16
BRDA:19,0,0,350
BRDA:20,1,0,8
BRDA:20,1,1,4
BRDA:25,2,0,2
BRDA:32,3,0,2
BRDA:48,4,0,0
BRF:6
BRH:5
end_of_record
TN:
SF:src/utils/parse/platforms/beatport/index.ts
FN:26,(anonymous_0)
FN:31,(anonymous_1)
FN:54,(anonymous_2)
FN:58,(anonymous_3)
FN:62,(anonymous_4)
FN:68,(anonymous_5)
FNF:6
FNH:4
FNDA:264,(anonymous_0)
FNDA:6,(anonymous_1)
FNDA:0,(anonymous_2)
FNDA:4,(anonymous_3)
FNDA:0,(anonymous_4)
FNDA:6,(anonymous_5)
DA:1,94
DA:2,94
DA:4,94
DA:6,94
DA:7,94
DA:8,94
DA:10,94
DA:27,264
DA:28,12
DA:32,6
DA:33,6
DA:34,2
DA:35,2
DA:36,2
DA:37,2
DA:39,4
DA:40,4
DA:41,2
DA:42,2
DA:43,2
DA:45,2
DA:46,2
DA:47,2
DA:48,2
DA:49,2
DA:50,2
DA:55,0
DA:59,4
DA:63,0
DA:64,0
DA:65,0
DA:69,6
LF:32
LH:28
BRDA:27,0,0,252
BRDA:28,1,0,12
BRDA:28,1,1,8
BRDA:28,1,2,4
BRDA:33,2,0,2
BRDA:40,3,0,2
BRDA:46,4,0,2
BRDA:63,5,0,0
BRDA:64,6,0,0
BRF:9
BRH:7
end_of_record
TN:
SF:src/utils/parse/platforms/behance/index.ts
FN:24,(anonymous_0)
FN:29,(anonymous_1)
FN:45,(anonymous_2)
FN:49,(anonymous_3)
FN:53,(anonymous_4)
FN:58,(anonymous_5)
FNF:6
FNH:5
FNDA:278,(anonymous_0)
FNDA:4,(anonymous_1)
FNDA:0,(anonymous_2)
FNDA:4,(anonymous_3)
FNDA:2,(anonymous_4)
FNDA:4,(anonymous_5)
DA:1,94
DA:2,94
DA:4,94
DA:6,94
DA:7,94
DA:9,94
DA:25,278
DA:26,8
DA:30,4
DA:31,4
DA:32,2
DA:33,2
DA:34,2
DA:35,2
DA:37,2
DA:38,2
DA:39,2
DA:40,2
DA:41,2
DA:46,0
DA:50,4
DA:54,2
DA:55,0
DA:59,4
LF:24
LH:22
BRDA:25,0,0,270
BRDA:26,1,0,8
BRDA:26,1,1,4
BRDA:31,2,0,2
BRDA:38,3,0,2
BRDA:54,4,0,2
BRF:6
BRH:6
end_of_record
TN:
SF:src/utils/parse/platforms/bereal/index.ts
FN:15,(anonymous_0)
FN:20,(anonymous_1)
FN:29,(anonymous_2)
FN:33,(anonymous_3)
FN:37,(anonymous_4)
FNF:5
FNH:4
FNDA:408,(anonymous_0)
FNDA:2,(anonymous_1)
FNDA:0,(anonymous_2)
FNDA:4,(anonymous_3)
FNDA:2,(anonymous_4)
DA:1,94
DA:3,94
DA:16,408
DA:17,8
DA:21,2
DA:22,2
DA:23,2
DA:24,2
DA:25,2
DA:30,0
DA:34,4
DA:38,2
LF:12
LH:11
BRDA:16,0,0,400
BRDA:22,1,0,2
BRF:2
BRH:2
end_of_record
TN:
SF:src/utils/parse/platforms/bilibili/index.ts
FN:27,(anonymous_0)
FN:32,(anonymous_1)
FN:55,(anonymous_2)
FN:59,(anonymous_3)
FN:63,(anonymous_4)
FN:72,(anonymous_5)
FNF:6
FNH:5
FNDA:218,(anonymous_0)
FNDA:6,(anonymous_1)
FNDA:0,(anonymous_2)
FNDA:2,(anonymous_3)
FNDA:2,(anonymous_4)
FNDA:6,(anonymous_5)
DA:1,94
DA:2,94
DA:5,94
DA:8,94
DA:9,94
DA:11,94
DA:28,218
DA:29,12
DA:33,6
DA:34,6
DA:35,2
DA:36,2
DA:37,2
DA:38,2
DA:40,4
DA:41,4
DA:42,2
DA:43,2
DA:44,2
DA:45,2
DA:47,2
DA:48,2
DA:49,2
DA:50,2
DA:51,2
DA:56,0
DA:60,2
DA:64,2
DA:65,2
DA:69,0
DA:73,6
LF:31
LH:29
BRDA:28,0,0,206
BRDA:29,1,0,12
BRDA:29,1,1,8
BRDA:29,1,2,4
BRDA:34,2,0,2
BRDA:41,3,0,2
BRDA:48,4,0,2
BRDA:64,5,0,2
BRDA:65,6,0,2
BRDA:65,6,1,0
BRF:10
BRH:9
end_of_record
TN:
SF:src/utils/parse/platforms/bitbucket/index.ts
FN:16,(anonymous_0)
FN:27,(anonymous_1)
FN:57,(anonymous_2)
FN:61,(anonymous_3)
FN:65,(anonymous_4)
FNF:5
FNH:4
FNDA:732,(anonymous_0)
FNDA:6,(anonymous_1)
FNDA:0,(anonymous_2)
FNDA:4,(anonymous_3)
FNDA:12,(anonymous_4)
DA:1,94
DA:3,94
DA:17,732
DA:20,20
DA:21,14
DA:22,10
DA:24,6
DA:29,6
DA:30,6
DA:31,2
DA:32,2
DA:33,2
DA:34,2
DA:35,2
DA:39,4
DA:40,4
DA:41,2
DA:42,2
DA:43,2
DA:44,2
DA:45,2
DA:49,2
DA:50,2
DA:51,2
DA:52,2
DA:53,2
DA:58,0
DA:62,4
DA:66,12
LF:29
LH:28
BRDA:17,0,0,712
BRDA:20,1,0,6
BRDA:21,2,0,4
BRDA:22,3,0,4
BRDA:30,4,0,2
BRDA:40,5,0,2
BRDA:50,6,0,2
BRF:7
BRH:7
end_of_record
TN:
SF:src/utils/parse/platforms/bitchute/index.ts
FN:24,(anonymous_0)
FN:29,(anonymous_1)
FN:45,(anonymous_2)
FN:49,(anonymous_3)
FN:53,(anonymous_4)
FN:58,(anonymous_5)
FNF:6
FNH:5
FNDA:212,(anonymous_0)
FNDA:6,(anonymous_1)
FNDA:0,(anonymous_2)
FNDA:4,(anonymous_3)
FNDA:2,(anonymous_4)
FNDA:6,(anonymous_5)
DA:1,94
DA:2,94
DA:4,94
DA:6,94
DA:7,94
DA:9,94
DA:25,212
DA:26,12
DA:30,6
DA:31,6
DA:32,4
DA:33,4
DA:34,4
DA:35,4
DA:37,2
DA:38,2
DA:39,2
DA:40,2
DA:41,2
DA:46,0
DA:50,4
DA:54,2
DA:55,0
DA:59,6
LF:24
LH:22
BRDA:25,0,0,200
BRDA:26,1,0,12
BRDA:26,1,1,8
BRDA:31,2,0,4
BRDA:38,3,0,2
BRDA:54,4,0,2
BRF:6
BRH:6
end_of_record
TN:
SF:src/utils/parse/platforms/bluesky/index.ts
FN:14,(anonymous_0)
FN:24,(anonymous_1)
FN:43,(anonymous_2)
FN:47,(anonymous_3)
FN:52,(anonymous_4)
FNF:5
FNH:4
FNDA:726,(anonymous_0)
FNDA:6,(anonymous_1)
FNDA:0,(anonymous_2)
FNDA:6,(anonymous_3)
FNDA:12,(anonymous_4)
DA:1,94
DA:3,94
DA:15,726
DA:18,20
DA:19,14
DA:22,6
DA:26,6
DA:27,6
DA:28,2
DA:29,2
DA:30,2
DA:31,2
DA:32,2
DA:36,4
DA:37,4
DA:38,4
DA:39,4
DA:40,4
DA:45,0
DA:49,6
DA:50,6
DA:52,12
LF:22
LH:21
BRDA:15,0,0,706
BRDA:18,1,0,14
BRDA:27,2,0,2
BRDA:37,3,0,4
BRDA:45,4,0,0
BRDA:45,4,1,0
BRDA:49,5,0,4
BRDA:49,5,1,2
BRDA:49,6,0,6
BRDA:49,6,1,4
BRF:10
BRH:8
end_of_record
TN:
SF:src/utils/parse/platforms/buymeacoffee/index.ts
FN:24,(anonymous_0)
FN:29,(anonymous_1)
FN:44,(anonymous_2)
FN:48,(anonymous_3)
FN:52,(anonymous_4)
FN:57,(anonymous_5)
FNF:6
FNH:4
FNDA:240,(anonymous_0)
FNDA:4,(anonymous_1)
FNDA:0,(anonymous_2)
FNDA:2,(anonymous_3)
FNDA:0,(anonymous_4)
FNDA:4,(anonymous_5)
DA:1,94
DA:2,94
DA:4,94
DA:6,94
DA:7,94
DA:9,94
DA:25,240
DA:26,8
DA:30,4
DA:31,4
DA:32,2
DA:33,2
DA:34,2
DA:36,2
DA:37,2
DA:38,2
DA:39,2
DA:40,2
DA:45,0
DA:49,2
DA:53,0
DA:54,0
DA:58,4
LF:23
LH:20
BRDA:25,0,0,232
BRDA:26,1,0,8
BRDA:26,1,1,4
BRDA:31,2,0,2
BRDA:37,3,0,2
BRDA:53,4,0,0
BRF:6
BRH:5
end_of_record
TN:
SF:src/utils/parse/platforms/calendly/index.ts
FN:18,(anonymous_0)
FN:24,(anonymous_1)
FN:41,(anonymous_2)
FN:45,(anonymous_3)
FN:49,(anonymous_4)
FN:54,(anonymous_5)
FNF:6
FNH:4
FNDA:340,(anonymous_0)
FNDA:4,(anonymous_1)
FNDA:0,(anonymous_2)
FNDA:2,(anonymous_3)
FNDA:0,(anonymous_4)
FNDA:4,(anonymous_5)
DA:1,94
DA:3,94
DA:19,340
DA:20,8
DA:21,8
DA:25,4
DA:26,4
DA:27,2
DA:28,2
DA:29,2
DA:30,2
DA:31,2
DA:33,2
DA:34,2
DA:35,2
DA:36,2
DA:37,2
DA:42,0
DA:46,2
DA:50,0
DA:51,0
DA:55,4
LF:22
LH:19
BRDA:19,0,0,332
BRDA:21,1,0,8
BRDA:21,1,1,4
BRDA:26,2,0,2
BRDA:34,3,0,2
BRDA:50,4,0,0
BRF:6
BRH:5
end_of_record
TN:
SF:src/utils/parse/platforms/cameo/index.ts
FN:18,(anonymous_0)
FN:24,(anonymous_1)
FN:41,(anonymous_2)
FN:45,(anonymous_3)
FN:49,(anonymous_4)
FNF:5
FNH:4
FNDA:530,(anonymous_0)
FNDA:4,(anonymous_1)
FNDA:0,(anonymous_2)
FNDA:4,(anonymous_3)
FNDA:4,(anonymous_4)
DA:1,94
DA:3,94
DA:19,530
DA:20,12
DA:21,12
DA:25,4
DA:26,4
DA:27,4
DA:28,2
DA:29,2
DA:30,2
DA:31,2
DA:33,2
DA:34,2
DA:35,2
DA:36,2
DA:37,2
DA:42,0
DA:46,4
DA:50,4
LF:20
LH:19
BRDA:19,0,0,518
BRDA:21,1,0,12
BRDA:21,1,1,4
BRDA:27,2,0,2
BRDA:34,3,0,2
BRF:5
BRH:5
end_of_record
TN:
SF:src/utils/parse/platforms/cashapp/index.ts
FN:19,(anonymous_0)
FN:27,(anonymous_1)
FN:55,(anonymous_2)
FN:59,(anonymous_3)
FN:63,(anonymous_4)
FNF:5
FNH:4
FNDA:550,(anonymous_0)
FNDA:6,(anonymous_1)
FNDA:0,(anonymous_2)
FNDA:4,(anonymous_3)
FNDA:6,(anonymous_4)
DA:1,94
DA:3,94
DA:20,550
DA:21,16
DA:22,10
DA:23,6
DA:24,2
DA:29,6
DA:30,6
DA:31,2
DA:32,2
DA:33,2
DA:34,2
DA:35,2
DA:38,4
DA:39,4
DA:40,2
DA:41,2
DA:42,2
DA:43,2
DA:44,2
DA:47,2
DA:48,2
DA:49,2
DA:50,2
DA:51,2
DA:56,0
DA:60,4
DA:64,6
LF:29
LH:28
BRDA:20,0,0,534
BRDA:21,1,0,6
BRDA:22,2,0,4
BRDA:23,3,0,4
BRDA:30,4,0,2
BRDA:39,5,0,2
BRDA:48,6,0,2
BRF:7
BRH:7
end_of_record
TN:
SF:src/utils/parse/platforms/clubhouse/index.ts
FN:19,(anonymous_0)
FN:29,(anonymous_1)
FN:52,(anonymous_2)
FN:56,(anonymous_3)
FN:60,(anonymous_4)
FN:66,(anonymous_5)
FNF:6
FNH:5
FNDA:402,(anonymous_0)
FNDA:6,(anonymous_1)
FNDA:0,(anonymous_2)
FNDA:4,(anonymous_3)
FNDA:4,(anonymous_4)
FNDA:6,(anonymous_5)
DA:1,94
DA:3,94
DA:20,402
DA:21,16
DA:22,16
DA:30,6
DA:31,6
DA:32,2
DA:33,2
DA:34,2
DA:35,2
DA:37,4
DA:38,4
DA:39,2
DA:40,2
DA:41,2
DA:42,2
DA:44,2
DA:45,2
DA:46,2
DA:47,2
DA:48,2
DA:53,0
DA:57,4
DA:61,4
DA:62,2
DA:63,0
DA:67,6
LF:28
LH:26
BRDA:20,0,0,386
BRDA:23,1,0,16
BRDA:23,1,1,10
BRDA:23,1,2,6
BRDA:31,2,0,2
BRDA:38,3,0,2
BRDA:45,4,0,2
BRDA:61,5,0,2
BRDA:62,6,0,2
BRF:9
BRH:9
end_of_record
TN:
SF:src/utils/parse/platforms/coinbasecommerce/index.ts
FN:15,(anonymous_0)
FN:16,(anonymous_1)
FN:17,(anonymous_2)
FN:18,(anonymous_3)
FN:19,(anonymous_4)
FN:20,(anonymous_5)
FNF:6
FNH:3
FNDA:234,(anonymous_0)
FNDA:2,(anonymous_1)
FNDA:0,(anonymous_2)
FNDA:0,(anonymous_3)
FNDA:0,(anonymous_4)
FNDA:2,(anonymous_5)
DA:1,94
DA:2,94
DA:4,94
DA:5,94
DA:7,94
DA:15,234
DA:16,2
DA:17,0
DA:18,0
DA:19,0
DA:20,2
LF:11
LH:8
BRDA:15,0,0,234
BRDA:15,0,1,6
BRDA:16,1,0,2
BRF:3
BRH:3
end_of_record
TN:
SF:src/utils/parse/platforms/dailymotion/index.ts
FN:18,(anonymous_0)
FN:24,(anonymous_1)
FN:41,(anonymous_2)
FN:45,(anonymous_3)
FN:49,(anonymous_4)
FNF:5
FNH:4
FNDA:482,(anonymous_0)
FNDA:4,(anonymous_1)
FNDA:0,(anonymous_2)
FNDA:4,(anonymous_3)
FNDA:4,(anonymous_4)
DA:1,94
DA:3,94
DA:19,482
DA:20,12
DA:21,12
DA:25,4
DA:26,4
DA:27,4
DA:28,2
DA:29,2
DA:30,2
DA:31,2
DA:33,2
DA:34,2
DA:35,2
DA:36,2
DA:37,2
DA:42,0
DA:46,4
DA:50,4
LF:20
LH:19
BRDA:19,0,0,470
BRDA:19,1,0,482
BRDA:19,1,1,474
BRDA:21,2,0,12
BRDA:21,2,1,8
BRDA:27,3,0,2
BRDA:34,4,0,2
BRF:7
BRH:7
end_of_record
TN:
SF:src/utils/parse/platforms/deezer/index.ts
FN:23,(anonymous_0)
FN:34,(anonymous_1)
FN:65,(anonymous_2)
FN:69,(anonymous_3)
FN:73,(anonymous_4)
FNF:5
FNH:4
FNDA:520,(anonymous_0)
FNDA:8,(anonymous_1)
FNDA:0,(anonymous_2)
FNDA:2,(anonymous_3)
FNDA:8,(anonymous_4)
DA:1,94
DA:3,94
DA:4,94
DA:6,94
DA:24,520
DA:25,16
DA:26,16
DA:35,8
DA:36,8
DA:37,8
DA:38,2
DA:39,2
DA:40,2
DA:41,2
DA:43,6
DA:44,6
DA:45,2
DA:46,2
DA:47,2
DA:48,2
DA:50,4
DA:51,4
DA:52,2
DA:53,2
DA:54,2
DA:55,2
DA:57,2
DA:58,2
DA:59,2
DA:60,2
DA:61,2
DA:66,0
DA:70,2
DA:74,8
LF:34
LH:33
BRDA:24,0,0,504
BRDA:27,1,0,16
BRDA:27,1,1,12
BRDA:27,1,2,8
BRDA:27,1,3,4
BRDA:37,2,0,2
BRDA:44,3,0,2
BRDA:51,4,0,2
BRDA:58,5,0,2
BRF:9
BRH:9
end_of_record
TN:
SF:src/utils/parse/platforms/devto/index.ts
FN:25,(anonymous_0)
FN:30,(anonymous_1)
FN:47,(anonymous_2)
FN:51,(anonymous_3)
FN:55,(anonymous_4)
FN:60,(anonymous_5)
FNF:6
FNH:4
FNDA:306,(anonymous_0)
FNDA:4,(anonymous_1)
FNDA:0,(anonymous_2)
FNDA:4,(anonymous_3)
FNDA:0,(anonymous_4)
FNDA:4,(anonymous_5)
DA:1,94
DA:2,94
DA:4,94
DA:6,94
DA:8,94
DA:10,94
DA:26,306
DA:27,8
DA:31,4
DA:32,4
DA:33,2
DA:34,2
DA:35,2
DA:36,2
DA:37,2
DA:39,2
DA:40,2
DA:41,2
DA:42,2
DA:43,2
DA:48,0
DA:52,4
DA:56,0
DA:57,0
DA:61,4
LF:25
LH:22
BRDA:26,0,0,298
BRDA:27,1,0,8
BRDA:27,1,1,4
BRDA:32,2,0,2
BRDA:40,3,0,2
BRDA:56,4,0,0
BRF:6
BRH:5
end_of_record
TN:
SF:src/utils/parse/platforms/discord/index.ts
FN:22,(anonymous_0)
FN:23,(anonymous_1)
FN:35,(anonymous_2)
FN:79,(anonymous_3)
FN:83,(anonymous_4)
FN:87,(anonymous_5)
FN:94,(anonymous_6)
FNF:7
FNH:5
FNDA:722,(anonymous_0)
FNDA:2134,(anonymous_1)
FNDA:8,(anonymous_2)
FNDA:0,(anonymous_3)
FNDA:2,(anonymous_4)
FNDA:0,(anonymous_5)
FNDA:16,(anonymous_6)
DA:1,94
DA:2,94
DA:4,94
DA:23,2134
DA:26,26
DA:27,22
DA:28,18
DA:29,18
DA:30,14
DA:32,8
DA:37,8
DA:38,8
DA:39,2
DA:40,2
DA:41,2
DA:45,6
DA:46,6
DA:47,2
DA:48,2
DA:49,2
DA:53,4
DA:54,4
DA:55,0
DA:56,0
DA:57,0
DA:58,0
DA:62,4
DA:63,4
DA:64,2
DA:65,2
DA:66,2
DA:70,2
DA:71,2
DA:72,2
DA:73,2
DA:74,2
DA:75,2
DA:80,0
DA:84,2
DA:88,0
DA:89,0
DA:91,0
DA:95,16
LF:43
LH:35
BRDA:23,0,0,696
BRDA:26,1,0,4
BRDA:27,2,0,4
BRDA:28,3,0,0
BRDA:29,4,0,4
BRDA:30,5,0,6
BRDA:38,6,0,2
BRDA:46,7,0,2
BRDA:54,8,0,0
BRDA:63,9,0,2
BRDA:71,10,0,2
BRDA:88,11,0,0
BRF:12
BRH:9
end_of_record
TN:
SF:src/utils/parse/platforms/dispo/index.ts
FN:18,(anonymous_0)
FN:24,(anonymous_1)
FN:40,(anonymous_2)
FN:44,(anonymous_3)
FN:48,(anonymous_4)
FN:55,(anonymous_5)
FNF:6
FNH:5
FNDA:404,(anonymous_0)
FNDA:4,(anonymous_1)
FNDA:0,(anonymous_2)
FNDA:4,(anonymous_3)
FNDA:2,(anonymous_4)
FNDA:4,(anonymous_5)
DA:1,94
DA:3,94
DA:19,404
DA:20,12
DA:21,12
DA:25,4
DA:26,4
DA:27,2
DA:28,2
DA:29,2
DA:30,2
DA:32,2
DA:33,2
DA:34,2
DA:35,2
DA:36,2
DA:41,0
DA:45,4
DA:49,2
DA:50,2
DA:52,0
DA:56,4
LF:22
LH:20
BRDA:19,0,0,392
BRDA:21,1,0,12
BRDA:21,1,1,6
BRDA:26,2,0,2
BRDA:33,3,0,2
BRDA:49,4,0,2
BRF:6
BRH:6
end_of_record
TN:
SF:src/utils/parse/platforms/dribbble/index.ts
FN:24,(anonymous_0)
FN:29,(anonymous_1)
FN:45,(anonymous_2)
FN:49,(anonymous_3)
FN:53,(anonymous_4)
FN:58,(anonymous_5)
FNF:6
FNH:5
FNDA:282,(anonymous_0)
FNDA:4,(anonymous_1)
FNDA:0,(anonymous_2)
FNDA:4,(anonymous_3)
FNDA:2,(anonymous_4)
FNDA:4,(anonymous_5)
DA:1,94
DA:2,94
DA:4,94
DA:6,94
DA:7,94
DA:9,94
DA:25,282
DA:26,8
DA:30,4
DA:31,4
DA:32,2
DA:33,2
DA:34,2
DA:35,2
DA:37,2
DA:38,2
DA:39,2
DA:40,2
DA:41,2
DA:46,0
DA:50,4
DA:54,2
DA:55,0
DA:59,4
LF:24
LH:22
BRDA:25,0,0,274
BRDA:26,1,0,8
BRDA:26,1,1,4
BRDA:31,2,0,2
BRDA:38,3,0,2
BRDA:54,4,0,2
BRF:6
BRH:6
end_of_record
TN:
SF:src/utils/parse/platforms/ebay/index.ts
FN:25,(anonymous_0)
FN:30,(anonymous_1)
FN:38,(anonymous_2)
FN:42,(anonymous_3)
FN:46,(anonymous_4)
FN:51,(anonymous_5)
FNF:6
FNH:3
FNDA:246,(anonymous_0)
FNDA:2,(anonymous_1)
FNDA:0,(anonymous_2)
FNDA:0,(anonymous_3)
FNDA:0,(anonymous_4)
FNDA:2,(anonymous_5)
DA:1,94
DA:2,94
DA:4,94
DA:6,94
DA:7,94
DA:9,94
DA:26,246
DA:27,4
DA:31,2
DA:32,2
DA:33,2
DA:34,2
DA:39,0
DA:43,0
DA:47,0
DA:48,0
DA:52,2
LF:17
LH:13
BRDA:26,0,0,242
BRDA:27,1,0,4
BRDA:27,1,1,0
BRDA:31,2,0,2
BRDA:31,2,1,0
BRDA:32,3,0,2
BRDA:47,4,0,0
BRF:7
BRH:4
end_of_record
TN:
SF:src/utils/parse/platforms/email/index.ts
FN:13,(anonymous_0)
FN:20,(anonymous_1)
FN:33,(anonymous_2)
FN:36,(anonymous_3)
FN:39,(anonymous_4)
FNF:5
FNH:4
FNDA:712,(anonymous_0)
FNDA:6,(anonymous_1)
FNDA:0,(anonymous_2)
FNDA:8,(anonymous_3)
FNDA:12,(anonymous_4)
DA:1,94
DA:3,94
DA:5,94
DA:14,712
DA:15,12
DA:16,12
DA:18,700
DA:21,6
DA:22,6
DA:23,4
DA:26,6
DA:27,6
DA:28,6
DA:29,6
DA:30,6
DA:34,0
DA:37,8
DA:40,12
DA:41,12
LF:19
LH:18
BRDA:14,0,0,12
BRDA:22,1,0,4
BRDA:26,2,0,6
BRDA:40,3,0,8
BRDA:40,3,1,4
BRF:5
BRH:5
end_of_record
TN:
SF:src/utils/parse/platforms/etherscan/index.ts
FN:14,(anonymous_0)
FN:15,(anonymous_1)
FN:16,(anonymous_2)
FN:17,(anonymous_3)
FN:18,(anonymous_4)
FN:19,(anonymous_5)
FNF:6
FNH:1
FNDA:224,(anonymous_0)
FNDA:0,(anonymous_1)
FNDA:0,(anonymous_2)
FNDA:0,(anonymous_3)
FNDA:0,(anonymous_4)
FNDA:0,(anonymous_5)
DA:1,94
DA:2,94
DA:4,94
DA:5,94
DA:7,94
DA:14,224
DA:15,0
DA:16,0
DA:17,0
DA:18,0
DA:19,0
LF:11
LH:6
BRDA:14,0,0,224
BRDA:14,0,1,0
BRDA:14,0,2,0
BRDA:15,1,0,0
BRDA:15,2,0,0
BRDA:18,3,0,0
BRDA:18,4,0,0
BRDA:18,4,1,0
BRF:8
BRH:1
end_of_record
TN:
SF:src/utils/parse/platforms/etsy/index.ts
FN:25,(anonymous_0)
FN:30,(anonymous_1)
FN:45,(anonymous_2)
FN:49,(anonymous_3)
FN:53,(anonymous_4)
FN:58,(anonymous_5)
FNF:6
FNH:4
FNDA:252,(anonymous_0)
FNDA:4,(anonymous_1)
FNDA:0,(anonymous_2)
FNDA:2,(anonymous_3)
FNDA:0,(anonymous_4)
FNDA:4,(anonymous_5)
DA:1,94
DA:2,94
DA:4,94
DA:5,94
DA:7,94
DA:8,94
DA:10,94
DA:26,252
DA:27,8
DA:31,4
DA:32,4
DA:33,2
DA:34,2
DA:35,2
DA:37,2
DA:38,2
DA:39,2
DA:40,2
DA:41,2
DA:46,0
DA:50,2
DA:54,0
DA:55,0
DA:59,4
LF:24
LH:21
BRDA:26,0,0,244
BRDA:27,1,0,8
BRDA:27,1,1,4
BRDA:32,2,0,2
BRDA:38,3,0,2
BRDA:54,4,0,0
BRF:6
BRH:5
end_of_record
TN:
SF:src/utils/parse/platforms/facebook/index.ts
FN:26,(anonymous_0)
FN:27,(anonymous_1)
FN:40,(anonymous_2)
FN:113,(anonymous_3)
FN:117,(anonymous_4)
FN:121,(anonymous_5)
FN:128,(anonymous_6)
FNF:7
FNH:5
FNDA:716,(anonymous_0)
FNDA:1384,(anonymous_1)
FNDA:16,(anonymous_2)
FNDA:0,(anonymous_3)
FNDA:6,(anonymous_4)
FNDA:0,(anonymous_5)
FNDA:30,(anonymous_6)
DA:1,94
DA:2,94
DA:4,94
DA:27,1384
DA:30,48
DA:31,42
DA:32,42
DA:33,210
DA:37,14
DA:42,16
DA:43,16
DA:44,2
DA:45,2
DA:46,2
DA:47,2
DA:51,14
DA:52,14
DA:53,2
DA:54,2
DA:55,2
DA:56,2
DA:60,12
DA:61,12
DA:62,2
DA:63,2
DA:64,2
DA:65,2
DA:69,10
DA:70,10
DA:71,2
DA:72,2
DA:73,2
DA:74,2
DA:78,8
DA:79,8
DA:80,2
DA:81,2
DA:82,2
DA:83,2
DA:87,6
DA:88,6
DA:89,2
DA:90,2
DA:91,2
DA:92,2
DA:96,4
DA:97,4
DA:98,2
DA:99,2
DA:100,2
DA:101,2
DA:105,2
DA:106,2
DA:107,2
DA:108,2
DA:109,2
DA:114,0
DA:118,6
DA:122,0
DA:123,0
DA:125,0
DA:129,30
DA:130,30
LF:63
LH:59
BRDA:27,0,0,668
BRDA:30,1,0,6
BRDA:31,2,0,42
BRDA:33,3,0,28
BRDA:33,4,0,210
BRDA:33,4,1,210
BRDA:43,5,0,2
BRDA:52,6,0,2
BRDA:61,7,0,2
BRDA:70,8,0,2
BRDA:79,9,0,2
BRDA:88,10,0,2
BRDA:97,11,0,2
BRDA:106,12,0,2
BRDA:106,13,0,2
BRDA:106,13,1,2
BRDA:106,13,2,2
BRDA:122,14,0,0
BRF:18
BRH:17
end_of_record
TN:
SF:src/utils/parse/platforms/fanfix/index.ts
FN:18,(anonymous_0)
FN:23,(anonymous_1)
FN:39,(anonymous_2)
FN:43,(anonymous_3)
FN:47,(anonymous_4)
FN:52,(anonymous_5)
FNF:6
FNH:4
FNDA:350,(anonymous_0)
FNDA:4,(anonymous_1)
FNDA:0,(anonymous_2)
FNDA:2,(anonymous_3)
FNDA:0,(anonymous_4)
FNDA:4,(anonymous_5)
DA:1,94
DA:3,94
DA:19,350
DA:20,8
DA:24,4
DA:25,4
DA:26,2
DA:27,2
DA:28,2
DA:29,2
DA:31,2
DA:32,2
DA:33,2
DA:34,2
DA:35,2
DA:40,0
DA:44,2
DA:48,0
DA:49,0
DA:53,4
LF:20
LH:17
BRDA:19,0,0,342
BRDA:20,1,0,8
BRDA:20,1,1,4
BRDA:25,2,0,2
BRDA:32,3,0,2
BRDA:48,4,0,0
BRF:6
BRH:5
end_of_record
TN:
SF:src/utils/parse/platforms/flickr/index.ts
FN:24,(anonymous_0)
FN:29,(anonymous_1)
FN:46,(anonymous_2)
FN:50,(anonymous_3)
FN:54,(anonymous_4)
FN:59,(anonymous_5)
FNF:6
FNH:5
FNDA:270,(anonymous_0)
FNDA:4,(anonymous_1)
FNDA:0,(anonymous_2)
FNDA:4,(anonymous_3)
FNDA:2,(anonymous_4)
FNDA:4,(anonymous_5)
DA:1,94
DA:2,94
DA:4,94
DA:6,94
DA:7,94
DA:9,94
DA:25,270
DA:26,8
DA:30,4
DA:31,4
DA:32,2
DA:33,2
DA:34,2
DA:35,2
DA:36,2
DA:38,2
DA:39,2
DA:40,2
DA:41,2
DA:42,2
DA:47,0
DA:51,4
DA:55,2
DA:56,0
DA:60,4
LF:25
LH:23
BRDA:25,0,0,262
BRDA:26,1,0,8
BRDA:26,1,1,4
BRDA:31,2,0,2
BRDA:39,3,0,2
BRDA:55,4,0,2
BRF:6
BRH:6
end_of_record
TN:
SF:src/utils/parse/platforms/github/index.ts
FN:17,(anonymous_0)
FN:18,(anonymous_1)
FN:31,(anonymous_2)
FN:71,(anonymous_3)
FN:75,(anonymous_4)
FN:79,(anonymous_5)
FNF:6
FNH:5
FNDA:692,(anonymous_0)
FNDA:2036,(anonymous_1)
FNDA:8,(anonymous_2)
FNDA:0,(anonymous_3)
FNDA:4,(anonymous_4)
FNDA:16,(anonymous_5)
DA:1,94
DA:3,94
DA:18,2036
DA:21,26
DA:22,20
DA:23,20
DA:24,48
DA:28,8
DA:33,8
DA:34,8
DA:35,2
DA:36,2
DA:37,2
DA:38,2
DA:39,2
DA:43,6
DA:44,6
DA:45,2
DA:46,2
DA:47,2
DA:48,2
DA:49,2
DA:53,4
DA:54,4
DA:55,2
DA:56,2
DA:57,2
DA:58,2
DA:59,2
DA:63,2
DA:64,2
DA:65,2
DA:66,2
DA:67,2
DA:72,0
DA:76,4
DA:80,16
LF:37
LH:36
BRDA:18,0,0,666
BRDA:21,1,0,6
BRDA:22,2,0,20
BRDA:24,3,0,12
BRDA:24,4,0,48
BRDA:24,4,1,48
BRDA:34,5,0,2
BRDA:44,6,0,2
BRDA:54,7,0,2
BRDA:64,8,0,2
BRF:10
BRH:10
end_of_record
TN:
SF:src/utils/parse/platforms/gitlab/index.ts
FN:16,(anonymous_0)
FN:27,(anonymous_1)
FN:56,(anonymous_2)
FN:60,(anonymous_3)
FN:64,(anonymous_4)
FNF:5
FNH:4
FNDA:684,(anonymous_0)
FNDA:8,(anonymous_1)
FNDA:0,(anonymous_2)
FNDA:6,(anonymous_3)
FNDA:16,(anonymous_4)
DA:1,94
DA:3,94
DA:17,684
DA:20,26
DA:21,16
DA:22,12
DA:24,8
DA:29,8
DA:30,8
DA:31,2
DA:32,2
DA:33,2
DA:34,2
DA:38,6
DA:39,6
DA:40,2
DA:41,2
DA:42,2
DA:43,2
DA:44,2
DA:48,4
DA:49,4
DA:50,4
DA:51,4
DA:52,4
DA:57,0
DA:61,6
DA:65,16
LF:28
LH:27
BRDA:17,0,0,658
BRDA:20,1,0,10
BRDA:21,2,0,4
BRDA:22,3,0,4
BRDA:30,4,0,2
BRDA:39,5,0,2
BRDA:49,6,0,4
BRF:7
BRH:7
end_of_record
TN:
SF:src/utils/parse/platforms/gofundme/index.ts
FN:18,(anonymous_0)
FN:23,(anonymous_1)
FN:39,(anonymous_2)
FN:43,(anonymous_3)
FN:47,(anonymous_4)
FN:52,(anonymous_5)
FNF:6
FNH:3
FNDA:344,(anonymous_0)
FNDA:4,(anonymous_1)
FNDA:0,(anonymous_2)
FNDA:0,(anonymous_3)
FNDA:0,(anonymous_4)
FNDA:4,(anonymous_5)
DA:1,94
DA:3,94
DA:19,344
DA:20,8
DA:24,4
DA:25,4
DA:26,2
DA:27,2
DA:28,2
DA:29,2
DA:31,2
DA:32,2
DA:33,2
DA:34,2
DA:35,2
DA:40,0
DA:44,0
DA:48,0
DA:49,0
DA:53,4
LF:20
LH:16
BRDA:19,0,0,336
BRDA:20,1,0,8
BRDA:20,1,1,4
BRDA:25,2,0,2
BRDA:32,3,0,2
BRDA:48,4,0,0
BRF:6
BRH:5
end_of_record
TN:
SF:src/utils/parse/platforms/grailed/index.ts
FN:25,(anonymous_0)
FN:30,(anonymous_1)
FN:45,(anonymous_2)
FN:49,(anonymous_3)
FN:53,(anonymous_4)
FN:58,(anonymous_5)
FNF:6
FNH:1
FNDA:238,(anonymous_0)
FNDA:0,(anonymous_1)
FNDA:0,(anonymous_2)
FNDA:0,(anonymous_3)
FNDA:0,(anonymous_4)
FNDA:0,(anonymous_5)
DA:1,94
DA:2,94
DA:4,94
DA:5,94
DA:7,94
DA:8,94
DA:10,94
DA:26,238
DA:27,0
DA:31,0
DA:32,0
DA:33,0
DA:34,0
DA:35,0
DA:37,0
DA:38,0
DA:39,0
DA:40,0
DA:41,0
DA:46,0
DA:50,0
DA:54,0
DA:55,0
DA:59,0
LF:24
LH:8
BRDA:26,0,0,238
BRDA:27,1,0,0
BRDA:27,1,1,0
BRDA:32,2,0,0
BRDA:38,3,0,0
BRDA:54,4,0,0
BRF:6
BRH:1
end_of_record
TN:
SF:src/utils/parse/platforms/hoobe/index.ts
FN:26,(anonymous_0)
FN:30,(anonymous_1)
FN:39,(anonymous_2)
FN:48,(anonymous_3)
FN:52,(anonymous_4)
FNF:5
FNH:5
FNDA:220,(anonymous_0)
FNDA:2,(anonymous_1)
FNDA:8,(anonymous_2)
FNDA:2,(anonymous_3)
FNDA:2,(anonymous_4)
DA:1,94
DA:2,94
DA:5,94
DA:6,94
DA:8,94
DA:9,94
DA:10,94
DA:12,94
DA:14,94
DA:27,220
DA:31,2
DA:32,2
DA:33,2
DA:34,2
DA:35,2
DA:40,8
DA:41,8
DA:42,6
DA:43,4
DA:44,4
DA:45,2
DA:49,2
DA:53,2
LF:23
LH:23
BRDA:27,0,0,220
BRDA:27,0,1,4
BRDA:32,1,0,2
BRDA:40,2,0,0
BRDA:40,3,0,8
BRDA:40,3,1,8
BRDA:41,4,0,2
BRDA:41,5,0,8
BRDA:41,5,1,6
BRDA:42,6,0,2
BRDA:43,7,0,0
BRDA:44,8,0,2
BRF:12
BRH:10
end_of_record
TN:
SF:src/utils/parse/platforms/imdb/index.ts
FN:19,(anonymous_0)
FN:29,(anonymous_1)
FN:52,(anonymous_2)
FN:56,(anonymous_3)
FN:60,(anonymous_4)
FN:66,(anonymous_5)
FNF:6
FNH:3
FNDA:372,(anonymous_0)
FNDA:6,(anonymous_1)
FNDA:0,(anonymous_2)
FNDA:0,(anonymous_3)
FNDA:0,(anonymous_4)
FNDA:6,(anonymous_5)
DA:1,94
DA:3,94
DA:20,372
DA:21,12
DA:22,12
DA:30,6
DA:31,6
DA:32,2
DA:33,2
DA:34,2
DA:35,2
DA:37,4
DA:38,4
DA:39,2
DA:40,2
DA:41,2
DA:42,2
DA:44,2
DA:45,2
DA:46,2
DA:47,2
DA:48,2
DA:53,0
DA:57,0
DA:61,0
DA:62,0
DA:63,0
DA:67,6
LF:28
LH:23
BRDA:20,0,0,360
BRDA:23,1,0,12
BRDA:23,1,1,8
BRDA:23,1,2,4
BRDA:31,2,0,2
BRDA:38,3,0,2
BRDA:45,4,0,2
BRDA:61,5,0,0
BRDA:62,6,0,0
BRF:9
BRH:7
end_of_record
TN:
SF:src/utils/parse/platforms/instagram/index.ts
FN:25,(anonymous_0)
FN:26,(anonymous_1)
FN:39,(anonymous_2)
FN:93,(anonymous_3)
FN:100,(anonymous_4)
FN:105,(anonymous_5)
FN:111,(anonymous_6)
FN:115,(anonymous_7)
FNF:8
FNH:6
FNDA:684,(anonymous_0)
FNDA:1332,(anonymous_1)
FNDA:16,(anonymous_2)
FNDA:0,(anonymous_3)
FNDA:6,(anonymous_4)
FNDA:0,(anonymous_5)
FNDA:30,(anonymous_6)
FNDA:16,(anonymous_7)
DA:1,94
DA:2,94
DA:4,94
DA:26,1332
DA:29,36
DA:30,26
DA:31,26
DA:32,76
DA:36,2
DA:41,16
DA:42,16
DA:43,2
DA:44,2
DA:45,2
DA:46,2
DA:50,14
DA:51,14
DA:52,2
DA:53,2
DA:54,2
DA:55,2
DA:56,2
DA:60,12
DA:61,12
DA:62,2
DA:63,2
DA:64,2
DA:65,2
DA:69,10
DA:70,10
DA:71,38
DA:72,28
DA:73,28
DA:74,28
DA:75,28
DA:76,6
DA:77,6
DA:78,6
DA:79,6
DA:85,4
DA:86,4
DA:87,4
DA:88,4
DA:89,4
DA:94,0
DA:97,0
DA:101,6
DA:102,6
DA:106,0
DA:107,0
DA:108,0
DA:112,30
DA:116,16
DA:117,0
DA:119,16
DA:120,16
DA:121,8
DA:122,8
DA:124,8
LF:59
LH:53
BRDA:26,0,0,648
BRDA:29,1,0,10
BRDA:30,2,0,26
BRDA:32,3,0,24
BRDA:32,4,0,76
BRDA:32,4,1,76
BRDA:42,5,0,2
BRDA:51,6,0,2
BRDA:61,7,0,2
BRDA:69,8,0,10
BRDA:71,9,0,10
BRDA:71,10,0,38
BRDA:71,10,1,32
BRDA:73,11,0,0
BRDA:75,12,0,6
BRDA:86,13,0,4
BRDA:107,14,0,0
BRDA:107,14,1,0
BRDA:116,15,0,0
BRDA:119,16,0,16
BRDA:119,16,1,12
BRDA:119,16,2,10
BRDA:120,17,0,8
BRF:23
BRH:19
end_of_record
TN:
SF:src/utils/parse/platforms/kick/index.ts
FN:24,(anonymous_0)
FN:29,(anonymous_1)
FN:47,(anonymous_2)
FN:51,(anonymous_3)
FN:55,(anonymous_4)
FN:60,(anonymous_5)
FNF:6
FNH:5
FNDA:220,(anonymous_0)
FNDA:4,(anonymous_1)
FNDA:0,(anonymous_2)
FNDA:4,(anonymous_3)
FNDA:2,(anonymous_4)
FNDA:4,(anonymous_5)
DA:1,94
DA:2,94
DA:4,94
DA:6,94
DA:7,94
DA:9,94
DA:25,220
DA:26,8
DA:30,4
DA:31,4
DA:32,2
DA:33,2
DA:34,2
DA:35,2
DA:38,2
DA:39,2
DA:40,2
DA:41,2
DA:42,2
DA:43,2
DA:48,0
DA:52,4
DA:56,2
DA:57,0
DA:61,4
LF:25
LH:23
BRDA:25,0,0,212
BRDA:26,1,0,8
BRDA:26,1,1,4
BRDA:31,2,0,2
BRDA:39,3,0,2
BRDA:56,4,0,2
BRF:6
BRH:6
end_of_record
TN:
SF:src/utils/parse/platforms/kofi/index.ts
FN:15,(anonymous_0)
FN:24,(anonymous_1)
FN:52,(anonymous_2)
FN:53,(anonymous_3)
FN:54,(anonymous_4)
FNF:5
FNH:4
FNDA:658,(anonymous_0)
FNDA:6,(anonymous_1)
FNDA:0,(anonymous_2)
FNDA:4,(anonymous_3)
FNDA:12,(anonymous_4)
DA:1,94
DA:3,94
DA:16,658
DA:19,20
DA:20,10
DA:22,6
DA:26,6
DA:27,6
DA:28,2
DA:29,2
DA:30,2
DA:31,2
DA:35,4
DA:36,4
DA:37,2
DA:38,2
DA:39,2
DA:40,2
DA:41,2
DA:45,2
DA:46,2
DA:47,2
DA:48,2
DA:49,2
DA:52,0
DA:53,4
DA:54,12
LF:27
LH:26
BRDA:16,0,0,638
BRDA:19,1,0,10
BRDA:20,2,0,4
BRDA:27,3,0,2
BRDA:36,4,0,2
BRDA:46,5,0,2
BRF:6
BRH:6
end_of_record
TN:
SF:src/utils/parse/platforms/liketoknowit/index.ts
FN:18,(anonymous_0)
FN:23,(anonymous_1)
FN:39,(anonymous_2)
FN:43,(anonymous_3)
FN:47,(anonymous_4)
FN:52,(anonymous_5)
FNF:6
FNH:4
FNDA:384,(anonymous_0)
FNDA:4,(anonymous_1)
FNDA:0,(anonymous_2)
FNDA:2,(anonymous_3)
FNDA:0,(anonymous_4)
FNDA:4,(anonymous_5)
DA:1,94
DA:3,94
DA:19,384
DA:20,8
DA:24,4
DA:25,4
DA:26,2
DA:27,2
DA:28,2
DA:29,2
DA:31,2
DA:32,2
DA:33,2
DA:34,2
DA:35,2
DA:40,0
DA:44,2
DA:48,0
DA:49,0
DA:53,4
LF:20
LH:17
BRDA:19,0,0,376
BRDA:20,1,0,8
BRDA:20,1,1,4
BRDA:25,2,0,2
BRDA:32,3,0,2
BRDA:48,4,0,0
BRF:6
BRH:5
end_of_record
TN:
SF:src/utils/parse/platforms/linkedin/index.ts
FN:23,(anonymous_0)
FN:37,(anonymous_1)
FN:92,(anonymous_2)
FN:96,(anonymous_3)
FN:100,(anonymous_4)
FNF:5
FNH:4
FNDA:656,(anonymous_0)
FNDA:10,(anonymous_1)
FNDA:0,(anonymous_2)
FNDA:4,(anonymous_3)
FNDA:20,(anonymous_4)
DA:1,94
DA:2,94
DA:4,94
DA:24,656
DA:27,32
DA:28,26
DA:29,26
DA:30,90
DA:34,10
DA:39,10
DA:40,10
DA:41,2
DA:42,2
DA:43,2
DA:44,2
DA:48,8
DA:49,8
DA:50,2
DA:51,2
DA:52,2
DA:53,2
DA:57,6
DA:58,6
DA:59,2
DA:60,2
DA:61,2
DA:62,2
DA:66,4
DA:67,4
DA:68,2
DA:69,2
DA:70,2
DA:71,2
DA:75,2
DA:76,2
DA:77,0
DA:78,0
DA:79,0
DA:80,0
DA:84,2
DA:85,2
DA:86,2
DA:87,2
DA:88,2
DA:93,0
DA:97,4
DA:101,20
LF:47
LH:42
BRDA:24,0,0,624
BRDA:27,1,0,6
BRDA:28,2,0,26
BRDA:30,3,0,16
BRDA:30,4,0,90
BRDA:30,4,1,90
BRDA:40,5,0,2
BRDA:49,6,0,2
BRDA:58,7,0,2
BRDA:67,8,0,2
BRDA:76,9,0,0
BRDA:85,10,0,2
BRF:12
BRH:11
end_of_record
TN:
SF:src/utils/parse/platforms/looksrare/index.ts
FN:14,(anonymous_0)
FN:15,(anonymous_1)
FN:16,(anonymous_2)
FN:17,(anonymous_3)
FN:18,(anonymous_4)
FN:19,(anonymous_5)
FNF:6
FNH:3
FNDA:230,(anonymous_0)
FNDA:2,(anonymous_1)
FNDA:0,(anonymous_2)
FNDA:0,(anonymous_3)
FNDA:0,(anonymous_4)
FNDA:2,(anonymous_5)
DA:1,94
DA:2,94
DA:5,94
DA:7,94
DA:14,230
DA:15,2
DA:16,0
DA:17,0
DA:18,0
DA:19,2
LF:10
LH:7
BRDA:14,0,0,230
BRDA:14,0,1,8
BRDA:15,1,0,2
BRF:3
BRH:3
end_of_record
TN:
SF:src/utils/parse/platforms/matterport/index.ts
FN:18,(anonymous_0)
FN:23,(anonymous_1)
FN:39,(anonymous_2)
FN:41,(anonymous_3)
FN:43,(anonymous_4)
FN:45,(anonymous_5)
FNF:6
FNH:3
FNDA:334,(anonymous_0)
FNDA:4,(anonymous_1)
FNDA:0,(anonymous_2)
FNDA:0,(anonymous_3)
FNDA:0,(anonymous_4)
FNDA:4,(anonymous_5)
DA:1,94
DA:3,94
DA:19,334
DA:20,8
DA:24,4
DA:25,4
DA:26,2
DA:27,2
DA:28,2
DA:29,2
DA:31,2
DA:32,2
DA:33,2
DA:34,2
DA:35,2
DA:39,0
DA:41,0
DA:43,0
DA:45,4
LF:19
LH:16
BRDA:19,0,0,326
BRDA:20,1,0,8
BRDA:20,1,1,4
BRDA:25,2,0,2
BRDA:32,3,0,2
BRDA:43,4,0,0
BRF:6
BRH:5
end_of_record
TN:
SF:src/utils/parse/platforms/mediakits/index.ts
FN:15,(anonymous_0)
FN:19,(anonymous_1)
FN:28,(anonymous_2)
FN:32,(anonymous_3)
FN:36,(anonymous_4)
FNF:5
FNH:4
FNDA:334,(anonymous_0)
FNDA:2,(anonymous_1)
FNDA:0,(anonymous_2)
FNDA:2,(anonymous_3)
FNDA:2,(anonymous_4)
DA:1,94
DA:3,94
DA:16,334
DA:20,2
DA:21,2
DA:22,2
DA:23,2
DA:24,2
DA:29,0
DA:33,2
DA:37,2
LF:11
LH:10
BRDA:16,0,0,334
BRDA:16,0,1,4
BRDA:21,1,0,2
BRF:3
BRH:3
end_of_record
TN:
SF:src/utils/parse/platforms/medium/index.ts
FN:32,(anonymous_0)
FN:39,(anonymous_1)
FN:73,(anonymous_2)
FN:77,(anonymous_3)
FN:81,(anonymous_4)
FN:88,(anonymous_5)
FNF:6
FNH:4
FNDA:326,(anonymous_0)
FNDA:12,(anonymous_1)
FNDA:0,(anonymous_2)
FNDA:6,(anonymous_3)
FNDA:0,(anonymous_4)
FNDA:12,(anonymous_5)
DA:1,94
DA:2,94
DA:4,94
DA:5,94
DA:7,94
DA:8,94
DA:9,94
DA:11,94
DA:12,94
DA:13,94
DA:15,94
DA:33,326
DA:34,24
DA:35,12
DA:36,0
DA:41,12
DA:42,12
DA:43,6
DA:44,6
DA:45,6
DA:46,6
DA:47,6
DA:51,6
DA:52,6
DA:53,2
DA:54,2
DA:55,2
DA:56,2
DA:58,4
DA:59,4
DA:60,2
DA:61,2
DA:62,2
DA:63,2
DA:65,2
DA:66,2
DA:67,2
DA:68,2
DA:69,2
DA:74,0
DA:78,6
DA:82,0
DA:83,0
DA:85,0
DA:89,12
LF:45
LH:40
BRDA:33,0,0,302
BRDA:34,1,0,12
BRDA:34,2,0,24
BRDA:34,2,1,20
BRDA:34,2,2,16
BRDA:35,3,0,12
BRDA:35,4,0,12
BRDA:35,4,1,8
BRDA:35,4,2,4
BRDA:41,5,0,12
BRDA:41,5,1,10
BRDA:41,5,2,8
BRDA:42,6,0,6
BRDA:52,7,0,2
BRDA:59,8,0,2
BRDA:66,9,0,2
BRDA:82,10,0,0
BRF:17
BRH:16
end_of_record
TN:
SF:src/utils/parse/platforms/microsoftteams/index.ts
FN:14,(anonymous_0)
FN:15,(anonymous_1)
FN:19,(anonymous_2)
FN:20,(anonymous_3)
FN:21,(anonymous_4)
FN:22,(anonymous_5)
FNF:6
FNH:1
FNDA:218,(anonymous_0)
FNDA:0,(anonymous_1)
FNDA:0,(anonymous_2)
FNDA:0,(anonymous_3)
FNDA:0,(anonymous_4)
FNDA:0,(anonymous_5)
DA:1,94
DA:2,94
DA:4,94
DA:5,94
DA:7,94
DA:14,218
DA:16,0
DA:17,0
DA:19,0
DA:20,0
DA:21,0
DA:22,0
LF:12
LH:6
BRDA:14,0,0,218
BRDA:14,0,1,0
BRDA:14,0,2,0
BRDA:16,1,0,0
BRDA:17,2,0,0
BRF:5
BRH:1
end_of_record
TN:
SF:src/utils/parse/platforms/mixcloud/index.ts
FN:18,(anonymous_0)
FN:24,(anonymous_1)
FN:42,(anonymous_2)
FN:46,(anonymous_3)
FN:50,(anonymous_4)
FNF:5
FNH:4
FNDA:494,(anonymous_0)
FNDA:4,(anonymous_1)
FNDA:0,(anonymous_2)
FNDA:4,(anonymous_3)
FNDA:4,(anonymous_4)
DA:1,94
DA:3,94
DA:19,494
DA:20,14
DA:21,14
DA:25,4
DA:26,4
DA:27,4
DA:28,2
DA:29,2
DA:30,2
DA:31,2
DA:33,2
DA:34,2
DA:35,2
DA:36,2
DA:37,2
DA:38,2
DA:43,0
DA:47,4
DA:51,4
LF:21
LH:20
BRDA:19,0,0,480
BRDA:21,1,0,14
BRDA:21,1,1,8
BRDA:27,2,0,2
BRDA:34,3,0,2
BRF:5
BRH:5
end_of_record
TN:
SF:src/utils/parse/platforms/onlyfans/index.ts
FN:11,(anonymous_0)
FN:15,(anonymous_1)
FN:23,(anonymous_2)
FN:24,(anonymous_3)
FN:25,(anonymous_4)
FNF:5
FNH:4
FNDA:638,(anonymous_0)
FNDA:2,(anonymous_1)
FNDA:0,(anonymous_2)
FNDA:4,(anonymous_3)
FNDA:4,(anonymous_4)
DA:1,94
DA:3,94
DA:12,638
DA:13,8
DA:16,2
DA:17,2
DA:18,2
DA:19,2
DA:20,2
DA:23,0
DA:24,4
DA:25,4
LF:12
LH:11
BRDA:12,0,0,630
BRDA:17,1,0,2
BRF:2
BRH:2
end_of_record
TN:
SF:src/utils/parse/platforms/opensea/index.ts
FN:19,(anonymous_0)
FN:29,(anonymous_1)
FN:54,(anonymous_2)
FN:58,(anonymous_3)
FN:62,(anonymous_4)
FN:67,(anonymous_5)
FNF:6
FNH:4
FNDA:378,(anonymous_0)
FNDA:6,(anonymous_1)
FNDA:0,(anonymous_2)
FNDA:2,(anonymous_3)
FNDA:0,(anonymous_4)
FNDA:6,(anonymous_5)
DA:1,94
DA:3,94
DA:20,378
DA:21,12
DA:22,12
DA:30,6
DA:31,6
DA:32,2
DA:33,2
DA:34,2
DA:35,2
DA:36,2
DA:37,2
DA:39,4
DA:40,4
DA:41,2
DA:42,2
DA:43,2
DA:44,2
DA:46,2
DA:47,2
DA:48,2
DA:49,2
DA:50,2
DA:55,0
DA:59,2
DA:63,0
DA:64,0
DA:68,6
LF:29
LH:26
BRDA:20,0,0,366
BRDA:23,1,0,12
BRDA:23,1,1,8
BRDA:23,1,2,4
BRDA:31,2,0,2
BRDA:40,3,0,2
BRDA:47,4,0,2
BRDA:63,5,0,0
BRF:8
BRH:7
end_of_record
TN:
SF:src/utils/parse/platforms/pandora/index.ts
FN:21,(anonymous_0)
FN:29,(anonymous_1)
FN:52,(anonymous_2)
FN:56,(anonymous_3)
FN:61,(anonymous_4)
FNF:5
FNH:4
FNDA:514,(anonymous_0)
FNDA:6,(anonymous_1)
FNDA:0,(anonymous_2)
FNDA:2,(anonymous_3)
FNDA:6,(anonymous_4)
DA:1,94
DA:3,94
DA:22,514
DA:23,14
DA:24,14
DA:25,4
DA:26,0
DA:30,6
DA:31,6
DA:32,2
DA:33,2
DA:34,2
DA:35,2
DA:38,4
DA:39,4
DA:41,4
DA:42,4
DA:43,2
DA:44,2
DA:45,2
DA:46,2
DA:47,2
DA:53,0
DA:58,2
DA:62,6
DA:63,6
DA:65,6
DA:66,6
LF:28
LH:26
BRDA:22,0,0,500
BRDA:24,1,0,10
BRDA:25,2,0,4
BRDA:31,3,0,2
BRDA:39,4,0,4
BRDA:42,5,0,2
BRDA:42,5,1,2
BRDA:45,6,0,2
BRF:8
BRH:8
end_of_record
TN:
SF:src/utils/parse/platforms/patreon/index.ts
FN:19,(anonymous_0)
FN:29,(anonymous_1)
FN:48,(anonymous_2)
FN:52,(anonymous_3)
FN:56,(anonymous_4)
FNF:5
FNH:4
FNDA:640,(anonymous_0)
FNDA:6,(anonymous_1)
FNDA:0,(anonymous_2)
FNDA:6,(anonymous_3)
FNDA:12,(anonymous_4)
DA:1,94
DA:2,94
DA:4,94
DA:20,640
DA:23,20
DA:24,10
DA:26,6
DA:31,6
DA:32,6
DA:33,2
DA:34,2
DA:35,2
DA:36,2
DA:40,4
DA:41,4
DA:42,4
DA:43,4
DA:44,4
DA:49,0
DA:53,6
DA:57,12
LF:21
LH:20
BRDA:20,0,0,620
BRDA:23,1,0,10
BRDA:24,2,0,4
BRDA:32,3,0,2
BRDA:41,4,0,4
BRF:5
BRH:5
end_of_record
TN:
SF:src/utils/parse/platforms/paypal/index.ts
FN:18,(anonymous_0)
FN:24,(anonymous_1)
FN:44,(anonymous_2)
FN:48,(anonymous_3)
FN:52,(anonymous_4)
FNF:5
FNH:4
FNDA:548,(anonymous_0)
FNDA:6,(anonymous_1)
FNDA:0,(anonymous_2)
FNDA:4,(anonymous_3)
FNDA:6,(anonymous_4)
DA:1,94
DA:3,94
DA:19,548
DA:20,20
DA:21,20
DA:25,6
DA:26,6
DA:27,6
DA:28,4
DA:29,4
DA:30,4
DA:31,4
DA:32,4
DA:33,4
DA:36,2
DA:37,2
DA:38,2
DA:39,2
DA:40,2
DA:45,0
DA:49,4
DA:53,6
DA:54,6
DA:55,6
DA:56,0
DA:58,6
LF:26
LH:24
BRDA:19,0,0,528
BRDA:21,1,0,20
BRDA:21,1,1,12
BRDA:27,2,0,4
BRDA:30,3,0,2
BRDA:37,4,0,2
BRDA:55,5,0,0
BRF:7
BRH:6
end_of_record
TN:
SF:src/utils/parse/platforms/peertube/index.ts
FN:36,(anonymous_0)
FN:42,(anonymous_1)
FN:68,(anonymous_2)
FN:72,(anonymous_3)
FN:77,(anonymous_4)
FN:82,(anonymous_5)
FNF:6
FNH:5
FNDA:290,(anonymous_0)
FNDA:6,(anonymous_1)
FNDA:0,(anonymous_2)
FNDA:6,(anonymous_3)
FNDA:2,(anonymous_4)
FNDA:6,(anonymous_5)
DA:1,94
DA:2,94
DA:5,94
DA:9,94
DA:11,94
DA:15,94
DA:17,94
DA:19,94
DA:38,290
DA:39,14
DA:44,6
DA:45,6
DA:46,2
DA:47,2
DA:48,2
DA:49,2
DA:53,4
DA:54,4
DA:55,2
DA:56,2
DA:57,2
DA:58,2
DA:60,2
DA:61,2
DA:62,2
DA:63,2
DA:64,2
DA:69,0
DA:74,6
DA:78,2
DA:79,0
DA:84,6
LF:32
LH:30
BRDA:38,0,0,276
BRDA:38,1,0,290
BRDA:38,1,1,284
BRDA:38,1,2,280
BRDA:39,2,0,14
BRDA:39,2,1,10
BRDA:39,2,2,6
BRDA:39,2,3,2
BRDA:44,3,0,6
BRDA:44,3,1,4
BRDA:45,4,0,2
BRDA:54,5,0,2
BRDA:61,6,0,2
BRDA:78,7,0,2
BRF:14
BRH:14
end_of_record
TN:
SF:src/utils/parse/platforms/phone/index.ts
FN:15,(anonymous_0)
FN:21,(anonymous_1)
FN:34,(anonymous_2)
FN:39,(anonymous_3)
FN:45,(anonymous_4)
FNF:5
FNH:4
FNDA:636,(anonymous_0)
FNDA:8,(anonymous_1)
FNDA:0,(anonymous_2)
FNDA:2,(anonymous_3)
FNDA:16,(anonymous_4)
DA:1,94
DA:2,94
DA:4,94
DA:6,94
DA:16,636
DA:17,636
DA:18,636
DA:22,8
DA:23,8
DA:24,8
DA:25,8
DA:26,8
DA:27,8
DA:28,8
DA:29,8
DA:30,8
DA:35,0
DA:36,0
DA:40,2
DA:41,2
DA:42,2
DA:46,16
DA:47,16
DA:48,16
LF:24
LH:22
BRDA:16,0,0,8
BRDA:22,1,0,2
BRDA:22,1,1,6
BRDA:24,2,0,8
BRDA:27,3,0,8
BRDA:27,3,1,6
BRDA:27,4,0,6
BRDA:27,4,1,0
BRDA:41,5,0,2
BRDA:41,5,1,0
BRDA:46,6,0,4
BRDA:48,7,0,16
BRDA:48,7,1,0
BRF:13
BRH:10
end_of_record
TN:
SF:src/utils/parse/platforms/pinterest/index.ts
FN:21,(anonymous_0)
FN:22,(anonymous_1)
FN:40,(anonymous_2)
FN:78,(anonymous_3)
FN:82,(anonymous_4)
FN:86,(anonymous_5)
FNF:6
FNH:5
FNDA:626,(anonymous_0)
FNDA:1232,(anonymous_1)
FNDA:6,(anonymous_2)
FNDA:0,(anonymous_3)
FNDA:4,(anonymous_4)
FNDA:12,(anonymous_5)
DA:1,94
DA:2,94
DA:4,94
DA:22,1232
DA:25,20
DA:26,14
DA:28,14
DA:29,6
DA:32,8
DA:33,20
DA:37,4
DA:42,6
DA:43,6
DA:44,2
DA:45,2
DA:46,2
DA:47,2
DA:51,4
DA:52,4
DA:53,0
DA:54,0
DA:55,0
DA:56,0
DA:60,4
DA:61,4
DA:62,2
DA:63,2
DA:64,2
DA:65,2
DA:66,2
DA:70,2
DA:71,2
DA:72,2
DA:73,2
DA:74,2
DA:79,0
DA:83,4
DA:87,12
LF:38
LH:33
BRDA:22,0,0,606
BRDA:25,1,0,6
BRDA:26,2,0,14
BRDA:28,3,0,6
BRDA:33,4,0,4
BRDA:33,5,0,20
BRDA:33,5,1,20
BRDA:43,6,0,2
BRDA:52,7,0,0
BRDA:61,8,0,2
BRDA:61,9,0,4
BRDA:61,9,1,2
BRDA:71,10,0,2
BRF:13
BRH:12
end_of_record
TN:
SF:src/utils/parse/platforms/poshmark/index.ts
FN:18,(anonymous_0)
FN:26,(anonymous_1)
FN:43,(anonymous_2)
FN:47,(anonymous_3)
FN:51,(anonymous_4)
FN:56,(anonymous_5)
FNF:6
FNH:3
FNDA:388,(anonymous_0)
FNDA:4,(anonymous_1)
FNDA:0,(anonymous_2)
FNDA:0,(anonymous_3)
FNDA:0,(anonymous_4)
FNDA:4,(anonymous_5)
DA:1,94
DA:3,94
DA:19,388
DA:20,8
DA:27,4
DA:28,4
DA:29,2
DA:30,2
DA:31,2
DA:32,2
DA:33,2
DA:35,2
DA:36,2
DA:37,2
DA:38,2
DA:39,2
DA:44,0
DA:48,0
DA:52,0
DA:53,0
DA:57,4
LF:21
LH:17
BRDA:19,0,0,380
BRDA:21,1,0,8
BRDA:21,1,1,4
BRDA:28,2,0,2
BRDA:36,3,0,2
BRDA:52,4,0,0
BRF:6
BRH:5
end_of_record
TN:
SF:src/utils/parse/platforms/quora/index.ts
FN:30,(anonymous_0)
FN:35,(anonymous_1)
FN:62,(anonymous_2)
FN:66,(anonymous_3)
FN:70,(anonymous_4)
FN:75,(anonymous_5)
FNF:6
FNH:5
FNDA:296,(anonymous_0)
FNDA:6,(anonymous_1)
FNDA:0,(anonymous_2)
FNDA:4,(anonymous_3)
FNDA:4,(anonymous_4)
FNDA:6,(anonymous_5)
DA:1,94
DA:2,94
DA:6,94
DA:9,94
DA:12,94
DA:14,94
DA:31,296
DA:32,12
DA:36,6
DA:37,6
DA:38,2
DA:39,2
DA:40,2
DA:41,2
DA:42,2
DA:45,4
DA:46,4
DA:47,2
DA:48,2
DA:49,2
DA:50,2
DA:53,2
DA:54,2
DA:55,2
DA:56,2
DA:57,2
DA:58,2
DA:63,0
DA:67,4
DA:72,4
DA:77,6
LF:31
LH:30
BRDA:31,0,0,284
BRDA:32,1,0,12
BRDA:32,1,1,8
BRDA:32,1,2,4
BRDA:37,2,0,2
BRDA:46,3,0,2
BRDA:54,4,0,2
BRF:7
BRH:7
end_of_record
TN:
SF:src/utils/parse/platforms/rarible/index.ts
FN:22,(anonymous_0)
FN:24,(anonymous_1)
FN:31,(anonymous_2)
FN:32,(anonymous_3)
FN:33,(anonymous_4)
FN:34,(anonymous_5)
FNF:6
FNH:3
FNDA:230,(anonymous_0)
FNDA:2,(anonymous_1)
FNDA:0,(anonymous_2)
FNDA:0,(anonymous_3)
FNDA:0,(anonymous_4)
FNDA:2,(anonymous_5)
DA:1,94
DA:2,94
DA:5,94
DA:7,94
DA:9,94
DA:22,230
DA:25,2
DA:26,2
DA:27,0
DA:28,0
DA:31,0
DA:32,0
DA:33,0
DA:34,2
LF:14
LH:9
BRDA:22,0,0,230
BRDA:22,0,1,6
BRDA:22,0,2,2
BRDA:26,1,0,2
BRDA:28,2,0,0
BRF:5
BRH:4
end_of_record
TN:
SF:src/utils/parse/platforms/reddit/index.ts
FN:21,(anonymous_0)
FN:22,(anonymous_1)
FN:35,(anonymous_2)
FN:72,(anonymous_3)
FN:77,(anonymous_4)
FN:81,(anonymous_5)
FNF:6
FNH:5
FNDA:622,(anonymous_0)
FNDA:1218,(anonymous_1)
FNDA:8,(anonymous_2)
FNDA:0,(anonymous_3)
FNDA:6,(anonymous_4)
FNDA:16,(anonymous_5)
DA:1,94
DA:2,94
DA:4,94
DA:22,1218
DA:25,26
DA:26,16
DA:27,16
DA:28,36
DA:32,8
DA:37,8
DA:38,8
DA:39,2
DA:40,2
DA:41,2
DA:42,2
DA:46,6
DA:47,6
DA:48,2
DA:49,2
DA:50,2
DA:51,2
DA:55,4
DA:56,4
DA:57,0
DA:58,0
DA:59,0
DA:60,0
DA:64,4
DA:65,4
DA:66,4
DA:67,4
DA:68,4
DA:73,0
DA:74,0
DA:78,6
DA:82,16
LF:36
LH:30
BRDA:22,0,0,596
BRDA:25,1,0,10
BRDA:26,2,0,16
BRDA:28,3,0,8
BRDA:28,4,0,36
BRDA:28,4,1,36
BRDA:38,5,0,2
BRDA:47,6,0,2
BRDA:56,7,0,0
BRDA:65,8,0,4
BRF:10
BRH:9
end_of_record
TN:
SF:src/utils/parse/platforms/revolve/index.ts
FN:18,(anonymous_0)
FN:24,(anonymous_1)
FN:41,(anonymous_2)
FN:45,(anonymous_3)
FN:49,(anonymous_4)
FN:56,(anonymous_5)
FNF:6
FNH:3
FNDA:380,(anonymous_0)
FNDA:4,(anonymous_1)
FNDA:0,(anonymous_2)
FNDA:0,(anonymous_3)
FNDA:0,(anonymous_4)
FNDA:4,(anonymous_5)
DA:1,94
DA:3,94
DA:19,380
DA:20,8
DA:21,8
DA:25,4
DA:26,4
DA:27,2
DA:28,2
DA:29,2
DA:30,2
DA:31,2
DA:33,2
DA:34,2
DA:35,2
DA:36,2
DA:37,2
DA:42,0
DA:46,0
DA:50,0
DA:51,0
DA:53,0
DA:57,4
LF:23
LH:18
BRDA:19,0,0,372
BRDA:21,1,0,8
BRDA:21,1,1,4
BRDA:26,2,0,2
BRDA:34,3,0,2
BRDA:50,4,0,0
BRF:6
BRH:5
end_of_record
TN:
SF:src/utils/parse/platforms/rumble/index.ts
FN:18,(anonymous_0)
FN:24,(anonymous_1)
FN:41,(anonymous_2)
FN:45,(anonymous_3)
FN:49,(anonymous_4)
FNF:5
FNH:4
FNDA:418,(anonymous_0)
FNDA:4,(anonymous_1)
FNDA:0,(anonymous_2)
FNDA:4,(anonymous_3)
FNDA:4,(anonymous_4)
DA:1,94
DA:3,94
DA:19,418
DA:20,12
DA:21,12
DA:25,4
DA:26,4
DA:27,4
DA:28,2
DA:29,2
DA:30,2
DA:31,2
DA:33,2
DA:34,2
DA:35,2
DA:36,2
DA:37,2
DA:42,0
DA:46,4
DA:50,4
LF:20
LH:19
BRDA:19,0,0,406
BRDA:21,1,0,12
BRDA:21,1,1,6
BRDA:27,2,0,2
BRDA:34,3,0,2
BRF:5
BRH:5
end_of_record
TN:
SF:src/utils/parse/platforms/shopify/index.ts
FN:16,(anonymous_0)
FN:26,(anonymous_1)
FN:65,(anonymous_2)
FN:66,(anonymous_3)
FN:67,(anonymous_4)
FNF:5
FNH:4
FNDA:614,(anonymous_0)
FNDA:8,(anonymous_1)
FNDA:0,(anonymous_2)
FNDA:2,(anonymous_3)
FNDA:16,(anonymous_4)
DA:1,94
DA:3,94
DA:17,614
DA:20,26
DA:21,18
DA:24,8
DA:28,8
DA:29,8
DA:30,2
DA:31,2
DA:32,2
DA:33,2
DA:34,2
DA:38,6
DA:39,6
DA:40,2
DA:41,2
DA:42,2
DA:43,2
DA:44,2
DA:48,4
DA:49,4
DA:50,2
DA:51,2
DA:52,2
DA:53,2
DA:54,2
DA:58,2
DA:59,2
DA:60,2
DA:61,2
DA:62,2
DA:65,0
DA:66,2
DA:67,16
LF:35
LH:34
BRDA:17,0,0,588
BRDA:20,1,0,18
BRDA:29,2,0,2
BRDA:39,3,0,2
BRDA:49,4,0,2
BRDA:59,5,0,2
BRF:6
BRH:6
end_of_record
TN:
SF:src/utils/parse/platforms/shopmy/index.ts
FN:15,(anonymous_0)
FN:25,(anonymous_1)
FN:52,(anonymous_2)
FN:53,(anonymous_3)
FN:54,(anonymous_4)
FNF:5
FNH:4
FNDA:604,(anonymous_0)
FNDA:6,(anonymous_1)
FNDA:0,(anonymous_2)
FNDA:4,(anonymous_3)
FNDA:12,(anonymous_4)
DA:1,94
DA:3,94
DA:16,604
DA:19,20
DA:20,14
DA:21,10
DA:23,6
DA:27,6
DA:28,6
DA:29,2
DA:30,2
DA:31,2
DA:32,2
DA:36,4
DA:37,4
DA:38,2
DA:39,2
DA:40,2
DA:41,2
DA:45,2
DA:46,2
DA:47,2
DA:48,2
DA:49,2
DA:52,0
DA:53,4
DA:54,12
LF:27
LH:26
BRDA:16,0,0,584
BRDA:19,1,0,6
BRDA:20,2,0,4
BRDA:21,3,0,4
BRDA:28,4,0,2
BRDA:37,5,0,2
BRDA:46,6,0,2
BRF:7
BRH:7
end_of_record
TN:
SF:src/utils/parse/platforms/signalgroup/index.ts
FN:13,(anonymous_0)
FN:14,(anonymous_1)
FN:15,(anonymous_2)
FN:16,(anonymous_3)
FN:17,(anonymous_4)
FN:18,(anonymous_5)
FNF:6
FNH:3
FNDA:226,(anonymous_0)
FNDA:2,(anonymous_1)
FNDA:0,(anonymous_2)
FNDA:0,(anonymous_3)
FNDA:0,(anonymous_4)
FNDA:2,(anonymous_5)
DA:1,94
DA:2,94
DA:4,94
DA:6,94
DA:13,226
DA:14,2
DA:15,0
DA:16,0
DA:17,0
DA:18,2
LF:10
LH:7
BRDA:13,0,0,226
BRDA:13,0,1,6
BRDA:14,1,0,2
BRF:3
BRH:3
end_of_record
TN:
SF:src/utils/parse/platforms/slackinvite/index.ts
FN:16,(anonymous_0)
FN:17,(anonymous_1)
FN:18,(anonymous_2)
FN:19,(anonymous_3)
FN:20,(anonymous_4)
FN:21,(anonymous_5)
FNF:6
FNH:3
FNDA:224,(anonymous_0)
FNDA:2,(anonymous_1)
FNDA:0,(anonymous_2)
FNDA:0,(anonymous_3)
FNDA:0,(anonymous_4)
FNDA:2,(anonymous_5)
DA:1,94
DA:2,94
DA:7,94
DA:9,94
DA:16,224
DA:17,2
DA:18,0
DA:19,0
DA:20,0
DA:21,2
LF:10
LH:7
BRDA:16,0,0,224
BRDA:16,0,1,4
BRDA:17,1,0,2
BRF:3
BRH:3
end_of_record
TN:
SF:src/utils/parse/platforms/slushy/index.ts
FN:15,(anonymous_0)
FN:19,(anonymous_1)
FN:28,(anonymous_2)
FN:32,(anonymous_3)
FN:36,(anonymous_4)
FNF:5
FNH:4
FNDA:344,(anonymous_0)
FNDA:2,(anonymous_1)
FNDA:0,(anonymous_2)
FNDA:2,(anonymous_3)
FNDA:2,(anonymous_4)
DA:1,94
DA:3,94
DA:16,344
DA:20,2
DA:21,2
DA:22,2
DA:23,2
DA:24,2
DA:29,0
DA:33,2
DA:37,2
LF:11
LH:10
BRDA:16,0,0,344
BRDA:16,0,1,4
BRDA:21,1,0,2
BRF:3
BRH:3
end_of_record
TN:
SF:src/utils/parse/platforms/snapchat/index.ts
FN:20,(anonymous_0)
FN:21,(anonymous_1)
FN:34,(anonymous_2)
FN:62,(anonymous_3)
FN:66,(anonymous_4)
FN:70,(anonymous_5)
FNF:6
FNH:5
FNDA:598,(anonymous_0)
FNDA:1176,(anonymous_1)
FNDA:6,(anonymous_2)
FNDA:0,(anonymous_3)
FNDA:4,(anonymous_4)
FNDA:12,(anonymous_5)
DA:1,94
DA:2,94
DA:4,94
DA:21,1176
DA:24,20
DA:25,14
DA:26,14
DA:27,24
DA:31,6
DA:36,6
DA:37,6
DA:38,2
DA:39,2
DA:40,2
DA:41,2
DA:45,4
DA:46,4
DA:47,2
DA:48,2
DA:49,2
DA:50,2
DA:54,2
DA:55,2
DA:56,2
DA:57,2
DA:58,2
DA:63,0
DA:67,4
DA:71,12
LF:29
LH:28
BRDA:21,0,0,578
BRDA:24,1,0,6
BRDA:25,2,0,14
BRDA:27,3,0,8
BRDA:27,4,0,24
BRDA:27,4,1,24
BRDA:37,5,0,2
BRDA:46,6,0,2
BRDA:55,7,0,2
BRF:9
BRH:9
end_of_record
TN:
SF:src/utils/parse/platforms/soundcloud/index.ts
FN:21,(anonymous_0)
FN:34,(anonymous_1)
FN:70,(anonymous_2)
FN:74,(anonymous_3)
FN:78,(anonymous_4)
FN:85,(anonymous_5)
FN:89,(anonymous_6)
FN:93,(anonymous_7)
FNF:8
FNH:6
FNDA:594,(anonymous_0)
FNDA:8,(anonymous_1)
FNDA:0,(anonymous_2)
FNDA:4,(anonymous_3)
FNDA:0,(anonymous_4)
FNDA:16,(anonymous_5)
FNDA:2,(anonymous_6)
FNDA:8,(anonymous_7)
DA:1,94
DA:2,94
DA:4,94
DA:23,594
DA:26,26
DA:27,22
DA:28,18
DA:29,14
DA:31,8
DA:36,8
DA:37,2
DA:38,2
DA:39,2
DA:43,6
DA:44,6
DA:45,2
DA:46,2
DA:47,2
DA:48,2
DA:52,4
DA:53,4
DA:54,2
DA:55,2
DA:56,2
DA:57,2
DA:61,2
DA:62,2
DA:63,2
DA:64,2
DA:65,2
DA:66,2
DA:71,0
DA:75,4
DA:79,0
DA:80,0
DA:82,0
DA:86,16
DA:90,2
DA:94,8
DA:95,2
DA:97,6
DA:98,6
DA:99,2
DA:100,2
DA:102,4
LF:45
LH:41
BRDA:23,0,0,568
BRDA:26,1,0,4
BRDA:27,2,0,4
BRDA:28,3,0,4
BRDA:29,4,0,6
BRDA:36,5,0,2
BRDA:44,6,0,2
BRDA:53,7,0,2
BRDA:62,8,0,2
BRDA:79,9,0,0
BRDA:94,10,0,2
BRDA:98,11,0,2
BRDA:99,12,0,2
BRDA:99,12,1,0
BRF:14
BRH:12
end_of_record
TN:
SF:src/utils/parse/platforms/spotify/index.ts
FN:23,(anonymous_0)
FN:24,(anonymous_1)
FN:37,(anonymous_2)
FN:90,(anonymous_3)
FN:94,(anonymous_4)
FN:98,(anonymous_5)
FN:102,(anonymous_6)
FN:106,(anonymous_7)
FN:125,(anonymous_8)
FNF:9
FNH:7
FNDA:590,(anonymous_0)
FNDA:1142,(anonymous_1)
FNDA:12,(anonymous_2)
FNDA:0,(anonymous_3)
FNDA:4,(anonymous_4)
FNDA:0,(anonymous_5)
FNDA:8,(anonymous_6)
FNDA:12,(anonymous_7)
FNDA:24,(anonymous_8)
DA:1,94
DA:2,94
DA:4,94
DA:24,1142
DA:27,38
DA:28,34
DA:29,30
DA:30,26
DA:31,22
DA:32,18
DA:34,12
DA:39,12
DA:40,12
DA:41,2
DA:42,2
DA:43,2
DA:44,2
DA:45,2
DA:49,10
DA:50,10
DA:51,2
DA:52,2
DA:53,2
DA:57,8
DA:58,8
DA:59,2
DA:60,2
DA:61,2
DA:65,6
DA:66,6
DA:67,2
DA:68,2
DA:69,2
DA:73,4
DA:74,4
DA:75,2
DA:76,2
DA:77,2
DA:81,2
DA:82,2
DA:83,2
DA:84,2
DA:85,2
DA:86,2
DA:91,0
DA:95,4
DA:99,0
DA:103,8
DA:107,12
DA:108,2
DA:110,10
DA:116,10
DA:117,28
DA:118,8
DA:119,8
DA:122,2
DA:126,24
LF:57
LH:55
BRDA:24,0,0,552
BRDA:27,1,0,4
BRDA:28,2,0,4
BRDA:29,3,0,4
BRDA:30,4,0,4
BRDA:31,5,0,4
BRDA:32,6,0,6
BRDA:40,7,0,2
BRDA:50,8,0,2
BRDA:58,9,0,2
BRDA:66,10,0,2
BRDA:74,11,0,2
BRDA:82,12,0,2
BRDA:107,13,0,2
BRDA:117,14,0,8
BRDA:118,15,0,8
BRDA:118,15,1,0
BRF:17
BRH:16
end_of_record
TN:
SF:src/utils/parse/platforms/squarecheckout/index.ts
FN:15,(anonymous_0)
FN:16,(anonymous_1)
FN:17,(anonymous_2)
FN:18,(anonymous_3)
FN:19,(anonymous_4)
FN:20,(anonymous_5)
FNF:6
FNH:3
FNDA:236,(anonymous_0)
FNDA:2,(anonymous_1)
FNDA:0,(anonymous_2)
FNDA:0,(anonymous_3)
FNDA:0,(anonymous_4)
FNDA:2,(anonymous_5)
DA:1,94
DA:2,94
DA:4,94
DA:5,94
DA:7,94
DA:15,236
DA:16,2
DA:17,0
DA:18,0
DA:19,0
DA:20,2
LF:11
LH:8
BRDA:15,0,0,236
BRDA:15,0,1,8
BRDA:16,1,0,2
BRF:3
BRH:3
end_of_record
TN:
SF:src/utils/parse/platforms/stackoverflow/index.ts
FN:22,(anonymous_0)
FN:27,(anonymous_1)
FN:44,(anonymous_2)
FN:48,(anonymous_3)
FN:52,(anonymous_4)
FN:57,(anonymous_5)
FNF:6
FNH:4
FNDA:306,(anonymous_0)
FNDA:8,(anonymous_1)
FNDA:0,(anonymous_2)
FNDA:4,(anonymous_3)
FNDA:0,(anonymous_4)
FNDA:8,(anonymous_5)
DA:1,94
DA:2,94
DA:4,94
DA:5,94
DA:7,94
DA:23,306
DA:24,16
DA:28,8
DA:29,8
DA:30,4
DA:31,4
DA:32,4
DA:33,4
DA:35,4
DA:36,4
DA:37,4
DA:38,4
DA:39,4
DA:40,4
DA:45,0
DA:49,4
DA:53,0
DA:54,0
DA:59,8
LF:24
LH:21
BRDA:23,0,0,290
BRDA:24,1,0,16
BRDA:24,1,1,8
BRDA:29,2,0,4
BRDA:36,3,0,4
BRDA:53,4,0,0
BRF:6
BRH:5
end_of_record
TN:
SF:src/utils/parse/platforms/stereo/index.ts
FN:18,(anonymous_0)
FN:23,(anonymous_1)
FN:39,(anonymous_2)
FN:43,(anonymous_3)
FN:47,(anonymous_4)
FN:52,(anonymous_5)
FNF:6
FNH:4
FNDA:354,(anonymous_0)
FNDA:4,(anonymous_1)
FNDA:0,(anonymous_2)
FNDA:2,(anonymous_3)
FNDA:0,(anonymous_4)
FNDA:4,(anonymous_5)
DA:1,94
DA:3,94
DA:19,354
DA:20,8
DA:24,4
DA:25,4
DA:26,2
DA:27,2
DA:28,2
DA:29,2
DA:31,2
DA:32,2
DA:33,2
DA:34,2
DA:35,2
DA:40,0
DA:44,2
DA:48,0
DA:49,0
DA:53,4
LF:20
LH:17
BRDA:19,0,0,346
BRDA:20,1,0,8
BRDA:20,1,1,4
BRDA:25,2,0,2
BRDA:32,3,0,2
BRDA:48,4,0,0
BRF:6
BRH:5
end_of_record
TN:
SF:src/utils/parse/platforms/stockx/index.ts
FN:23,(anonymous_0)
FN:27,(anonymous_1)
FN:35,(anonymous_2)
FN:39,(anonymous_3)
FN:43,(anonymous_4)
FN:48,(anonymous_5)
FNF:6
FNH:3
FNDA:244,(anonymous_0)
FNDA:2,(anonymous_1)
FNDA:0,(anonymous_2)
FNDA:0,(anonymous_3)
FNDA:0,(anonymous_4)
FNDA:2,(anonymous_5)
DA:1,94
DA:2,94
DA:4,94
DA:6,94
DA:8,94
DA:24,244
DA:28,2
DA:29,2
DA:30,2
DA:31,2
DA:36,0
DA:40,0
DA:44,0
DA:45,0
DA:49,2
LF:15
LH:11
BRDA:24,0,0,244
BRDA:24,0,1,6
BRDA:29,1,0,2
BRDA:44,2,0,0
BRF:4
BRH:3
end_of_record
TN:
SF:src/utils/parse/platforms/stripelink/index.ts
FN:17,(anonymous_0)
FN:19,(anonymous_1)
FN:24,(anonymous_2)
FN:25,(anonymous_3)
FN:26,(anonymous_4)
FN:27,(anonymous_5)
FNF:6
FNH:3
FNDA:238,(anonymous_0)
FNDA:2,(anonymous_1)
FNDA:0,(anonymous_2)
FNDA:0,(anonymous_3)
FNDA:0,(anonymous_4)
FNDA:2,(anonymous_5)
DA:1,94
DA:2,94
DA:5,94
DA:6,94
DA:8,94
DA:17,238
DA:20,2
DA:21,2
DA:24,0
DA:25,0
DA:26,0
DA:27,2
LF:12
LH:9
BRDA:17,0,0,238
BRDA:17,0,1,6
BRDA:21,1,0,2
BRF:3
BRH:3
end_of_record
TN:
SF:src/utils/parse/platforms/substack/index.ts
FN:20,(anonymous_0)
FN:31,(anonymous_1)
FN:60,(anonymous_2)
FN:64,(anonymous_3)
FN:68,(anonymous_4)
FN:75,(anonymous_5)
FNF:6
FNH:4
FNDA:572,(anonymous_0)
FNDA:6,(anonymous_1)
FNDA:0,(anonymous_2)
FNDA:6,(anonymous_3)
FNDA:0,(anonymous_4)
FNDA:12,(anonymous_5)
DA:1,94
DA:2,94
DA:4,94
DA:21,572
DA:24,20
DA:25,14
DA:26,10
DA:28,6
DA:33,6
DA:34,6
DA:35,2
DA:36,2
DA:37,2
DA:38,2
DA:42,4
DA:43,4
DA:44,2
DA:45,2
DA:46,2
DA:47,2
DA:51,2
DA:52,2
DA:53,2
DA:54,2
DA:55,2
DA:56,2
DA:61,0
DA:65,6
DA:69,0
DA:70,0
DA:72,0
DA:76,12
LF:32
LH:28
BRDA:21,0,0,552
BRDA:24,1,0,6
BRDA:25,2,0,4
BRDA:26,3,0,4
BRDA:34,4,0,2
BRDA:43,5,0,2
BRDA:52,6,0,2
BRDA:69,7,0,0
BRF:8
BRH:7
end_of_record
TN:
SF:src/utils/parse/platforms/telegram/index.ts
FN:21,(anonymous_0)
FN:22,(anonymous_1)
FN:35,(anonymous_2)
FN:73,(anonymous_3)
FN:77,(anonymous_4)
FN:81,(anonymous_5)
FNF:6
FNH:5
FNDA:568,(anonymous_0)
FNDA:1110,(anonymous_1)
FNDA:8,(anonymous_2)
FNDA:0,(anonymous_3)
FNDA:4,(anonymous_4)
FNDA:16,(anonymous_5)
DA:1,94
DA:2,94
DA:4,94
DA:22,1110
DA:25,26
DA:26,20
DA:27,20
DA:28,48
DA:32,8
DA:37,8
DA:38,8
DA:39,2
DA:40,2
DA:41,2
DA:42,2
DA:46,6
DA:47,6
DA:48,2
DA:49,2
DA:50,2
DA:51,2
DA:55,4
DA:56,4
DA:57,2
DA:58,2
DA:59,2
DA:60,2
DA:61,2
DA:65,2
DA:66,2
DA:67,2
DA:68,2
DA:69,2
DA:74,0
DA:78,4
DA:82,16
LF:36
LH:35
BRDA:22,0,0,542
BRDA:25,1,0,6
BRDA:26,2,0,20
BRDA:28,3,0,12
BRDA:28,4,0,48
BRDA:28,4,1,48
BRDA:38,5,0,2
BRDA:47,6,0,2
BRDA:56,7,0,2
BRDA:66,8,0,2
BRF:10
BRH:10
end_of_record
TN:
SF:src/utils/parse/platforms/threads/index.ts
FN:14,(anonymous_0)
FN:24,(anonymous_1)
FN:43,(anonymous_2)
FN:44,(anonymous_3)
FN:45,(anonymous_4)
FNF:5
FNH:4
FNDA:480,(anonymous_0)
FNDA:4,(anonymous_1)
FNDA:0,(anonymous_2)
FNDA:4,(anonymous_3)
FNDA:8,(anonymous_4)
DA:1,94
DA:3,94
DA:15,480
DA:18,14
DA:19,10
DA:22,4
DA:26,4
DA:27,4
DA:28,2
DA:29,2
DA:30,2
DA:31,2
DA:32,2
DA:36,2
DA:37,2
DA:38,2
DA:39,2
DA:40,2
DA:43,0
DA:44,4
DA:45,8
LF:21
LH:20
BRDA:15,0,0,466
BRDA:18,1,0,10
BRDA:27,2,0,2
BRDA:37,3,0,2
BRF:4
BRH:4
end_of_record
TN:
SF:src/utils/parse/platforms/ticketmaster/index.ts
FN:19,(anonymous_0)
FN:25,(anonymous_1)
FN:48,(anonymous_2)
FN:52,(anonymous_3)
FN:56,(anonymous_4)
FN:62,(anonymous_5)
FNF:6
FNH:3
FNDA:366,(anonymous_0)
FNDA:6,(anonymous_1)
FNDA:0,(anonymous_2)
FNDA:0,(anonymous_3)
FNDA:0,(anonymous_4)
FNDA:6,(anonymous_5)
DA:1,94
DA:3,94
DA:20,366
DA:21,12
DA:22,12
DA:26,6
DA:27,6
DA:28,2
DA:29,2
DA:30,2
DA:31,2
DA:33,4
DA:34,4
DA:35,2
DA:36,2
DA:37,2
DA:38,2
DA:40,2
DA:41,2
DA:42,2
DA:43,2
DA:44,2
DA:49,0
DA:53,0
DA:57,0
DA:58,0
DA:59,0
DA:63,6
LF:28
LH:23
BRDA:20,0,0,354
BRDA:22,1,0,12
BRDA:22,1,1,8
BRDA:22,1,2,4
BRDA:27,2,0,2
BRDA:34,3,0,2
BRDA:41,4,0,2
BRDA:57,5,0,0
BRDA:58,6,0,0
BRF:9
BRH:7
end_of_record
TN:
SF:src/utils/parse/platforms/tidal/index.ts
FN:22,(anonymous_0)
FN:33,(anonymous_1)
FN:65,(anonymous_2)
FN:69,(anonymous_3)
FN:73,(anonymous_4)
FNF:5
FNH:4
FNDA:510,(anonymous_0)
FNDA:8,(anonymous_1)
FNDA:0,(anonymous_2)
FNDA:2,(anonymous_3)
FNDA:8,(anonymous_4)
DA:1,94
DA:3,94
DA:5,94
DA:23,510
DA:24,20
DA:25,20
DA:34,8
DA:36,8
DA:37,8
DA:38,2
DA:39,2
DA:40,2
DA:41,2
DA:43,6
DA:44,6
DA:45,2
DA:46,2
DA:47,2
DA:48,2
DA:50,4
DA:51,4
DA:52,2
DA:53,2
DA:54,2
DA:55,2
DA:57,2
DA:58,2
DA:59,2
DA:60,2
DA:61,2
DA:66,0
DA:70,2
DA:74,8
LF:33
LH:32
BRDA:23,0,0,490
BRDA:26,1,0,20
BRDA:26,1,1,16
BRDA:26,1,2,12
BRDA:26,1,3,8
BRDA:37,2,0,2
BRDA:44,3,0,2
BRDA:51,4,0,2
BRDA:58,5,0,2
BRF:9
BRH:9
end_of_record
TN:
SF:src/utils/parse/platforms/tiktok/index.ts
FN:24,(anonymous_0)
FN:25,(anonymous_1)
FN:25,(anonymous_2)
FN:40,(anonymous_3)
FN:87,(anonymous_4)
FN:92,(anonymous_5)
FN:97,(anonymous_6)
FN:104,(anonymous_7)
FN:109,(anonymous_8)
FN:113,(anonymous_9)
FNF:10
FNH:7
FNDA:480,(anonymous_0)
FNDA:480,(anonymous_1)
FNDA:458,(anonymous_2)
FNDA:8,(anonymous_3)
FNDA:0,(anonymous_4)
FNDA:4,(anonymous_5)
FNDA:0,(anonymous_6)
FNDA:16,(anonymous_7)
FNDA:0,(anonymous_8)
FNDA:8,(anonymous_9)
DA:1,94
DA:2,94
DA:4,94
DA:25,480
DA:26,458
DA:30,22
DA:31,16
DA:32,16
DA:33,44
DA:37,4
DA:42,8
DA:43,8
DA:44,2
DA:45,2
DA:46,2
DA:47,2
DA:51,6
DA:52,6
DA:53,2
DA:54,2
DA:55,2
DA:56,2
DA:57,2
DA:61,4
DA:62,4
DA:63,2
DA:64,2
DA:65,2
DA:66,2
DA:70,2
DA:71,2
DA:72,0
DA:73,0
DA:74,0
DA:75,0
DA:79,2
DA:80,2
DA:81,2
DA:82,2
DA:83,2
DA:88,0
DA:89,0
DA:93,4
DA:94,4
DA:98,0
DA:99,0
DA:101,0
DA:105,16
DA:106,16
DA:110,0
DA:114,8
DA:115,2
DA:117,6
DA:118,6
DA:119,2
DA:120,2
DA:122,4
LF:57
LH:47
BRDA:25,0,0,458
BRDA:25,1,0,480
BRDA:25,1,1,458
BRDA:30,2,0,6
BRDA:31,3,0,16
BRDA:33,4,0,12
BRDA:33,5,0,44
BRDA:33,5,1,44
BRDA:43,6,0,2
BRDA:52,7,0,2
BRDA:62,8,0,2
BRDA:71,9,0,0
BRDA:80,10,0,2
BRDA:98,11,0,0
BRDA:114,12,0,2
BRDA:118,13,0,2
BRF:16
BRH:14
end_of_record
TN:
SF:src/utils/parse/platforms/triller/index.ts
FN:18,(anonymous_0)
FN:24,(anonymous_1)
FN:40,(anonymous_2)
FN:44,(anonymous_3)
FN:48,(anonymous_4)
FN:55,(anonymous_5)
FNF:6
FNH:5
FNDA:414,(anonymous_0)
FNDA:4,(anonymous_1)
FNDA:0,(anonymous_2)
FNDA:4,(anonymous_3)
FNDA:2,(anonymous_4)
FNDA:4,(anonymous_5)
DA:1,94
DA:3,94
DA:19,414
DA:20,12
DA:21,12
DA:25,4
DA:26,4
DA:27,2
DA:28,2
DA:29,2
DA:30,2
DA:32,2
DA:33,2
DA:34,2
DA:35,2
DA:36,2
DA:41,0
DA:45,4
DA:49,2
DA:50,2
DA:52,0
DA:56,4
DA:57,4
DA:58,4
LF:24
LH:22
BRDA:19,0,0,402
BRDA:21,1,0,12
BRDA:21,1,1,6
BRDA:26,2,0,2
BRDA:33,3,0,2
BRDA:49,4,0,2
BRF:6
BRH:6
end_of_record
TN:
SF:src/utils/parse/platforms/tumblr/index.ts
FN:14,(anonymous_0)
FN:30,(anonymous_1)
FN:58,(anonymous_2)
FN:59,(anonymous_3)
FN:60,(anonymous_4)
FNF:5
FNH:4
FNDA:470,(anonymous_0)
FNDA:6,(anonymous_1)
FNDA:0,(anonymous_2)
FNDA:6,(anonymous_3)
FNDA:12,(anonymous_4)
DA:1,94
DA:3,94
DA:15,470
DA:18,20
DA:20,12
DA:21,2
DA:23,10
DA:26,8
DA:28,4
DA:32,6
DA:33,6
DA:34,2
DA:35,2
DA:36,2
DA:37,2
DA:38,2
DA:42,4
DA:43,4
DA:44,2
DA:45,2
DA:46,2
DA:47,2
DA:51,2
DA:52,2
DA:53,2
DA:54,2
DA:55,2
DA:58,0
DA:59,6
DA:60,12
LF:30
LH:29
BRDA:15,0,0,450
BRDA:18,1,0,12
BRDA:20,2,0,2
BRDA:20,3,0,12
BRDA:20,3,1,6
BRDA:26,4,0,4
BRDA:33,5,0,2
BRDA:43,6,0,2
BRDA:52,7,0,2
BRF:9
BRH:9
end_of_record
TN:
SF:src/utils/parse/platforms/twitch/index.ts
FN:21,(anonymous_0)
FN:22,(anonymous_1)
FN:35,(anonymous_2)
FN:72,(anonymous_3)
FN:76,(anonymous_4)
FN:80,(anonymous_5)
FNF:6
FNH:5
FNDA:466,(anonymous_0)
FNDA:906,(anonymous_1)
FNDA:8,(anonymous_2)
FNDA:0,(anonymous_3)
FNDA:4,(anonymous_4)
FNDA:16,(anonymous_5)
DA:1,94
DA:2,94
DA:4,94
DA:22,906
DA:25,26
DA:26,20
DA:27,20
DA:28,48
DA:32,8
DA:37,8
DA:38,8
DA:39,2
DA:40,2
DA:41,2
DA:42,2
DA:46,6
DA:47,6
DA:48,2
DA:49,2
DA:50,2
DA:51,2
DA:55,4
DA:56,4
DA:57,2
DA:58,2
DA:59,2
DA:60,2
DA:64,2
DA:65,2
DA:66,2
DA:67,2
DA:68,2
DA:73,0
DA:77,4
DA:81,16
LF:35
LH:34
BRDA:22,0,0,440
BRDA:25,1,0,6
BRDA:26,2,0,20
BRDA:28,3,0,12
BRDA:28,4,0,48
BRDA:28,4,1,48
BRDA:38,5,0,2
BRDA:47,6,0,2
BRDA:56,7,0,2
BRDA:65,8,0,2
BRF:10
BRH:10
end_of_record
TN:
SF:src/utils/parse/platforms/twitter/index.ts
FN:21,(anonymous_0)
FN:22,(anonymous_1)
FN:32,(anonymous_2)
FN:61,(anonymous_3)
FN:66,(anonymous_4)
FN:71,(anonymous_5)
FN:78,(anonymous_6)
FN:84,(anonymous_7)
FNF:8
FNH:7
FNDA:460,(anonymous_0)
FNDA:1336,(anonymous_1)
FNDA:10,(anonymous_2)
FNDA:0,(anonymous_3)
FNDA:6,(anonymous_4)
FNDA:6,(anonymous_5)
FNDA:20,(anonymous_6)
FNDA:10,(anonymous_7)
DA:1,94
DA:2,94
DA:4,94
DA:22,1336
DA:25,30
DA:26,20
DA:27,12
DA:29,8
DA:34,10
DA:35,10
DA:36,2
DA:37,2
DA:38,2
DA:39,2
DA:43,8
DA:44,8
DA:45,4
DA:46,4
DA:47,4
DA:48,4
DA:49,4
DA:53,4
DA:54,4
DA:55,4
DA:56,4
DA:57,4
DA:62,0
DA:63,0
DA:67,6
DA:68,6
DA:72,6
DA:73,6
DA:75,0
DA:79,20
DA:80,20
DA:81,20
DA:85,10
DA:86,0
DA:88,10
DA:89,6
DA:90,6
DA:91,6
DA:93,4
LF:43
LH:39
BRDA:22,0,0,430
BRDA:25,1,0,10
BRDA:26,2,0,8
BRDA:27,3,0,4
BRDA:35,4,0,2
BRDA:44,5,0,4
BRDA:54,6,0,4
BRDA:72,7,0,6
BRDA:85,8,0,0
BRDA:88,9,0,6
BRDA:89,10,0,6
BRDA:89,10,1,0
BRF:12
BRH:10
end_of_record
TN:
SF:src/utils/parse/platforms/venmo/index.ts
FN:19,(anonymous_0)
FN:28,(anonymous_1)
FN:56,(anonymous_2)
FN:60,(anonymous_3)
FN:64,(anonymous_4)
FNF:5
FNH:4
FNDA:558,(anonymous_0)
FNDA:6,(anonymous_1)
FNDA:0,(anonymous_2)
FNDA:4,(anonymous_3)
FNDA:12,(anonymous_4)
DA:1,94
DA:3,94
DA:20,558
DA:22,16
DA:23,10
DA:24,6
DA:25,2
DA:30,6
DA:31,6
DA:32,2
DA:33,2
DA:34,2
DA:35,2
DA:39,4
DA:40,4
DA:41,2
DA:42,2
DA:43,2
DA:44,2
DA:48,2
DA:49,2
DA:50,2
DA:51,2
DA:52,2
DA:57,0
DA:61,4
DA:65,12
LF:27
LH:26
BRDA:20,0,0,542
BRDA:22,1,0,6
BRDA:23,2,0,4
BRDA:24,3,0,4
BRDA:31,4,0,2
BRDA:40,5,0,2
BRDA:49,6,0,2
BRF:7
BRH:7
end_of_record
TN:
SF:src/utils/parse/platforms/vimeo/index.ts
FN:19,(anonymous_0)
FN:29,(anonymous_1)
FN:56,(anonymous_2)
FN:60,(anonymous_3)
FN:64,(anonymous_4)
FNF:5
FNH:4
FNDA:536,(anonymous_0)
FNDA:6,(anonymous_1)
FNDA:0,(anonymous_2)
FNDA:4,(anonymous_3)
FNDA:6,(anonymous_4)
DA:1,94
DA:3,94
DA:20,536
DA:21,16
DA:22,16
DA:30,6
DA:32,6
DA:33,6
DA:34,2
DA:35,2
DA:36,2
DA:37,2
DA:39,4
DA:40,4
DA:41,2
DA:42,2
DA:43,2
DA:44,2
DA:46,2
DA:47,2
DA:49,2
DA:50,2
DA:51,2
DA:52,2
DA:57,0
DA:61,4
DA:65,6
LF:27
LH:26
BRDA:20,0,0,520
BRDA:23,1,0,16
BRDA:23,1,1,4
BRDA:23,1,2,4
BRDA:33,2,0,2
BRDA:40,3,0,2
BRDA:47,4,0,2
BRDA:49,5,0,2
BRDA:49,5,1,0
BRF:9
BRH:8
end_of_record
TN:
SF:src/utils/parse/platforms/vk/index.ts
FN:30,(anonymous_0)
FN:37,(anonymous_1)
FN:56,(anonymous_2)
FN:60,(anonymous_3)
FN:64,(anonymous_4)
FN:69,(anonymous_5)
FNF:6
FNH:4
FNDA:330,(anonymous_0)
FNDA:8,(anonymous_1)
FNDA:0,(anonymous_2)
FNDA:6,(anonymous_3)
FNDA:0,(anonymous_4)
FNDA:8,(anonymous_5)
DA:1,94
DA:2,94
DA:5,94
DA:6,94
DA:8,94
DA:10,94
DA:11,94
DA:13,94
DA:31,330
DA:32,16
DA:33,8
DA:34,0
DA:39,8
DA:40,8
DA:41,4
DA:42,4
DA:43,4
DA:44,4
DA:48,4
DA:49,4
DA:50,4
DA:51,4
DA:52,4
DA:57,0
DA:61,6
DA:65,0
DA:66,0
DA:71,8
LF:28
LH:24
BRDA:31,0,0,314
BRDA:32,1,0,8
BRDA:33,2,0,8
BRDA:33,3,0,8
BRDA:33,3,1,4
BRDA:39,4,0,8
BRDA:39,4,1,6
BRDA:40,5,0,4
BRDA:49,6,0,4
BRDA:50,7,0,4
BRDA:50,7,1,0
BRDA:57,8,0,0
BRDA:57,8,1,0
BRDA:65,9,0,0
BRF:14
BRH:10
end_of_record
TN:
SF:src/utils/parse/platforms/vsco/index.ts
FN:18,(anonymous_0)
FN:24,(anonymous_1)
FN:41,(anonymous_2)
FN:45,(anonymous_3)
FN:49,(anonymous_4)
FN:56,(anonymous_5)
FNF:6
FNH:4
FNDA:408,(anonymous_0)
FNDA:4,(anonymous_1)
FNDA:0,(anonymous_2)
FNDA:4,(anonymous_3)
FNDA:0,(anonymous_4)
FNDA:4,(anonymous_5)
DA:1,94
DA:3,94
DA:19,408
DA:20,12
DA:21,12
DA:25,4
DA:26,4
DA:27,2
DA:28,2
DA:29,2
DA:30,2
DA:31,2
DA:33,2
DA:34,2
DA:35,2
DA:36,2
DA:37,2
DA:42,0
DA:46,4
DA:50,0
DA:51,0
DA:53,0
DA:57,4
LF:23
LH:19
BRDA:19,0,0,396
BRDA:21,1,0,12
BRDA:21,1,1,6
BRDA:26,2,0,2
BRDA:34,3,0,2
BRDA:50,4,0,0
BRF:6
BRH:5
end_of_record
TN:
SF:src/utils/parse/platforms/whatsapp/index.ts
FN:24,(anonymous_0)
FN:25,(anonymous_1)
FN:32,(anonymous_2)
FN:48,(anonymous_3)
FN:52,(anonymous_4)
FN:56,(anonymous_5)
FN:61,(anonymous_6)
FNF:7
FNH:5
FNDA:332,(anonymous_0)
FNDA:982,(anonymous_1)
FNDA:4,(anonymous_2)
FNDA:0,(anonymous_3)
FNDA:2,(anonymous_4)
FNDA:0,(anonymous_5)
FNDA:4,(anonymous_6)
DA:1,94
DA:2,94
DA:4,94
DA:5,94
DA:6,94
DA:8,94
DA:25,982
DA:26,10
DA:27,6
DA:28,4
DA:29,0
DA:33,4
DA:34,4
DA:35,2
DA:36,2
DA:37,2
DA:38,2
DA:40,2
DA:41,2
DA:42,2
DA:43,2
DA:44,2
DA:49,0
DA:53,2
DA:57,0
DA:58,0
DA:62,4
LF:27
LH:23
BRDA:25,0,0,322
BRDA:26,1,0,4
BRDA:27,2,0,2
BRDA:28,3,0,4
BRDA:33,4,0,4
BRDA:33,4,1,2
BRDA:34,5,0,2
BRDA:41,6,0,2
BRDA:57,7,0,0
BRF:9
BRH:8
end_of_record
TN:
SF:src/utils/parse/platforms/wish/index.ts
FN:17,(anonymous_0)
FN:19,(anonymous_1)
FN:24,(anonymous_2)
FN:25,(anonymous_3)
FN:26,(anonymous_4)
FN:27,(anonymous_5)
FNF:6
FNH:3
FNDA:244,(anonymous_0)
FNDA:2,(anonymous_1)
FNDA:0,(anonymous_2)
FNDA:0,(anonymous_3)
FNDA:0,(anonymous_4)
FNDA:2,(anonymous_5)
DA:1,94
DA:2,94
DA:4,94
DA:6,94
DA:8,94
DA:17,244
DA:20,2
DA:21,2
DA:24,0
DA:25,0
DA:26,0
DA:27,2
LF:12
LH:9
BRDA:17,0,0,244
BRDA:17,0,1,6
BRDA:21,1,0,2
BRF:3
BRH:3
end_of_record
TN:
SF:src/utils/parse/platforms/youtube/index.ts
FN:29,(anonymous_0)
FN:30,(anonymous_1)
FN:43,(anonymous_2)
FN:118,(anonymous_3)
FN:122,(anonymous_4)
FN:130,(anonymous_5)
FN:136,(anonymous_6)
FN:141,(anonymous_7)
FN:146,(anonymous_8)
FN:154,(anonymous_9)
FN:160,(anonymous_10)
FNF:11
FNH:7
FNDA:464,(anonymous_0)
FNDA:1276,(anonymous_1)
FNDA:24,(anonymous_2)
FNDA:0,(anonymous_3)
FNDA:10,(anonymous_4)
FNDA:0,(anonymous_5)
FNDA:44,(anonymous_6)
FNDA:0,(anonymous_7)
FNDA:10,(anonymous_8)
FNDA:0,(anonymous_9)
FNDA:24,(anonymous_10)
DA:1,94
DA:2,94
DA:4,94
DA:30,1276
DA:33,60
DA:34,46
DA:35,46
DA:36,250
DA:40,10
DA:45,24
DA:46,24
DA:47,2
DA:48,2
DA:49,2
DA:50,2
DA:54,22
DA:55,22
DA:56,2
DA:57,2
DA:58,2
DA:59,2
DA:63,20
DA:64,20
DA:66,6
DA:67,2
DA:69,4
DA:71,6
DA:72,6
DA:73,6
DA:77,14
DA:78,14
DA:79,14
DA:80,4
DA:81,4
DA:82,4
DA:83,4
DA:86,4
DA:87,4
DA:88,4
DA:92,10
DA:93,10
DA:94,2
DA:95,2
DA:96,2
DA:97,2
DA:101,8
DA:102,8
DA:103,2
DA:104,2
DA:105,2
DA:106,2
DA:110,6
DA:111,6
DA:112,6
DA:113,6
DA:114,6
DA:119,0
DA:123,10
DA:124,10
DA:125,0
DA:127,10
DA:131,0
DA:132,0
DA:133,0
DA:137,44
DA:138,44
DA:142,0
DA:143,0
DA:147,10
DA:148,10
DA:149,10
DA:150,10
DA:151,10
DA:155,0
DA:156,0
DA:157,0
DA:162,24
DA:163,24
DA:164,2
DA:166,22
DA:167,22
DA:168,10
DA:169,10
DA:171,12
LF:84
LH:74
BRDA:30,0,0,404
BRDA:33,1,0,14
BRDA:34,2,0,46
BRDA:36,3,0,36
BRDA:36,4,0,250
BRDA:36,4,1,250
BRDA:46,5,0,2
BRDA:55,6,0,2
BRDA:63,7,0,20
BRDA:63,7,1,18
BRDA:63,7,2,16
BRDA:64,8,0,6
BRDA:66,9,0,2
BRDA:66,9,1,4
BRDA:66,10,0,6
BRDA:66,10,1,2
BRDA:79,11,0,4
BRDA:79,12,0,14
BRDA:79,12,1,12
BRDA:80,13,0,4
BRDA:80,13,1,2
BRDA:87,14,0,2
BRDA:93,15,0,2
BRDA:102,16,0,2
BRDA:111,17,0,6
BRDA:124,18,0,0
BRDA:124,19,0,10
BRDA:124,19,1,0
BRDA:131,20,0,0
BRDA:132,21,0,0
BRDA:143,22,0,0
BRDA:143,22,1,0
BRDA:148,23,0,0
BRDA:149,24,0,0
BRDA:151,25,0,0
BRDA:151,25,1,10
BRDA:156,26,0,0
BRDA:163,27,0,2
BRDA:166,28,0,22
BRDA:166,28,1,18
BRDA:166,28,2,16
BRDA:167,29,0,10
BRDA:168,30,0,10
BRDA:168,30,1,0
BRF:44
BRH:33
end_of_record
TN:
SF:src/utils/parse/utils/url.ts
FN:8,stripTrackingParams
FN:23,(anonymous_1)
FN:31,ensureHttps
FN:44,removeTrailingSlash
FN:51,normalize
FNF:5
FNH:5
FNDA:966,stripTrackingParams
FNDA:6762,(anonymous_1)
FNDA:966,ensureHttps
FNDA:966,removeTrailingSlash
FNDA:966,normalize
DA:8,94
DA:9,966
DA:11,966
DA:23,6762
DA:25,966
DA:31,94
DA:32,966
DA:33,0
DA:35,966
DA:36,0
DA:38,966
DA:44,94
DA:45,966
DA:51,94
DA:52,966
LF:15
LH:13
BRDA:9,0,0,966
BRDA:9,0,1,0
BRDA:25,1,0,54
BRDA:25,1,1,912
BRDA:32,2,0,0
BRDA:35,3,0,0
BRDA:45,4,0,30
BRDA:45,4,1,936
BRF:8
BRH:5
end_of_record
